<?xml version="1.0" encoding="UTF-8"?>
<testsuites name="Data Structure Visualizer Tests" tests="93" failures="45" errors="0" time="13.928">
  <testsuite name="AnimationContext" errors="0" failures="0" skipped="0" timestamp="2025-08-12T02:40:18" time="1.907" tests="10">
    <testcase classname="AnimationContext provides initial state correctly" name="AnimationContext provides initial state correctly" time="0.054">
    </testcase>
    <testcase classname="AnimationContext setGlobalAnimationRunning updates state correctly" name="AnimationContext setGlobalAnimationRunning updates state correctly" time="0.01">
    </testcase>
    <testcase classname="AnimationContext registerAnimation adds animation to active list" name="AnimationContext registerAnimation adds animation to active list" time="0.006">
    </testcase>
    <testcase classname="AnimationContext unregisterAnimation removes animation from active list" name="AnimationContext unregisterAnimation removes animation from active list" time="0.008">
    </testcase>
    <testcase classname="AnimationContext pauseAllAnimations sets global state to false" name="AnimationContext pauseAllAnimations sets global state to false" time="0.004">
    </testcase>
    <testcase classname="AnimationContext resumeAllAnimations sets global state to true" name="AnimationContext resumeAllAnimations sets global state to true" time="0.002">
    </testcase>
    <testcase classname="AnimationContext resetAllAnimations sets global state to false" name="AnimationContext resetAllAnimations sets global state to false" time="0.003">
    </testcase>
    <testcase classname="AnimationContext registerAnimation handles duplicate IDs correctly" name="AnimationContext registerAnimation handles duplicate IDs correctly" time="0.002">
    </testcase>
    <testcase classname="AnimationContext unregisterAnimation handles non-existent IDs gracefully" name="AnimationContext unregisterAnimation handles non-existent IDs gracefully" time="0.004">
    </testcase>
    <testcase classname="AnimationContext context functions are stable across re-renders" name="AnimationContext context functions are stable across re-renders" time="0.003">
    </testcase>
  </testsuite>
  <testsuite name="AnimationUtils" errors="0" failures="14" skipped="0" timestamp="2025-08-12T02:40:18" time="2.078" tests="33">
    <testcase classname="AnimationUtils Constants ANIMATION_DURATION has correct values" name="AnimationUtils Constants ANIMATION_DURATION has correct values" time="0.009">
    </testcase>
    <testcase classname="AnimationUtils Constants ANIMATION_EASING has correct values" name="AnimationUtils Constants ANIMATION_EASING has correct values" time="0.002">
    </testcase>
    <testcase classname="AnimationUtils getAnimationStyles returns correct styles for add animation" name="AnimationUtils getAnimationStyles returns correct styles for add animation" time="0.001">
      <failure>Error: It seems you are interpolating a keyframe declaration (iCImlD) into an untagged string. This was supported in styled-components v3, but is not longer supported in v4 as keyframes are now injected on-demand. Please wrap your string in the css\`\` helper which ensures the styles are injected correctly. See https://www.styled-components.com/docs/api#css
    at de (D:\projects\DATASTRUICTURE-VISUALIZER\node_modules\styled-components\src\utils\error.ts:34:149)
    at e.&lt;anonymous&gt; (D:\projects\DATASTRUICTURE-VISUALIZER\node_modules\styled-components\src\models\Keyframes.ts:14:15)
    at getAnimationStyles (D:\projects\DATASTRUICTURE-VISUALIZER\src\components\utils\AnimationUtils.ts:102:28)
    at Object.&lt;anonymous&gt; (D:\projects\DATASTRUICTURE-VISUALIZER\src\components\utils\AnimationUtils.test.ts:48:40)
    at Promise.finally.completed (D:\projects\DATASTRUICTURE-VISUALIZER\node_modules\jest-circus\build\jestAdapterInit.js:1559:28)
    at new Promise (&lt;anonymous&gt;)
    at callAsyncCircusFn (D:\projects\DATASTRUICTURE-VISUALIZER\node_modules\jest-circus\build\jestAdapterInit.js:1499:10)
    at _callCircusTest (D:\projects\DATASTRUICTURE-VISUALIZER\node_modules\jest-circus\build\jestAdapterInit.js:1009:40)
    at processTicksAndRejections (node:internal/process/task_queues:105:5)
    at _runTest (D:\projects\DATASTRUICTURE-VISUALIZER\node_modules\jest-circus\build\jestAdapterInit.js:949:3)
    at _runTestsForDescribeBlock (D:\projects\DATASTRUICTURE-VISUALIZER\node_modules\jest-circus\build\jestAdapterInit.js:839:13)
    at _runTestsForDescribeBlock (D:\projects\DATASTRUICTURE-VISUALIZER\node_modules\jest-circus\build\jestAdapterInit.js:829:11)
    at _runTestsForDescribeBlock (D:\projects\DATASTRUICTURE-VISUALIZER\node_modules\jest-circus\build\jestAdapterInit.js:829:11)
    at run (D:\projects\DATASTRUICTURE-VISUALIZER\node_modules\jest-circus\build\jestAdapterInit.js:757:3)
    at runAndTransformResultsToJestFormat (D:\projects\DATASTRUICTURE-VISUALIZER\node_modules\jest-circus\build\jestAdapterInit.js:1920:21)
    at jestAdapter (D:\projects\DATASTRUICTURE-VISUALIZER\node_modules\jest-circus\build\runner.js:101:19)
    at runTestInternal (D:\projects\DATASTRUICTURE-VISUALIZER\node_modules\jest-runner\build\testWorker.js:275:16)
    at runTest (D:\projects\DATASTRUICTURE-VISUALIZER\node_modules\jest-runner\build\testWorker.js:343:7)
    at Object.worker (D:\projects\DATASTRUICTURE-VISUALIZER\node_modules\jest-runner\build\testWorker.js:497:12)</failure>
    </testcase>
    <testcase classname="AnimationUtils getAnimationStyles returns correct styles for remove animation" name="AnimationUtils getAnimationStyles returns correct styles for remove animation" time="0">
      <failure>Error: It seems you are interpolating a keyframe declaration (brxydN) into an untagged string. This was supported in styled-components v3, but is not longer supported in v4 as keyframes are now injected on-demand. Please wrap your string in the css\`\` helper which ensures the styles are injected correctly. See https://www.styled-components.com/docs/api#css
    at de (D:\projects\DATASTRUICTURE-VISUALIZER\node_modules\styled-components\src\utils\error.ts:34:149)
    at e.&lt;anonymous&gt; (D:\projects\DATASTRUICTURE-VISUALIZER\node_modules\styled-components\src\models\Keyframes.ts:14:15)
    at getAnimationStyles (D:\projects\DATASTRUICTURE-VISUALIZER\src\components\utils\AnimationUtils.ts:104:28)
    at Object.&lt;anonymous&gt; (D:\projects\DATASTRUICTURE-VISUALIZER\src\components\utils\AnimationUtils.test.ts:54:40)
    at Promise.finally.completed (D:\projects\DATASTRUICTURE-VISUALIZER\node_modules\jest-circus\build\jestAdapterInit.js:1559:28)
    at new Promise (&lt;anonymous&gt;)
    at callAsyncCircusFn (D:\projects\DATASTRUICTURE-VISUALIZER\node_modules\jest-circus\build\jestAdapterInit.js:1499:10)
    at _callCircusTest (D:\projects\DATASTRUICTURE-VISUALIZER\node_modules\jest-circus\build\jestAdapterInit.js:1009:40)
    at processTicksAndRejections (node:internal/process/task_queues:105:5)
    at _runTest (D:\projects\DATASTRUICTURE-VISUALIZER\node_modules\jest-circus\build\jestAdapterInit.js:949:3)
    at _runTestsForDescribeBlock (D:\projects\DATASTRUICTURE-VISUALIZER\node_modules\jest-circus\build\jestAdapterInit.js:839:13)
    at _runTestsForDescribeBlock (D:\projects\DATASTRUICTURE-VISUALIZER\node_modules\jest-circus\build\jestAdapterInit.js:829:11)
    at _runTestsForDescribeBlock (D:\projects\DATASTRUICTURE-VISUALIZER\node_modules\jest-circus\build\jestAdapterInit.js:829:11)
    at run (D:\projects\DATASTRUICTURE-VISUALIZER\node_modules\jest-circus\build\jestAdapterInit.js:757:3)
    at runAndTransformResultsToJestFormat (D:\projects\DATASTRUICTURE-VISUALIZER\node_modules\jest-circus\build\jestAdapterInit.js:1920:21)
    at jestAdapter (D:\projects\DATASTRUICTURE-VISUALIZER\node_modules\jest-circus\build\runner.js:101:19)
    at runTestInternal (D:\projects\DATASTRUICTURE-VISUALIZER\node_modules\jest-runner\build\testWorker.js:275:16)
    at runTest (D:\projects\DATASTRUICTURE-VISUALIZER\node_modules\jest-runner\build\testWorker.js:343:7)
    at Object.worker (D:\projects\DATASTRUICTURE-VISUALIZER\node_modules\jest-runner\build\testWorker.js:497:12)</failure>
    </testcase>
    <testcase classname="AnimationUtils getAnimationStyles returns correct styles for highlight animation" name="AnimationUtils getAnimationStyles returns correct styles for highlight animation" time="0.001">
      <failure>Error: It seems you are interpolating a keyframe declaration (htChAg) into an untagged string. This was supported in styled-components v3, but is not longer supported in v4 as keyframes are now injected on-demand. Please wrap your string in the css\`\` helper which ensures the styles are injected correctly. See https://www.styled-components.com/docs/api#css
    at de (D:\projects\DATASTRUICTURE-VISUALIZER\node_modules\styled-components\src\utils\error.ts:34:149)
    at e.&lt;anonymous&gt; (D:\projects\DATASTRUICTURE-VISUALIZER\node_modules\styled-components\src\models\Keyframes.ts:14:15)
    at getAnimationStyles (D:\projects\DATASTRUICTURE-VISUALIZER\src\components\utils\AnimationUtils.ts:106:28)
    at Object.&lt;anonymous&gt; (D:\projects\DATASTRUICTURE-VISUALIZER\src\components\utils\AnimationUtils.test.ts:60:40)
    at Promise.finally.completed (D:\projects\DATASTRUICTURE-VISUALIZER\node_modules\jest-circus\build\jestAdapterInit.js:1559:28)
    at new Promise (&lt;anonymous&gt;)
    at callAsyncCircusFn (D:\projects\DATASTRUICTURE-VISUALIZER\node_modules\jest-circus\build\jestAdapterInit.js:1499:10)
    at _callCircusTest (D:\projects\DATASTRUICTURE-VISUALIZER\node_modules\jest-circus\build\jestAdapterInit.js:1009:40)
    at processTicksAndRejections (node:internal/process/task_queues:105:5)
    at _runTest (D:\projects\DATASTRUICTURE-VISUALIZER\node_modules\jest-circus\build\jestAdapterInit.js:949:3)
    at _runTestsForDescribeBlock (D:\projects\DATASTRUICTURE-VISUALIZER\node_modules\jest-circus\build\jestAdapterInit.js:839:13)
    at _runTestsForDescribeBlock (D:\projects\DATASTRUICTURE-VISUALIZER\node_modules\jest-circus\build\jestAdapterInit.js:829:11)
    at _runTestsForDescribeBlock (D:\projects\DATASTRUICTURE-VISUALIZER\node_modules\jest-circus\build\jestAdapterInit.js:829:11)
    at run (D:\projects\DATASTRUICTURE-VISUALIZER\node_modules\jest-circus\build\jestAdapterInit.js:757:3)
    at runAndTransformResultsToJestFormat (D:\projects\DATASTRUICTURE-VISUALIZER\node_modules\jest-circus\build\jestAdapterInit.js:1920:21)
    at jestAdapter (D:\projects\DATASTRUICTURE-VISUALIZER\node_modules\jest-circus\build\runner.js:101:19)
    at runTestInternal (D:\projects\DATASTRUICTURE-VISUALIZER\node_modules\jest-runner\build\testWorker.js:275:16)
    at runTest (D:\projects\DATASTRUICTURE-VISUALIZER\node_modules\jest-runner\build\testWorker.js:343:7)
    at Object.worker (D:\projects\DATASTRUICTURE-VISUALIZER\node_modules\jest-runner\build\testWorker.js:497:12)</failure>
    </testcase>
    <testcase classname="AnimationUtils getAnimationStyles returns correct styles for move animation" name="AnimationUtils getAnimationStyles returns correct styles for move animation" time="0">
      <failure>Error: It seems you are interpolating a keyframe declaration (jfzBPv) into an untagged string. This was supported in styled-components v3, but is not longer supported in v4 as keyframes are now injected on-demand. Please wrap your string in the css\`\` helper which ensures the styles are injected correctly. See https://www.styled-components.com/docs/api#css
    at de (D:\projects\DATASTRUICTURE-VISUALIZER\node_modules\styled-components\src\utils\error.ts:34:149)
    at e.&lt;anonymous&gt; (D:\projects\DATASTRUICTURE-VISUALIZER\node_modules\styled-components\src\models\Keyframes.ts:14:15)
    at getAnimationStyles (D:\projects\DATASTRUICTURE-VISUALIZER\src\components\utils\AnimationUtils.ts:108:28)
    at Object.&lt;anonymous&gt; (D:\projects\DATASTRUICTURE-VISUALIZER\src\components\utils\AnimationUtils.test.ts:66:40)
    at Promise.finally.completed (D:\projects\DATASTRUICTURE-VISUALIZER\node_modules\jest-circus\build\jestAdapterInit.js:1559:28)
    at new Promise (&lt;anonymous&gt;)
    at callAsyncCircusFn (D:\projects\DATASTRUICTURE-VISUALIZER\node_modules\jest-circus\build\jestAdapterInit.js:1499:10)
    at _callCircusTest (D:\projects\DATASTRUICTURE-VISUALIZER\node_modules\jest-circus\build\jestAdapterInit.js:1009:40)
    at processTicksAndRejections (node:internal/process/task_queues:105:5)
    at _runTest (D:\projects\DATASTRUICTURE-VISUALIZER\node_modules\jest-circus\build\jestAdapterInit.js:949:3)
    at _runTestsForDescribeBlock (D:\projects\DATASTRUICTURE-VISUALIZER\node_modules\jest-circus\build\jestAdapterInit.js:839:13)
    at _runTestsForDescribeBlock (D:\projects\DATASTRUICTURE-VISUALIZER\node_modules\jest-circus\build\jestAdapterInit.js:829:11)
    at _runTestsForDescribeBlock (D:\projects\DATASTRUICTURE-VISUALIZER\node_modules\jest-circus\build\jestAdapterInit.js:829:11)
    at run (D:\projects\DATASTRUICTURE-VISUALIZER\node_modules\jest-circus\build\jestAdapterInit.js:757:3)
    at runAndTransformResultsToJestFormat (D:\projects\DATASTRUICTURE-VISUALIZER\node_modules\jest-circus\build\jestAdapterInit.js:1920:21)
    at jestAdapter (D:\projects\DATASTRUICTURE-VISUALIZER\node_modules\jest-circus\build\runner.js:101:19)
    at runTestInternal (D:\projects\DATASTRUICTURE-VISUALIZER\node_modules\jest-runner\build\testWorker.js:275:16)
    at runTest (D:\projects\DATASTRUICTURE-VISUALIZER\node_modules\jest-runner\build\testWorker.js:343:7)
    at Object.worker (D:\projects\DATASTRUICTURE-VISUALIZER\node_modules\jest-runner\build\testWorker.js:497:12)</failure>
    </testcase>
    <testcase classname="AnimationUtils getAnimationStyles returns correct styles for update animation" name="AnimationUtils getAnimationStyles returns correct styles for update animation" time="0.001">
      <failure>Error: It seems you are interpolating a keyframe declaration (byvRAa) into an untagged string. This was supported in styled-components v3, but is not longer supported in v4 as keyframes are now injected on-demand. Please wrap your string in the css\`\` helper which ensures the styles are injected correctly. See https://www.styled-components.com/docs/api#css
    at de (D:\projects\DATASTRUICTURE-VISUALIZER\node_modules\styled-components\src\utils\error.ts:34:149)
    at e.&lt;anonymous&gt; (D:\projects\DATASTRUICTURE-VISUALIZER\node_modules\styled-components\src\models\Keyframes.ts:14:15)
    at getAnimationStyles (D:\projects\DATASTRUICTURE-VISUALIZER\src\components\utils\AnimationUtils.ts:110:28)
    at Object.&lt;anonymous&gt; (D:\projects\DATASTRUICTURE-VISUALIZER\src\components\utils\AnimationUtils.test.ts:72:40)
    at Promise.finally.completed (D:\projects\DATASTRUICTURE-VISUALIZER\node_modules\jest-circus\build\jestAdapterInit.js:1559:28)
    at new Promise (&lt;anonymous&gt;)
    at callAsyncCircusFn (D:\projects\DATASTRUICTURE-VISUALIZER\node_modules\jest-circus\build\jestAdapterInit.js:1499:10)
    at _callCircusTest (D:\projects\DATASTRUICTURE-VISUALIZER\node_modules\jest-circus\build\jestAdapterInit.js:1009:40)
    at processTicksAndRejections (node:internal/process/task_queues:105:5)
    at _runTest (D:\projects\DATASTRUICTURE-VISUALIZER\node_modules\jest-circus\build\jestAdapterInit.js:949:3)
    at _runTestsForDescribeBlock (D:\projects\DATASTRUICTURE-VISUALIZER\node_modules\jest-circus\build\jestAdapterInit.js:839:13)
    at _runTestsForDescribeBlock (D:\projects\DATASTRUICTURE-VISUALIZER\node_modules\jest-circus\build\jestAdapterInit.js:829:11)
    at _runTestsForDescribeBlock (D:\projects\DATASTRUICTURE-VISUALIZER\node_modules\jest-circus\build\jestAdapterInit.js:829:11)
    at run (D:\projects\DATASTRUICTURE-VISUALIZER\node_modules\jest-circus\build\jestAdapterInit.js:757:3)
    at runAndTransformResultsToJestFormat (D:\projects\DATASTRUICTURE-VISUALIZER\node_modules\jest-circus\build\jestAdapterInit.js:1920:21)
    at jestAdapter (D:\projects\DATASTRUICTURE-VISUALIZER\node_modules\jest-circus\build\runner.js:101:19)
    at runTestInternal (D:\projects\DATASTRUICTURE-VISUALIZER\node_modules\jest-runner\build\testWorker.js:275:16)
    at runTest (D:\projects\DATASTRUICTURE-VISUALIZER\node_modules\jest-runner\build\testWorker.js:343:7)
    at Object.worker (D:\projects\DATASTRUICTURE-VISUALIZER\node_modules\jest-runner\build\testWorker.js:497:12)</failure>
    </testcase>
    <testcase classname="AnimationUtils getAnimationStyles returns default styles for unknown animation type" name="AnimationUtils getAnimationStyles returns default styles for unknown animation type" time="0">
      <failure>Error: It seems you are interpolating a keyframe declaration (iAjNNh) into an untagged string. This was supported in styled-components v3, but is not longer supported in v4 as keyframes are now injected on-demand. Please wrap your string in the css\`\` helper which ensures the styles are injected correctly. See https://www.styled-components.com/docs/api#css
    at de (D:\projects\DATASTRUICTURE-VISUALIZER\node_modules\styled-components\src\utils\error.ts:34:149)
    at e.&lt;anonymous&gt; (D:\projects\DATASTRUICTURE-VISUALIZER\node_modules\styled-components\src\models\Keyframes.ts:14:15)
    at getAnimationStyles (D:\projects\DATASTRUICTURE-VISUALIZER\src\components\utils\AnimationUtils.ts:112:28)
    at Object.&lt;anonymous&gt; (D:\projects\DATASTRUICTURE-VISUALIZER\src\components\utils\AnimationUtils.test.ts:78:40)
    at Promise.finally.completed (D:\projects\DATASTRUICTURE-VISUALIZER\node_modules\jest-circus\build\jestAdapterInit.js:1559:28)
    at new Promise (&lt;anonymous&gt;)
    at callAsyncCircusFn (D:\projects\DATASTRUICTURE-VISUALIZER\node_modules\jest-circus\build\jestAdapterInit.js:1499:10)
    at _callCircusTest (D:\projects\DATASTRUICTURE-VISUALIZER\node_modules\jest-circus\build\jestAdapterInit.js:1009:40)
    at processTicksAndRejections (node:internal/process/task_queues:105:5)
    at _runTest (D:\projects\DATASTRUICTURE-VISUALIZER\node_modules\jest-circus\build\jestAdapterInit.js:949:3)
    at _runTestsForDescribeBlock (D:\projects\DATASTRUICTURE-VISUALIZER\node_modules\jest-circus\build\jestAdapterInit.js:839:13)
    at _runTestsForDescribeBlock (D:\projects\DATASTRUICTURE-VISUALIZER\node_modules\jest-circus\build\jestAdapterInit.js:829:11)
    at _runTestsForDescribeBlock (D:\projects\DATASTRUICTURE-VISUALIZER\node_modules\jest-circus\build\jestAdapterInit.js:829:11)
    at run (D:\projects\DATASTRUICTURE-VISUALIZER\node_modules\jest-circus\build\jestAdapterInit.js:757:3)
    at runAndTransformResultsToJestFormat (D:\projects\DATASTRUICTURE-VISUALIZER\node_modules\jest-circus\build\jestAdapterInit.js:1920:21)
    at jestAdapter (D:\projects\DATASTRUICTURE-VISUALIZER\node_modules\jest-circus\build\runner.js:101:19)
    at runTestInternal (D:\projects\DATASTRUICTURE-VISUALIZER\node_modules\jest-runner\build\testWorker.js:275:16)
    at runTest (D:\projects\DATASTRUICTURE-VISUALIZER\node_modules\jest-runner\build\testWorker.js:343:7)
    at Object.worker (D:\projects\DATASTRUICTURE-VISUALIZER\node_modules\jest-runner\build\testWorker.js:497:12)</failure>
    </testcase>
    <testcase classname="AnimationUtils getAnimationStyles uses default duration when not provided" name="AnimationUtils getAnimationStyles uses default duration when not provided" time="0.001">
      <failure>Error: It seems you are interpolating a keyframe declaration (iCImlD) into an untagged string. This was supported in styled-components v3, but is not longer supported in v4 as keyframes are now injected on-demand. Please wrap your string in the css\`\` helper which ensures the styles are injected correctly. See https://www.styled-components.com/docs/api#css
    at de (D:\projects\DATASTRUICTURE-VISUALIZER\node_modules\styled-components\src\utils\error.ts:34:149)
    at e.&lt;anonymous&gt; (D:\projects\DATASTRUICTURE-VISUALIZER\node_modules\styled-components\src\models\Keyframes.ts:14:15)
    at getAnimationStyles (D:\projects\DATASTRUICTURE-VISUALIZER\src\components\utils\AnimationUtils.ts:102:28)
    at Object.&lt;anonymous&gt; (D:\projects\DATASTRUICTURE-VISUALIZER\src\components\utils\AnimationUtils.test.ts:84:40)
    at Promise.finally.completed (D:\projects\DATASTRUICTURE-VISUALIZER\node_modules\jest-circus\build\jestAdapterInit.js:1559:28)
    at new Promise (&lt;anonymous&gt;)
    at callAsyncCircusFn (D:\projects\DATASTRUICTURE-VISUALIZER\node_modules\jest-circus\build\jestAdapterInit.js:1499:10)
    at _callCircusTest (D:\projects\DATASTRUICTURE-VISUALIZER\node_modules\jest-circus\build\jestAdapterInit.js:1009:40)
    at processTicksAndRejections (node:internal/process/task_queues:105:5)
    at _runTest (D:\projects\DATASTRUICTURE-VISUALIZER\node_modules\jest-circus\build\jestAdapterInit.js:949:3)
    at _runTestsForDescribeBlock (D:\projects\DATASTRUICTURE-VISUALIZER\node_modules\jest-circus\build\jestAdapterInit.js:839:13)
    at _runTestsForDescribeBlock (D:\projects\DATASTRUICTURE-VISUALIZER\node_modules\jest-circus\build\jestAdapterInit.js:829:11)
    at _runTestsForDescribeBlock (D:\projects\DATASTRUICTURE-VISUALIZER\node_modules\jest-circus\build\jestAdapterInit.js:829:11)
    at run (D:\projects\DATASTRUICTURE-VISUALIZER\node_modules\jest-circus\build\jestAdapterInit.js:757:3)
    at runAndTransformResultsToJestFormat (D:\projects\DATASTRUICTURE-VISUALIZER\node_modules\jest-circus\build\jestAdapterInit.js:1920:21)
    at jestAdapter (D:\projects\DATASTRUICTURE-VISUALIZER\node_modules\jest-circus\build\runner.js:101:19)
    at runTestInternal (D:\projects\DATASTRUICTURE-VISUALIZER\node_modules\jest-runner\build\testWorker.js:275:16)
    at runTest (D:\projects\DATASTRUICTURE-VISUALIZER\node_modules\jest-runner\build\testWorker.js:343:7)
    at Object.worker (D:\projects\DATASTRUICTURE-VISUALIZER\node_modules\jest-runner\build\testWorker.js:497:12)</failure>
    </testcase>
    <testcase classname="AnimationUtils delay function resolves after specified time" name="AnimationUtils delay function resolves after specified time" time="0.007">
    </testcase>
    <testcase classname="AnimationUtils delay function resolves with void" name="AnimationUtils delay function resolves with void" time="0.001">
    </testcase>
    <testcase classname="AnimationUtils safeTimeout function executes callback after specified time" name="AnimationUtils safeTimeout function executes callback after specified time" time="0.004">
    </testcase>
    <testcase classname="AnimationUtils safeTimeout function resolves promise after callback execution" name="AnimationUtils safeTimeout function resolves promise after callback execution" time="0.001">
    </testcase>
    <testcase classname="AnimationUtils safeTimeout function handles callback errors gracefully" name="AnimationUtils safeTimeout function handles callback errors gracefully" time="0.115">
      <failure>Error: expect(jest.fn()).toHaveBeenCalledWith(...expected)

Expected: &quot;Error in safeTimeout callback:&quot;, Any&lt;Error&gt;

Number of calls: 0
    at D:\projects\DATASTRUICTURE-VISUALIZER\src\components\utils\AnimationUtils.test.ts:171:28
    at Generator.next (&lt;anonymous&gt;)
    at fulfilled (D:\projects\DATASTRUICTURE-VISUALIZER\src\components\utils\AnimationUtils.test.ts:5:58)
    at processTicksAndRejections (node:internal/process/task_queues:105:5)</failure>
    </testcase>
    <testcase classname="AnimationUtils safeClearTimeout function returns false for null timeout" name="AnimationUtils safeClearTimeout function returns false for null timeout" time="0.001">
    </testcase>
    <testcase classname="AnimationUtils safeClearTimeout function returns true for valid timeout" name="AnimationUtils safeClearTimeout function returns true for valid timeout" time="0.001">
    </testcase>
    <testcase classname="AnimationUtils safeClearTimeout function handles clearTimeout errors" name="AnimationUtils safeClearTimeout function handles clearTimeout errors" time="0.008">
      <failure>Error: expect(jest.fn()).toHaveBeenCalledWith(...expected)

Expected: &quot;Error clearing timeout:&quot;, Any&lt;Error&gt;

Number of calls: 0
    at Object.&lt;anonymous&gt; (D:\projects\DATASTRUICTURE-VISUALIZER\src\components\utils\AnimationUtils.test.ts:206:28)
    at Promise.finally.completed (D:\projects\DATASTRUICTURE-VISUALIZER\node_modules\jest-circus\build\jestAdapterInit.js:1559:28)
    at new Promise (&lt;anonymous&gt;)
    at callAsyncCircusFn (D:\projects\DATASTRUICTURE-VISUALIZER\node_modules\jest-circus\build\jestAdapterInit.js:1499:10)
    at _callCircusTest (D:\projects\DATASTRUICTURE-VISUALIZER\node_modules\jest-circus\build\jestAdapterInit.js:1009:40)
    at processTicksAndRejections (node:internal/process/task_queues:105:5)
    at _runTest (D:\projects\DATASTRUICTURE-VISUALIZER\node_modules\jest-circus\build\jestAdapterInit.js:949:3)
    at _runTestsForDescribeBlock (D:\projects\DATASTRUICTURE-VISUALIZER\node_modules\jest-circus\build\jestAdapterInit.js:839:13)
    at _runTestsForDescribeBlock (D:\projects\DATASTRUICTURE-VISUALIZER\node_modules\jest-circus\build\jestAdapterInit.js:829:11)
    at _runTestsForDescribeBlock (D:\projects\DATASTRUICTURE-VISUALIZER\node_modules\jest-circus\build\jestAdapterInit.js:829:11)
    at run (D:\projects\DATASTRUICTURE-VISUALIZER\node_modules\jest-circus\build\jestAdapterInit.js:757:3)
    at runAndTransformResultsToJestFormat (D:\projects\DATASTRUICTURE-VISUALIZER\node_modules\jest-circus\build\jestAdapterInit.js:1920:21)
    at jestAdapter (D:\projects\DATASTRUICTURE-VISUALIZER\node_modules\jest-circus\build\runner.js:101:19)
    at runTestInternal (D:\projects\DATASTRUICTURE-VISUALIZER\node_modules\jest-runner\build\testWorker.js:275:16)
    at runTest (D:\projects\DATASTRUICTURE-VISUALIZER\node_modules\jest-runner\build\testWorker.js:343:7)
    at Object.worker (D:\projects\DATASTRUICTURE-VISUALIZER\node_modules\jest-runner\build\testWorker.js:497:12)</failure>
    </testcase>
    <testcase classname="AnimationUtils safeRequestAnimationFrame function calls requestAnimationFrame with callback" name="AnimationUtils safeRequestAnimationFrame function calls requestAnimationFrame with callback" time="0.002">
    </testcase>
    <testcase classname="AnimationUtils safeRequestAnimationFrame function handles requestAnimationFrame errors with setTimeout fallback" name="AnimationUtils safeRequestAnimationFrame function handles requestAnimationFrame errors with setTimeout fallback" time="0.01">
      <failure>Error: expect(jest.fn()).toHaveBeenCalledWith(...expected)

Expected: &quot;Error in requestAnimationFrame:&quot;, Any&lt;Error&gt;

Number of calls: 0
    at Object.&lt;anonymous&gt; (D:\projects\DATASTRUICTURE-VISUALIZER\src\components\utils\AnimationUtils.test.ts:236:28)
    at Promise.finally.completed (D:\projects\DATASTRUICTURE-VISUALIZER\node_modules\jest-circus\build\jestAdapterInit.js:1559:28)
    at new Promise (&lt;anonymous&gt;)
    at callAsyncCircusFn (D:\projects\DATASTRUICTURE-VISUALIZER\node_modules\jest-circus\build\jestAdapterInit.js:1499:10)
    at _callCircusTest (D:\projects\DATASTRUICTURE-VISUALIZER\node_modules\jest-circus\build\jestAdapterInit.js:1009:40)
    at processTicksAndRejections (node:internal/process/task_queues:105:5)
    at _runTest (D:\projects\DATASTRUICTURE-VISUALIZER\node_modules\jest-circus\build\jestAdapterInit.js:949:3)
    at _runTestsForDescribeBlock (D:\projects\DATASTRUICTURE-VISUALIZER\node_modules\jest-circus\build\jestAdapterInit.js:839:13)
    at _runTestsForDescribeBlock (D:\projects\DATASTRUICTURE-VISUALIZER\node_modules\jest-circus\build\jestAdapterInit.js:829:11)
    at _runTestsForDescribeBlock (D:\projects\DATASTRUICTURE-VISUALIZER\node_modules\jest-circus\build\jestAdapterInit.js:829:11)
    at run (D:\projects\DATASTRUICTURE-VISUALIZER\node_modules\jest-circus\build\jestAdapterInit.js:757:3)
    at runAndTransformResultsToJestFormat (D:\projects\DATASTRUICTURE-VISUALIZER\node_modules\jest-circus\build\jestAdapterInit.js:1920:21)
    at jestAdapter (D:\projects\DATASTRUICTURE-VISUALIZER\node_modules\jest-circus\build\runner.js:101:19)
    at runTestInternal (D:\projects\DATASTRUICTURE-VISUALIZER\node_modules\jest-runner\build\testWorker.js:275:16)
    at runTest (D:\projects\DATASTRUICTURE-VISUALIZER\node_modules\jest-runner\build\testWorker.js:343:7)
    at Object.worker (D:\projects\DATASTRUICTURE-VISUALIZER\node_modules\jest-runner\build\testWorker.js:497:12)</failure>
    </testcase>
    <testcase classname="AnimationUtils safeCancelAnimationFrame function returns false for null request ID" name="AnimationUtils safeCancelAnimationFrame function returns false for null request ID" time="0">
    </testcase>
    <testcase classname="AnimationUtils safeCancelAnimationFrame function returns true for valid request ID" name="AnimationUtils safeCancelAnimationFrame function returns true for valid request ID" time="0.001">
    </testcase>
    <testcase classname="AnimationUtils safeCancelAnimationFrame function handles cancelAnimationFrame errors" name="AnimationUtils safeCancelAnimationFrame function handles cancelAnimationFrame errors" time="0.008">
      <failure>Error: expect(jest.fn()).toHaveBeenCalledWith(...expected)

Expected: &quot;Error canceling animation frame:&quot;, Any&lt;Error&gt;

Number of calls: 0
    at Object.&lt;anonymous&gt; (D:\projects\DATASTRUICTURE-VISUALIZER\src\components\utils\AnimationUtils.test.ts:270:28)
    at Promise.finally.completed (D:\projects\DATASTRUICTURE-VISUALIZER\node_modules\jest-circus\build\jestAdapterInit.js:1559:28)
    at new Promise (&lt;anonymous&gt;)
    at callAsyncCircusFn (D:\projects\DATASTRUICTURE-VISUALIZER\node_modules\jest-circus\build\jestAdapterInit.js:1499:10)
    at _callCircusTest (D:\projects\DATASTRUICTURE-VISUALIZER\node_modules\jest-circus\build\jestAdapterInit.js:1009:40)
    at processTicksAndRejections (node:internal/process/task_queues:105:5)
    at _runTest (D:\projects\DATASTRUICTURE-VISUALIZER\node_modules\jest-circus\build\jestAdapterInit.js:949:3)
    at _runTestsForDescribeBlock (D:\projects\DATASTRUICTURE-VISUALIZER\node_modules\jest-circus\build\jestAdapterInit.js:839:13)
    at _runTestsForDescribeBlock (D:\projects\DATASTRUICTURE-VISUALIZER\node_modules\jest-circus\build\jestAdapterInit.js:829:11)
    at _runTestsForDescribeBlock (D:\projects\DATASTRUICTURE-VISUALIZER\node_modules\jest-circus\build\jestAdapterInit.js:829:11)
    at run (D:\projects\DATASTRUICTURE-VISUALIZER\node_modules\jest-circus\build\jestAdapterInit.js:757:3)
    at runAndTransformResultsToJestFormat (D:\projects\DATASTRUICTURE-VISUALIZER\node_modules\jest-circus\build\jestAdapterInit.js:1920:21)
    at jestAdapter (D:\projects\DATASTRUICTURE-VISUALIZER\node_modules\jest-circus\build\runner.js:101:19)
    at runTestInternal (D:\projects\DATASTRUICTURE-VISUALIZER\node_modules\jest-runner\build\testWorker.js:275:16)
    at runTest (D:\projects\DATASTRUICTURE-VISUALIZER\node_modules\jest-runner\build\testWorker.js:343:7)
    at Object.worker (D:\projects\DATASTRUICTURE-VISUALIZER\node_modules\jest-runner\build\testWorker.js:497:12)</failure>
    </testcase>
    <testcase classname="AnimationUtils createAnimatedStep function creates step with all parameters" name="AnimationUtils createAnimatedStep function creates step with all parameters" time="0.001">
    </testcase>
    <testcase classname="AnimationUtils createAnimatedStep function creates step with default parameters" name="AnimationUtils createAnimatedStep function creates step with default parameters" time="0.002">
    </testcase>
    <testcase classname="AnimationUtils createAnimatedStep function timestamp is recent" name="AnimationUtils createAnimatedStep function timestamp is recent" time="0.001">
    </testcase>
    <testcase classname="AnimationUtils cloneStep function creates deep copy of step" name="AnimationUtils cloneStep function creates deep copy of step" time="0.002">
    </testcase>
    <testcase classname="AnimationUtils cloneStep function handles step with undefined optional properties" name="AnimationUtils cloneStep function handles step with undefined optional properties" time="0">
    </testcase>
    <testcase classname="AnimationUtils cloneStep function properly clones complex state objects" name="AnimationUtils cloneStep function properly clones complex state objects" time="0.001">
    </testcase>
    <testcase classname="AnimationUtils measureAnimationPerformance function measures callback performance with default label" name="AnimationUtils measureAnimationPerformance function measures callback performance with default label" time="0.006">
      <failure>Error: expect(jest.fn()).toHaveBeenCalledWith(...expected)

Expected: &quot;Animation Performance: 123.45ms&quot;

Number of calls: 0
    at Object.&lt;anonymous&gt; (D:\projects\DATASTRUICTURE-VISUALIZER\src\components\utils\AnimationUtils.test.ts:407:26)
    at Promise.finally.completed (D:\projects\DATASTRUICTURE-VISUALIZER\node_modules\jest-circus\build\jestAdapterInit.js:1559:28)
    at new Promise (&lt;anonymous&gt;)
    at callAsyncCircusFn (D:\projects\DATASTRUICTURE-VISUALIZER\node_modules\jest-circus\build\jestAdapterInit.js:1499:10)
    at _callCircusTest (D:\projects\DATASTRUICTURE-VISUALIZER\node_modules\jest-circus\build\jestAdapterInit.js:1009:40)
    at processTicksAndRejections (node:internal/process/task_queues:105:5)
    at _runTest (D:\projects\DATASTRUICTURE-VISUALIZER\node_modules\jest-circus\build\jestAdapterInit.js:949:3)
    at _runTestsForDescribeBlock (D:\projects\DATASTRUICTURE-VISUALIZER\node_modules\jest-circus\build\jestAdapterInit.js:839:13)
    at _runTestsForDescribeBlock (D:\projects\DATASTRUICTURE-VISUALIZER\node_modules\jest-circus\build\jestAdapterInit.js:829:11)
    at _runTestsForDescribeBlock (D:\projects\DATASTRUICTURE-VISUALIZER\node_modules\jest-circus\build\jestAdapterInit.js:829:11)
    at run (D:\projects\DATASTRUICTURE-VISUALIZER\node_modules\jest-circus\build\jestAdapterInit.js:757:3)
    at runAndTransformResultsToJestFormat (D:\projects\DATASTRUICTURE-VISUALIZER\node_modules\jest-circus\build\jestAdapterInit.js:1920:21)
    at jestAdapter (D:\projects\DATASTRUICTURE-VISUALIZER\node_modules\jest-circus\build\runner.js:101:19)
    at runTestInternal (D:\projects\DATASTRUICTURE-VISUALIZER\node_modules\jest-runner\build\testWorker.js:275:16)
    at runTest (D:\projects\DATASTRUICTURE-VISUALIZER\node_modules\jest-runner\build\testWorker.js:343:7)
    at Object.worker (D:\projects\DATASTRUICTURE-VISUALIZER\node_modules\jest-runner\build\testWorker.js:497:12)</failure>
    </testcase>
    <testcase classname="AnimationUtils measureAnimationPerformance function measures callback performance with custom label" name="AnimationUtils measureAnimationPerformance function measures callback performance with custom label" time="0.006">
      <failure>Error: expect(jest.fn()).toHaveBeenCalledWith(...expected)

Expected: &quot;Custom Animation Test: 123.45ms&quot;

Number of calls: 0
    at Object.&lt;anonymous&gt; (D:\projects\DATASTRUICTURE-VISUALIZER\src\components\utils\AnimationUtils.test.ts:423:26)
    at Promise.finally.completed (D:\projects\DATASTRUICTURE-VISUALIZER\node_modules\jest-circus\build\jestAdapterInit.js:1559:28)
    at new Promise (&lt;anonymous&gt;)
    at callAsyncCircusFn (D:\projects\DATASTRUICTURE-VISUALIZER\node_modules\jest-circus\build\jestAdapterInit.js:1499:10)
    at _callCircusTest (D:\projects\DATASTRUICTURE-VISUALIZER\node_modules\jest-circus\build\jestAdapterInit.js:1009:40)
    at processTicksAndRejections (node:internal/process/task_queues:105:5)
    at _runTest (D:\projects\DATASTRUICTURE-VISUALIZER\node_modules\jest-circus\build\jestAdapterInit.js:949:3)
    at _runTestsForDescribeBlock (D:\projects\DATASTRUICTURE-VISUALIZER\node_modules\jest-circus\build\jestAdapterInit.js:839:13)
    at _runTestsForDescribeBlock (D:\projects\DATASTRUICTURE-VISUALIZER\node_modules\jest-circus\build\jestAdapterInit.js:829:11)
    at _runTestsForDescribeBlock (D:\projects\DATASTRUICTURE-VISUALIZER\node_modules\jest-circus\build\jestAdapterInit.js:829:11)
    at run (D:\projects\DATASTRUICTURE-VISUALIZER\node_modules\jest-circus\build\jestAdapterInit.js:757:3)
    at runAndTransformResultsToJestFormat (D:\projects\DATASTRUICTURE-VISUALIZER\node_modules\jest-circus\build\jestAdapterInit.js:1920:21)
    at jestAdapter (D:\projects\DATASTRUICTURE-VISUALIZER\node_modules\jest-circus\build\runner.js:101:19)
    at runTestInternal (D:\projects\DATASTRUICTURE-VISUALIZER\node_modules\jest-runner\build\testWorker.js:275:16)
    at runTest (D:\projects\DATASTRUICTURE-VISUALIZER\node_modules\jest-runner\build\testWorker.js:343:7)
    at Object.worker (D:\projects\DATASTRUICTURE-VISUALIZER\node_modules\jest-runner\build\testWorker.js:497:12)</failure>
    </testcase>
    <testcase classname="AnimationUtils measureAnimationPerformance function cleans up performance marks and measures" name="AnimationUtils measureAnimationPerformance function cleans up performance marks and measures" time="0.006">
    </testcase>
    <testcase classname="AnimationUtils measureAnimationPerformance function handles no measurement entries" name="AnimationUtils measureAnimationPerformance function handles no measurement entries" time="0">
    </testcase>
    <testcase classname="AnimationUtils measureAnimationPerformance function handles performance API errors" name="AnimationUtils measureAnimationPerformance function handles performance API errors" time="0.005">
      <failure>Error: expect(jest.fn()).toHaveBeenCalledWith(...expected)

Expected: &quot;Error measuring animation performance:&quot;, Any&lt;Error&gt;

Number of calls: 0
    at Object.&lt;anonymous&gt; (D:\projects\DATASTRUICTURE-VISUALIZER\src\components\utils\AnimationUtils.test.ts:455:28)
    at Promise.finally.completed (D:\projects\DATASTRUICTURE-VISUALIZER\node_modules\jest-circus\build\jestAdapterInit.js:1559:28)
    at new Promise (&lt;anonymous&gt;)
    at callAsyncCircusFn (D:\projects\DATASTRUICTURE-VISUALIZER\node_modules\jest-circus\build\jestAdapterInit.js:1499:10)
    at _callCircusTest (D:\projects\DATASTRUICTURE-VISUALIZER\node_modules\jest-circus\build\jestAdapterInit.js:1009:40)
    at processTicksAndRejections (node:internal/process/task_queues:105:5)
    at _runTest (D:\projects\DATASTRUICTURE-VISUALIZER\node_modules\jest-circus\build\jestAdapterInit.js:949:3)
    at _runTestsForDescribeBlock (D:\projects\DATASTRUICTURE-VISUALIZER\node_modules\jest-circus\build\jestAdapterInit.js:839:13)
    at _runTestsForDescribeBlock (D:\projects\DATASTRUICTURE-VISUALIZER\node_modules\jest-circus\build\jestAdapterInit.js:829:11)
    at _runTestsForDescribeBlock (D:\projects\DATASTRUICTURE-VISUALIZER\node_modules\jest-circus\build\jestAdapterInit.js:829:11)
    at run (D:\projects\DATASTRUICTURE-VISUALIZER\node_modules\jest-circus\build\jestAdapterInit.js:757:3)
    at runAndTransformResultsToJestFormat (D:\projects\DATASTRUICTURE-VISUALIZER\node_modules\jest-circus\build\jestAdapterInit.js:1920:21)
    at jestAdapter (D:\projects\DATASTRUICTURE-VISUALIZER\node_modules\jest-circus\build\runner.js:101:19)
    at runTestInternal (D:\projects\DATASTRUICTURE-VISUALIZER\node_modules\jest-runner\build\testWorker.js:275:16)
    at runTest (D:\projects\DATASTRUICTURE-VISUALIZER\node_modules\jest-runner\build\testWorker.js:343:7)
    at Object.worker (D:\projects\DATASTRUICTURE-VISUALIZER\node_modules\jest-runner\build\testWorker.js:497:12)</failure>
    </testcase>
  </testsuite>
  <testsuite name="Header Component" errors="0" failures="1" skipped="0" timestamp="2025-08-12T02:40:18" time="2.897" tests="10">
    <testcase classname="Header Component renders header with correct elements" name="Header Component renders header with correct elements" time="0.25">
    </testcase>
    <testcase classname="Header Component logo links to home page" name="Header Component logo links to home page" time="0.101">
    </testcase>
    <testcase classname="Header Component renders theme toggle button" name="Header Component renders theme toggle button" time="0.019">
    </testcase>
    <testcase classname="Header Component theme toggle shows correct text and icon" name="Header Component theme toggle shows correct text and icon" time="0.019">
      <failure>TestingLibraryElementError: Unable to find an element with the text: Light Mode. This could be because the text is broken up by multiple elements. In this case, you can provide a function for your text matcher to make your matcher more flexible.

Ignored nodes: comments, script, style
&lt;body
  class=&quot;light-mode&quot;
&gt;
  &lt;div&gt;
    &lt;header
      class=&quot;sc-bRKDuR jUlxfj&quot;
    &gt;
      &lt;a
        class=&quot;sc-hvigdm gJvOZy&quot;
        href=&quot;/&quot;
      &gt;
        &lt;div
          class=&quot;sc-jwTyAe fOZEax&quot;
        &gt;
          DS
        &lt;/div&gt;
        &lt;div
          class=&quot;sc-fhHczv iyFHAy&quot;
        &gt;
          &lt;span
            class=&quot;sc-ggWZvA gFZkzy&quot;
          &gt;
            Data Structure Visualizer
          &lt;/span&gt;
          &lt;span
            class=&quot;sc-dTvVRJ krCSxN&quot;
          &gt;
            by Dheeraj Kumar
          &lt;/span&gt;
        &lt;/div&gt;
      &lt;/a&gt;
      &lt;div
        class=&quot;sc-hjsuWn dqHMxk&quot;
      &gt;
        &lt;button
          aria-label=&quot;Switch to dark mode&quot;
          class=&quot;sc-jJLAfE dkGOIC&quot;
        &gt;
          &lt;svg
            fill=&quot;none&quot;
            height=&quot;16&quot;
            stroke=&quot;currentColor&quot;
            stroke-linecap=&quot;round&quot;
            stroke-linejoin=&quot;round&quot;
            stroke-width=&quot;2&quot;
            viewBox=&quot;0 0 24 24&quot;
            width=&quot;16&quot;
            xmlns=&quot;http://www.w3.org/2000/svg&quot;
          &gt;
            &lt;path
              d=&quot;M21 12.79A9 9 0 1 1 11.21 3 7 7 0 0 0 21 12.79z&quot;
            /&gt;
          &lt;/svg&gt;
           Dark Mode
        &lt;/button&gt;
        &lt;a
          aria-label=&quot;GitHub repository&quot;
          class=&quot;sc-hwkwBN jJnkrH&quot;
          href=&quot;https://github.com/dheerajkumargaur/DSA_Visualizer&quot;
          rel=&quot;noopener noreferrer&quot;
          target=&quot;_blank&quot;
        &gt;
          &lt;svg
            fill=&quot;none&quot;
            height=&quot;20&quot;
            stroke=&quot;currentColor&quot;
            stroke-linecap=&quot;round&quot;
            stroke-linejoin=&quot;round&quot;
            stroke-width=&quot;2&quot;
            viewBox=&quot;0 0 24 24&quot;
            width=&quot;20&quot;
            xmlns=&quot;http://www.w3.org/2000/svg&quot;
          &gt;
            &lt;path
              d=&quot;M9 19c-5 1.5-5-2.5-7-3m14 6v-3.87a3.37 3.37 0 0 0-.94-2.61c3.14-.35 6.44-1.54 6.44-7A5.44 5.44 0 0 0 20 4.77 5.07 5.07 0 0 0 19.91 1S18.73.65 16 2.48a13.38 13.38 0 0 0-7 0C6.27.65 5.09 1 5.09 1A5.07 5.07 0 0 0 5 4.77a5.44 5.44 0 0 0-1.5 3.78c0 5.42 3.3 6.61 6.44 7A3.37 3.37 0 0 0 9 18.13V22&quot;
            /&gt;
          &lt;/svg&gt;
        &lt;/a&gt;
      &lt;/div&gt;
    &lt;/header&gt;
  &lt;/div&gt;
&lt;/body&gt;
    at Object.getElementError (D:\projects\DATASTRUICTURE-VISUALIZER\node_modules\@testing-library\dom\dist\config.js:37:19)
    at D:\projects\DATASTRUICTURE-VISUALIZER\node_modules\@testing-library\dom\dist\query-helpers.js:76:38
    at D:\projects\DATASTRUICTURE-VISUALIZER\node_modules\@testing-library\dom\dist\query-helpers.js:52:17
    at D:\projects\DATASTRUICTURE-VISUALIZER\node_modules\@testing-library\dom\dist\query-helpers.js:95:19
    at Object.&lt;anonymous&gt; (D:\projects\DATASTRUICTURE-VISUALIZER\src\components\layout\Header.test.tsx:38:14)
    at Promise.finally.completed (D:\projects\DATASTRUICTURE-VISUALIZER\node_modules\jest-circus\build\jestAdapterInit.js:1559:28)
    at new Promise (&lt;anonymous&gt;)
    at callAsyncCircusFn (D:\projects\DATASTRUICTURE-VISUALIZER\node_modules\jest-circus\build\jestAdapterInit.js:1499:10)
    at _callCircusTest (D:\projects\DATASTRUICTURE-VISUALIZER\node_modules\jest-circus\build\jestAdapterInit.js:1009:40)
    at processTicksAndRejections (node:internal/process/task_queues:105:5)
    at _runTest (D:\projects\DATASTRUICTURE-VISUALIZER\node_modules\jest-circus\build\jestAdapterInit.js:949:3)
    at _runTestsForDescribeBlock (D:\projects\DATASTRUICTURE-VISUALIZER\node_modules\jest-circus\build\jestAdapterInit.js:839:13)
    at _runTestsForDescribeBlock (D:\projects\DATASTRUICTURE-VISUALIZER\node_modules\jest-circus\build\jestAdapterInit.js:829:11)
    at run (D:\projects\DATASTRUICTURE-VISUALIZER\node_modules\jest-circus\build\jestAdapterInit.js:757:3)
    at runAndTransformResultsToJestFormat (D:\projects\DATASTRUICTURE-VISUALIZER\node_modules\jest-circus\build\jestAdapterInit.js:1920:21)
    at jestAdapter (D:\projects\DATASTRUICTURE-VISUALIZER\node_modules\jest-circus\build\runner.js:101:19)
    at runTestInternal (D:\projects\DATASTRUICTURE-VISUALIZER\node_modules\jest-runner\build\testWorker.js:275:16)
    at runTest (D:\projects\DATASTRUICTURE-VISUALIZER\node_modules\jest-runner\build\testWorker.js:343:7)
    at Object.worker (D:\projects\DATASTRUICTURE-VISUALIZER\node_modules\jest-runner\build\testWorker.js:497:12)</failure>
    </testcase>
    <testcase classname="Header Component clicking theme toggle updates accessibility label" name="Header Component clicking theme toggle updates accessibility label" time="0.098">
    </testcase>
    <testcase classname="Header Component renders GitHub link with correct attributes" name="Header Component renders GitHub link with correct attributes" time="0.016">
    </testcase>
    <testcase classname="Header Component has proper semantic HTML structure" name="Header Component has proper semantic HTML structure" time="0.045">
    </testcase>
    <testcase classname="Header Component applies responsive design classes" name="Header Component applies responsive design classes" time="0.012">
    </testcase>
    <testcase classname="Header Component keyboard navigation works correctly" name="Header Component keyboard navigation works correctly" time="0.179">
    </testcase>
    <testcase classname="Header Component theme toggle is accessible with keyboard" name="Header Component theme toggle is accessible with keyboard" time="0.141">
    </testcase>
  </testsuite>
  <testsuite name="Navigation Integration Tests" errors="0" failures="16" skipped="0" timestamp="2025-08-12T02:40:18" time="3.086" tests="16">
    <testcase classname="Navigation Integration Tests renders home page by default" name="Navigation Integration Tests renders home page by default" time="0.321">
      <failure>Error: You cannot render a &lt;Router&gt; inside another &lt;Router&gt;. You should never have more than one in your app.
    at Object.invariant [as UNSAFE_invariant] (D:\projects\DATASTRUICTURE-VISUALIZER\node_modules\@remix-run\router\history.ts:494:11)
    at invariant (D:\projects\DATASTRUICTURE-VISUALIZER\node_modules\react-router\lib\components.tsx:429:3)
    at renderWithHooks (D:\projects\DATASTRUICTURE-VISUALIZER\node_modules\react-dom\cjs\react-dom.development.js:15486:18)
    at mountIndeterminateComponent (D:\projects\DATASTRUICTURE-VISUALIZER\node_modules\react-dom\cjs\react-dom.development.js:20103:13)
    at beginWork (D:\projects\DATASTRUICTURE-VISUALIZER\node_modules\react-dom\cjs\react-dom.development.js:21626:16)
    at beginWork$1 (D:\projects\DATASTRUICTURE-VISUALIZER\node_modules\react-dom\cjs\react-dom.development.js:27465:14)
    at performUnitOfWork (D:\projects\DATASTRUICTURE-VISUALIZER\node_modules\react-dom\cjs\react-dom.development.js:26599:12)
    at workLoopSync (D:\projects\DATASTRUICTURE-VISUALIZER\node_modules\react-dom\cjs\react-dom.development.js:26505:5)
    at renderRootSync (D:\projects\DATASTRUICTURE-VISUALIZER\node_modules\react-dom\cjs\react-dom.development.js:26473:7)
    at recoverFromConcurrentError (D:\projects\DATASTRUICTURE-VISUALIZER\node_modules\react-dom\cjs\react-dom.development.js:25889:20)
    at performConcurrentWorkOnRoot (D:\projects\DATASTRUICTURE-VISUALIZER\node_modules\react-dom\cjs\react-dom.development.js:25789:22)
    at flushActQueue (D:\projects\DATASTRUICTURE-VISUALIZER\node_modules\react\cjs\react.development.js:2667:24)
    at act (D:\projects\DATASTRUICTURE-VISUALIZER\node_modules\react\cjs\react.development.js:2582:11)
    at D:\projects\DATASTRUICTURE-VISUALIZER\node_modules\@testing-library\react\dist\act-compat.js:47:25
    at renderRoot (D:\projects\DATASTRUICTURE-VISUALIZER\node_modules\@testing-library\react\dist\pure.js:190:26)
    at render (D:\projects\DATASTRUICTURE-VISUALIZER\node_modules\@testing-library\react\dist\pure.js:292:10)
    at customRender (D:\projects\DATASTRUICTURE-VISUALIZER\src\test-utils\index.tsx:24:12)
    at renderWithRouter (D:\projects\DATASTRUICTURE-VISUALIZER\src\tests\integration\Navigation.test.tsx:35:18)
    at Object.&lt;anonymous&gt; (D:\projects\DATASTRUICTURE-VISUALIZER\src\tests\integration\Navigation.test.tsx:43:5)
    at Promise.finally.completed (D:\projects\DATASTRUICTURE-VISUALIZER\node_modules\jest-circus\build\jestAdapterInit.js:1559:28)
    at new Promise (&lt;anonymous&gt;)
    at callAsyncCircusFn (D:\projects\DATASTRUICTURE-VISUALIZER\node_modules\jest-circus\build\jestAdapterInit.js:1499:10)
    at _callCircusTest (D:\projects\DATASTRUICTURE-VISUALIZER\node_modules\jest-circus\build\jestAdapterInit.js:1009:40)
    at processTicksAndRejections (node:internal/process/task_queues:105:5)
    at _runTest (D:\projects\DATASTRUICTURE-VISUALIZER\node_modules\jest-circus\build\jestAdapterInit.js:949:3)
    at _runTestsForDescribeBlock (D:\projects\DATASTRUICTURE-VISUALIZER\node_modules\jest-circus\build\jestAdapterInit.js:839:13)
    at _runTestsForDescribeBlock (D:\projects\DATASTRUICTURE-VISUALIZER\node_modules\jest-circus\build\jestAdapterInit.js:829:11)
    at run (D:\projects\DATASTRUICTURE-VISUALIZER\node_modules\jest-circus\build\jestAdapterInit.js:757:3)
    at runAndTransformResultsToJestFormat (D:\projects\DATASTRUICTURE-VISUALIZER\node_modules\jest-circus\build\jestAdapterInit.js:1920:21)
    at jestAdapter (D:\projects\DATASTRUICTURE-VISUALIZER\node_modules\jest-circus\build\runner.js:101:19)
    at runTestInternal (D:\projects\DATASTRUICTURE-VISUALIZER\node_modules\jest-runner\build\testWorker.js:275:16)
    at runTest (D:\projects\DATASTRUICTURE-VISUALIZER\node_modules\jest-runner\build\testWorker.js:343:7)
    at Object.worker (D:\projects\DATASTRUICTURE-VISUALIZER\node_modules\jest-runner\build\testWorker.js:497:12)</failure>
    </testcase>
    <testcase classname="Navigation Integration Tests navigates to data structures page" name="Navigation Integration Tests navigates to data structures page" time="0.028">
      <failure>Error: You cannot render a &lt;Router&gt; inside another &lt;Router&gt;. You should never have more than one in your app.
    at Object.invariant [as UNSAFE_invariant] (D:\projects\DATASTRUICTURE-VISUALIZER\node_modules\@remix-run\router\history.ts:494:11)
    at invariant (D:\projects\DATASTRUICTURE-VISUALIZER\node_modules\react-router\lib\components.tsx:429:3)
    at renderWithHooks (D:\projects\DATASTRUICTURE-VISUALIZER\node_modules\react-dom\cjs\react-dom.development.js:15486:18)
    at mountIndeterminateComponent (D:\projects\DATASTRUICTURE-VISUALIZER\node_modules\react-dom\cjs\react-dom.development.js:20103:13)
    at beginWork (D:\projects\DATASTRUICTURE-VISUALIZER\node_modules\react-dom\cjs\react-dom.development.js:21626:16)
    at beginWork$1 (D:\projects\DATASTRUICTURE-VISUALIZER\node_modules\react-dom\cjs\react-dom.development.js:27465:14)
    at performUnitOfWork (D:\projects\DATASTRUICTURE-VISUALIZER\node_modules\react-dom\cjs\react-dom.development.js:26599:12)
    at workLoopSync (D:\projects\DATASTRUICTURE-VISUALIZER\node_modules\react-dom\cjs\react-dom.development.js:26505:5)
    at renderRootSync (D:\projects\DATASTRUICTURE-VISUALIZER\node_modules\react-dom\cjs\react-dom.development.js:26473:7)
    at recoverFromConcurrentError (D:\projects\DATASTRUICTURE-VISUALIZER\node_modules\react-dom\cjs\react-dom.development.js:25889:20)
    at performConcurrentWorkOnRoot (D:\projects\DATASTRUICTURE-VISUALIZER\node_modules\react-dom\cjs\react-dom.development.js:25789:22)
    at flushActQueue (D:\projects\DATASTRUICTURE-VISUALIZER\node_modules\react\cjs\react.development.js:2667:24)
    at act (D:\projects\DATASTRUICTURE-VISUALIZER\node_modules\react\cjs\react.development.js:2582:11)
    at D:\projects\DATASTRUICTURE-VISUALIZER\node_modules\@testing-library\react\dist\act-compat.js:47:25
    at renderRoot (D:\projects\DATASTRUICTURE-VISUALIZER\node_modules\@testing-library\react\dist\pure.js:190:26)
    at render (D:\projects\DATASTRUICTURE-VISUALIZER\node_modules\@testing-library\react\dist\pure.js:292:10)
    at customRender (D:\projects\DATASTRUICTURE-VISUALIZER\src\test-utils\index.tsx:24:12)
    at renderWithRouter (D:\projects\DATASTRUICTURE-VISUALIZER\src\tests\integration\Navigation.test.tsx:35:18)
    at Object.&lt;anonymous&gt; (D:\projects\DATASTRUICTURE-VISUALIZER\src\tests\integration\Navigation.test.tsx:48:5)
    at Promise.finally.completed (D:\projects\DATASTRUICTURE-VISUALIZER\node_modules\jest-circus\build\jestAdapterInit.js:1559:28)
    at new Promise (&lt;anonymous&gt;)
    at callAsyncCircusFn (D:\projects\DATASTRUICTURE-VISUALIZER\node_modules\jest-circus\build\jestAdapterInit.js:1499:10)
    at _callCircusTest (D:\projects\DATASTRUICTURE-VISUALIZER\node_modules\jest-circus\build\jestAdapterInit.js:1009:40)
    at processTicksAndRejections (node:internal/process/task_queues:105:5)
    at _runTest (D:\projects\DATASTRUICTURE-VISUALIZER\node_modules\jest-circus\build\jestAdapterInit.js:949:3)
    at _runTestsForDescribeBlock (D:\projects\DATASTRUICTURE-VISUALIZER\node_modules\jest-circus\build\jestAdapterInit.js:839:13)
    at _runTestsForDescribeBlock (D:\projects\DATASTRUICTURE-VISUALIZER\node_modules\jest-circus\build\jestAdapterInit.js:829:11)
    at run (D:\projects\DATASTRUICTURE-VISUALIZER\node_modules\jest-circus\build\jestAdapterInit.js:757:3)
    at runAndTransformResultsToJestFormat (D:\projects\DATASTRUICTURE-VISUALIZER\node_modules\jest-circus\build\jestAdapterInit.js:1920:21)
    at jestAdapter (D:\projects\DATASTRUICTURE-VISUALIZER\node_modules\jest-circus\build\runner.js:101:19)
    at runTestInternal (D:\projects\DATASTRUICTURE-VISUALIZER\node_modules\jest-runner\build\testWorker.js:275:16)
    at runTest (D:\projects\DATASTRUICTURE-VISUALIZER\node_modules\jest-runner\build\testWorker.js:343:7)
    at Object.worker (D:\projects\DATASTRUICTURE-VISUALIZER\node_modules\jest-runner\build\testWorker.js:497:12)</failure>
    </testcase>
    <testcase classname="Navigation Integration Tests navigates to algorithms page" name="Navigation Integration Tests navigates to algorithms page" time="0.021">
      <failure>Error: You cannot render a &lt;Router&gt; inside another &lt;Router&gt;. You should never have more than one in your app.
    at Object.invariant [as UNSAFE_invariant] (D:\projects\DATASTRUICTURE-VISUALIZER\node_modules\@remix-run\router\history.ts:494:11)
    at invariant (D:\projects\DATASTRUICTURE-VISUALIZER\node_modules\react-router\lib\components.tsx:429:3)
    at renderWithHooks (D:\projects\DATASTRUICTURE-VISUALIZER\node_modules\react-dom\cjs\react-dom.development.js:15486:18)
    at mountIndeterminateComponent (D:\projects\DATASTRUICTURE-VISUALIZER\node_modules\react-dom\cjs\react-dom.development.js:20103:13)
    at beginWork (D:\projects\DATASTRUICTURE-VISUALIZER\node_modules\react-dom\cjs\react-dom.development.js:21626:16)
    at beginWork$1 (D:\projects\DATASTRUICTURE-VISUALIZER\node_modules\react-dom\cjs\react-dom.development.js:27465:14)
    at performUnitOfWork (D:\projects\DATASTRUICTURE-VISUALIZER\node_modules\react-dom\cjs\react-dom.development.js:26599:12)
    at workLoopSync (D:\projects\DATASTRUICTURE-VISUALIZER\node_modules\react-dom\cjs\react-dom.development.js:26505:5)
    at renderRootSync (D:\projects\DATASTRUICTURE-VISUALIZER\node_modules\react-dom\cjs\react-dom.development.js:26473:7)
    at recoverFromConcurrentError (D:\projects\DATASTRUICTURE-VISUALIZER\node_modules\react-dom\cjs\react-dom.development.js:25889:20)
    at performConcurrentWorkOnRoot (D:\projects\DATASTRUICTURE-VISUALIZER\node_modules\react-dom\cjs\react-dom.development.js:25789:22)
    at flushActQueue (D:\projects\DATASTRUICTURE-VISUALIZER\node_modules\react\cjs\react.development.js:2667:24)
    at act (D:\projects\DATASTRUICTURE-VISUALIZER\node_modules\react\cjs\react.development.js:2582:11)
    at D:\projects\DATASTRUICTURE-VISUALIZER\node_modules\@testing-library\react\dist\act-compat.js:47:25
    at renderRoot (D:\projects\DATASTRUICTURE-VISUALIZER\node_modules\@testing-library\react\dist\pure.js:190:26)
    at render (D:\projects\DATASTRUICTURE-VISUALIZER\node_modules\@testing-library\react\dist\pure.js:292:10)
    at customRender (D:\projects\DATASTRUICTURE-VISUALIZER\src\test-utils\index.tsx:24:12)
    at renderWithRouter (D:\projects\DATASTRUICTURE-VISUALIZER\src\tests\integration\Navigation.test.tsx:35:18)
    at Object.&lt;anonymous&gt; (D:\projects\DATASTRUICTURE-VISUALIZER\src\tests\integration\Navigation.test.tsx:53:5)
    at Promise.finally.completed (D:\projects\DATASTRUICTURE-VISUALIZER\node_modules\jest-circus\build\jestAdapterInit.js:1559:28)
    at new Promise (&lt;anonymous&gt;)
    at callAsyncCircusFn (D:\projects\DATASTRUICTURE-VISUALIZER\node_modules\jest-circus\build\jestAdapterInit.js:1499:10)
    at _callCircusTest (D:\projects\DATASTRUICTURE-VISUALIZER\node_modules\jest-circus\build\jestAdapterInit.js:1009:40)
    at processTicksAndRejections (node:internal/process/task_queues:105:5)
    at _runTest (D:\projects\DATASTRUICTURE-VISUALIZER\node_modules\jest-circus\build\jestAdapterInit.js:949:3)
    at _runTestsForDescribeBlock (D:\projects\DATASTRUICTURE-VISUALIZER\node_modules\jest-circus\build\jestAdapterInit.js:839:13)
    at _runTestsForDescribeBlock (D:\projects\DATASTRUICTURE-VISUALIZER\node_modules\jest-circus\build\jestAdapterInit.js:829:11)
    at run (D:\projects\DATASTRUICTURE-VISUALIZER\node_modules\jest-circus\build\jestAdapterInit.js:757:3)
    at runAndTransformResultsToJestFormat (D:\projects\DATASTRUICTURE-VISUALIZER\node_modules\jest-circus\build\jestAdapterInit.js:1920:21)
    at jestAdapter (D:\projects\DATASTRUICTURE-VISUALIZER\node_modules\jest-circus\build\runner.js:101:19)
    at runTestInternal (D:\projects\DATASTRUICTURE-VISUALIZER\node_modules\jest-runner\build\testWorker.js:275:16)
    at runTest (D:\projects\DATASTRUICTURE-VISUALIZER\node_modules\jest-runner\build\testWorker.js:343:7)
    at Object.worker (D:\projects\DATASTRUICTURE-VISUALIZER\node_modules\jest-runner\build\testWorker.js:497:12)</failure>
    </testcase>
    <testcase classname="Navigation Integration Tests navigates to specific sorting algorithm page" name="Navigation Integration Tests navigates to specific sorting algorithm page" time="0.024">
      <failure>Error: You cannot render a &lt;Router&gt; inside another &lt;Router&gt;. You should never have more than one in your app.
    at Object.invariant [as UNSAFE_invariant] (D:\projects\DATASTRUICTURE-VISUALIZER\node_modules\@remix-run\router\history.ts:494:11)
    at invariant (D:\projects\DATASTRUICTURE-VISUALIZER\node_modules\react-router\lib\components.tsx:429:3)
    at renderWithHooks (D:\projects\DATASTRUICTURE-VISUALIZER\node_modules\react-dom\cjs\react-dom.development.js:15486:18)
    at mountIndeterminateComponent (D:\projects\DATASTRUICTURE-VISUALIZER\node_modules\react-dom\cjs\react-dom.development.js:20103:13)
    at beginWork (D:\projects\DATASTRUICTURE-VISUALIZER\node_modules\react-dom\cjs\react-dom.development.js:21626:16)
    at beginWork$1 (D:\projects\DATASTRUICTURE-VISUALIZER\node_modules\react-dom\cjs\react-dom.development.js:27465:14)
    at performUnitOfWork (D:\projects\DATASTRUICTURE-VISUALIZER\node_modules\react-dom\cjs\react-dom.development.js:26599:12)
    at workLoopSync (D:\projects\DATASTRUICTURE-VISUALIZER\node_modules\react-dom\cjs\react-dom.development.js:26505:5)
    at renderRootSync (D:\projects\DATASTRUICTURE-VISUALIZER\node_modules\react-dom\cjs\react-dom.development.js:26473:7)
    at recoverFromConcurrentError (D:\projects\DATASTRUICTURE-VISUALIZER\node_modules\react-dom\cjs\react-dom.development.js:25889:20)
    at performConcurrentWorkOnRoot (D:\projects\DATASTRUICTURE-VISUALIZER\node_modules\react-dom\cjs\react-dom.development.js:25789:22)
    at flushActQueue (D:\projects\DATASTRUICTURE-VISUALIZER\node_modules\react\cjs\react.development.js:2667:24)
    at act (D:\projects\DATASTRUICTURE-VISUALIZER\node_modules\react\cjs\react.development.js:2582:11)
    at D:\projects\DATASTRUICTURE-VISUALIZER\node_modules\@testing-library\react\dist\act-compat.js:47:25
    at renderRoot (D:\projects\DATASTRUICTURE-VISUALIZER\node_modules\@testing-library\react\dist\pure.js:190:26)
    at render (D:\projects\DATASTRUICTURE-VISUALIZER\node_modules\@testing-library\react\dist\pure.js:292:10)
    at customRender (D:\projects\DATASTRUICTURE-VISUALIZER\src\test-utils\index.tsx:24:12)
    at renderWithRouter (D:\projects\DATASTRUICTURE-VISUALIZER\src\tests\integration\Navigation.test.tsx:35:18)
    at Object.&lt;anonymous&gt; (D:\projects\DATASTRUICTURE-VISUALIZER\src\tests\integration\Navigation.test.tsx:58:5)
    at Promise.finally.completed (D:\projects\DATASTRUICTURE-VISUALIZER\node_modules\jest-circus\build\jestAdapterInit.js:1559:28)
    at new Promise (&lt;anonymous&gt;)
    at callAsyncCircusFn (D:\projects\DATASTRUICTURE-VISUALIZER\node_modules\jest-circus\build\jestAdapterInit.js:1499:10)
    at _callCircusTest (D:\projects\DATASTRUICTURE-VISUALIZER\node_modules\jest-circus\build\jestAdapterInit.js:1009:40)
    at processTicksAndRejections (node:internal/process/task_queues:105:5)
    at _runTest (D:\projects\DATASTRUICTURE-VISUALIZER\node_modules\jest-circus\build\jestAdapterInit.js:949:3)
    at _runTestsForDescribeBlock (D:\projects\DATASTRUICTURE-VISUALIZER\node_modules\jest-circus\build\jestAdapterInit.js:839:13)
    at _runTestsForDescribeBlock (D:\projects\DATASTRUICTURE-VISUALIZER\node_modules\jest-circus\build\jestAdapterInit.js:829:11)
    at run (D:\projects\DATASTRUICTURE-VISUALIZER\node_modules\jest-circus\build\jestAdapterInit.js:757:3)
    at runAndTransformResultsToJestFormat (D:\projects\DATASTRUICTURE-VISUALIZER\node_modules\jest-circus\build\jestAdapterInit.js:1920:21)
    at jestAdapter (D:\projects\DATASTRUICTURE-VISUALIZER\node_modules\jest-circus\build\runner.js:101:19)
    at runTestInternal (D:\projects\DATASTRUICTURE-VISUALIZER\node_modules\jest-runner\build\testWorker.js:275:16)
    at runTest (D:\projects\DATASTRUICTURE-VISUALIZER\node_modules\jest-runner\build\testWorker.js:343:7)
    at Object.worker (D:\projects\DATASTRUICTURE-VISUALIZER\node_modules\jest-runner\build\testWorker.js:497:12)</failure>
    </testcase>
    <testcase classname="Navigation Integration Tests logo click navigates to home page" name="Navigation Integration Tests logo click navigates to home page" time="0.025">
      <failure>Error: You cannot render a &lt;Router&gt; inside another &lt;Router&gt;. You should never have more than one in your app.
    at Object.invariant [as UNSAFE_invariant] (D:\projects\DATASTRUICTURE-VISUALIZER\node_modules\@remix-run\router\history.ts:494:11)
    at invariant (D:\projects\DATASTRUICTURE-VISUALIZER\node_modules\react-router\lib\components.tsx:429:3)
    at renderWithHooks (D:\projects\DATASTRUICTURE-VISUALIZER\node_modules\react-dom\cjs\react-dom.development.js:15486:18)
    at mountIndeterminateComponent (D:\projects\DATASTRUICTURE-VISUALIZER\node_modules\react-dom\cjs\react-dom.development.js:20103:13)
    at beginWork (D:\projects\DATASTRUICTURE-VISUALIZER\node_modules\react-dom\cjs\react-dom.development.js:21626:16)
    at beginWork$1 (D:\projects\DATASTRUICTURE-VISUALIZER\node_modules\react-dom\cjs\react-dom.development.js:27465:14)
    at performUnitOfWork (D:\projects\DATASTRUICTURE-VISUALIZER\node_modules\react-dom\cjs\react-dom.development.js:26599:12)
    at workLoopSync (D:\projects\DATASTRUICTURE-VISUALIZER\node_modules\react-dom\cjs\react-dom.development.js:26505:5)
    at renderRootSync (D:\projects\DATASTRUICTURE-VISUALIZER\node_modules\react-dom\cjs\react-dom.development.js:26473:7)
    at recoverFromConcurrentError (D:\projects\DATASTRUICTURE-VISUALIZER\node_modules\react-dom\cjs\react-dom.development.js:25889:20)
    at performConcurrentWorkOnRoot (D:\projects\DATASTRUICTURE-VISUALIZER\node_modules\react-dom\cjs\react-dom.development.js:25789:22)
    at flushActQueue (D:\projects\DATASTRUICTURE-VISUALIZER\node_modules\react\cjs\react.development.js:2667:24)
    at act (D:\projects\DATASTRUICTURE-VISUALIZER\node_modules\react\cjs\react.development.js:2582:11)
    at D:\projects\DATASTRUICTURE-VISUALIZER\node_modules\@testing-library\react\dist\act-compat.js:47:25
    at renderRoot (D:\projects\DATASTRUICTURE-VISUALIZER\node_modules\@testing-library\react\dist\pure.js:190:26)
    at render (D:\projects\DATASTRUICTURE-VISUALIZER\node_modules\@testing-library\react\dist\pure.js:292:10)
    at customRender (D:\projects\DATASTRUICTURE-VISUALIZER\src\test-utils\index.tsx:24:12)
    at renderWithRouter (D:\projects\DATASTRUICTURE-VISUALIZER\src\tests\integration\Navigation.test.tsx:35:18)
    at D:\projects\DATASTRUICTURE-VISUALIZER\src\tests\integration\Navigation.test.tsx:64:5
    at Generator.next (&lt;anonymous&gt;)
    at D:\projects\DATASTRUICTURE-VISUALIZER\src\tests\integration\Navigation.test.tsx:8:71
    at new Promise (&lt;anonymous&gt;)
    at __awaiter (D:\projects\DATASTRUICTURE-VISUALIZER\src\tests\integration\Navigation.test.tsx:4:12)
    at Object.&lt;anonymous&gt; (D:\projects\DATASTRUICTURE-VISUALIZER\src\tests\integration\Navigation.test.tsx:62:56)
    at Promise.finally.completed (D:\projects\DATASTRUICTURE-VISUALIZER\node_modules\jest-circus\build\jestAdapterInit.js:1559:28)
    at new Promise (&lt;anonymous&gt;)
    at callAsyncCircusFn (D:\projects\DATASTRUICTURE-VISUALIZER\node_modules\jest-circus\build\jestAdapterInit.js:1499:10)
    at _callCircusTest (D:\projects\DATASTRUICTURE-VISUALIZER\node_modules\jest-circus\build\jestAdapterInit.js:1009:40)
    at processTicksAndRejections (node:internal/process/task_queues:105:5)
    at _runTest (D:\projects\DATASTRUICTURE-VISUALIZER\node_modules\jest-circus\build\jestAdapterInit.js:949:3)
    at _runTestsForDescribeBlock (D:\projects\DATASTRUICTURE-VISUALIZER\node_modules\jest-circus\build\jestAdapterInit.js:839:13)
    at _runTestsForDescribeBlock (D:\projects\DATASTRUICTURE-VISUALIZER\node_modules\jest-circus\build\jestAdapterInit.js:829:11)
    at run (D:\projects\DATASTRUICTURE-VISUALIZER\node_modules\jest-circus\build\jestAdapterInit.js:757:3)
    at runAndTransformResultsToJestFormat (D:\projects\DATASTRUICTURE-VISUALIZER\node_modules\jest-circus\build\jestAdapterInit.js:1920:21)
    at jestAdapter (D:\projects\DATASTRUICTURE-VISUALIZER\node_modules\jest-circus\build\runner.js:101:19)
    at runTestInternal (D:\projects\DATASTRUICTURE-VISUALIZER\node_modules\jest-runner\build\testWorker.js:275:16)
    at runTest (D:\projects\DATASTRUICTURE-VISUALIZER\node_modules\jest-runner\build\testWorker.js:343:7)
    at Object.worker (D:\projects\DATASTRUICTURE-VISUALIZER\node_modules\jest-runner\build\testWorker.js:497:12)</failure>
    </testcase>
    <testcase classname="Navigation Integration Tests theme toggle works across navigation" name="Navigation Integration Tests theme toggle works across navigation" time="0.024">
      <failure>Error: You cannot render a &lt;Router&gt; inside another &lt;Router&gt;. You should never have more than one in your app.
    at Object.invariant [as UNSAFE_invariant] (D:\projects\DATASTRUICTURE-VISUALIZER\node_modules\@remix-run\router\history.ts:494:11)
    at invariant (D:\projects\DATASTRUICTURE-VISUALIZER\node_modules\react-router\lib\components.tsx:429:3)
    at renderWithHooks (D:\projects\DATASTRUICTURE-VISUALIZER\node_modules\react-dom\cjs\react-dom.development.js:15486:18)
    at mountIndeterminateComponent (D:\projects\DATASTRUICTURE-VISUALIZER\node_modules\react-dom\cjs\react-dom.development.js:20103:13)
    at beginWork (D:\projects\DATASTRUICTURE-VISUALIZER\node_modules\react-dom\cjs\react-dom.development.js:21626:16)
    at beginWork$1 (D:\projects\DATASTRUICTURE-VISUALIZER\node_modules\react-dom\cjs\react-dom.development.js:27465:14)
    at performUnitOfWork (D:\projects\DATASTRUICTURE-VISUALIZER\node_modules\react-dom\cjs\react-dom.development.js:26599:12)
    at workLoopSync (D:\projects\DATASTRUICTURE-VISUALIZER\node_modules\react-dom\cjs\react-dom.development.js:26505:5)
    at renderRootSync (D:\projects\DATASTRUICTURE-VISUALIZER\node_modules\react-dom\cjs\react-dom.development.js:26473:7)
    at recoverFromConcurrentError (D:\projects\DATASTRUICTURE-VISUALIZER\node_modules\react-dom\cjs\react-dom.development.js:25889:20)
    at performConcurrentWorkOnRoot (D:\projects\DATASTRUICTURE-VISUALIZER\node_modules\react-dom\cjs\react-dom.development.js:25789:22)
    at flushActQueue (D:\projects\DATASTRUICTURE-VISUALIZER\node_modules\react\cjs\react.development.js:2667:24)
    at act (D:\projects\DATASTRUICTURE-VISUALIZER\node_modules\react\cjs\react.development.js:2582:11)
    at D:\projects\DATASTRUICTURE-VISUALIZER\node_modules\@testing-library\react\dist\act-compat.js:47:25
    at renderRoot (D:\projects\DATASTRUICTURE-VISUALIZER\node_modules\@testing-library\react\dist\pure.js:190:26)
    at render (D:\projects\DATASTRUICTURE-VISUALIZER\node_modules\@testing-library\react\dist\pure.js:292:10)
    at customRender (D:\projects\DATASTRUICTURE-VISUALIZER\src\test-utils\index.tsx:24:12)
    at renderWithRouter (D:\projects\DATASTRUICTURE-VISUALIZER\src\tests\integration\Navigation.test.tsx:35:18)
    at D:\projects\DATASTRUICTURE-VISUALIZER\src\tests\integration\Navigation.test.tsx:79:5
    at Generator.next (&lt;anonymous&gt;)
    at D:\projects\DATASTRUICTURE-VISUALIZER\src\tests\integration\Navigation.test.tsx:8:71
    at new Promise (&lt;anonymous&gt;)
    at __awaiter (D:\projects\DATASTRUICTURE-VISUALIZER\src\tests\integration\Navigation.test.tsx:4:12)
    at Object.&lt;anonymous&gt; (D:\projects\DATASTRUICTURE-VISUALIZER\src\tests\integration\Navigation.test.tsx:77:59)
    at Promise.finally.completed (D:\projects\DATASTRUICTURE-VISUALIZER\node_modules\jest-circus\build\jestAdapterInit.js:1559:28)
    at new Promise (&lt;anonymous&gt;)
    at callAsyncCircusFn (D:\projects\DATASTRUICTURE-VISUALIZER\node_modules\jest-circus\build\jestAdapterInit.js:1499:10)
    at _callCircusTest (D:\projects\DATASTRUICTURE-VISUALIZER\node_modules\jest-circus\build\jestAdapterInit.js:1009:40)
    at processTicksAndRejections (node:internal/process/task_queues:105:5)
    at _runTest (D:\projects\DATASTRUICTURE-VISUALIZER\node_modules\jest-circus\build\jestAdapterInit.js:949:3)
    at _runTestsForDescribeBlock (D:\projects\DATASTRUICTURE-VISUALIZER\node_modules\jest-circus\build\jestAdapterInit.js:839:13)
    at _runTestsForDescribeBlock (D:\projects\DATASTRUICTURE-VISUALIZER\node_modules\jest-circus\build\jestAdapterInit.js:829:11)
    at run (D:\projects\DATASTRUICTURE-VISUALIZER\node_modules\jest-circus\build\jestAdapterInit.js:757:3)
    at runAndTransformResultsToJestFormat (D:\projects\DATASTRUICTURE-VISUALIZER\node_modules\jest-circus\build\jestAdapterInit.js:1920:21)
    at jestAdapter (D:\projects\DATASTRUICTURE-VISUALIZER\node_modules\jest-circus\build\runner.js:101:19)
    at runTestInternal (D:\projects\DATASTRUICTURE-VISUALIZER\node_modules\jest-runner\build\testWorker.js:275:16)
    at runTest (D:\projects\DATASTRUICTURE-VISUALIZER\node_modules\jest-runner\build\testWorker.js:343:7)
    at Object.worker (D:\projects\DATASTRUICTURE-VISUALIZER\node_modules\jest-runner\build\testWorker.js:497:12)</failure>
    </testcase>
    <testcase classname="Navigation Integration Tests maintains theme state during navigation" name="Navigation Integration Tests maintains theme state during navigation" time="0.018">
      <failure>Error: You cannot render a &lt;Router&gt; inside another &lt;Router&gt;. You should never have more than one in your app.
    at Object.invariant [as UNSAFE_invariant] (D:\projects\DATASTRUICTURE-VISUALIZER\node_modules\@remix-run\router\history.ts:494:11)
    at invariant (D:\projects\DATASTRUICTURE-VISUALIZER\node_modules\react-router\lib\components.tsx:429:3)
    at renderWithHooks (D:\projects\DATASTRUICTURE-VISUALIZER\node_modules\react-dom\cjs\react-dom.development.js:15486:18)
    at mountIndeterminateComponent (D:\projects\DATASTRUICTURE-VISUALIZER\node_modules\react-dom\cjs\react-dom.development.js:20103:13)
    at beginWork (D:\projects\DATASTRUICTURE-VISUALIZER\node_modules\react-dom\cjs\react-dom.development.js:21626:16)
    at beginWork$1 (D:\projects\DATASTRUICTURE-VISUALIZER\node_modules\react-dom\cjs\react-dom.development.js:27465:14)
    at performUnitOfWork (D:\projects\DATASTRUICTURE-VISUALIZER\node_modules\react-dom\cjs\react-dom.development.js:26599:12)
    at workLoopSync (D:\projects\DATASTRUICTURE-VISUALIZER\node_modules\react-dom\cjs\react-dom.development.js:26505:5)
    at renderRootSync (D:\projects\DATASTRUICTURE-VISUALIZER\node_modules\react-dom\cjs\react-dom.development.js:26473:7)
    at recoverFromConcurrentError (D:\projects\DATASTRUICTURE-VISUALIZER\node_modules\react-dom\cjs\react-dom.development.js:25889:20)
    at performConcurrentWorkOnRoot (D:\projects\DATASTRUICTURE-VISUALIZER\node_modules\react-dom\cjs\react-dom.development.js:25789:22)
    at flushActQueue (D:\projects\DATASTRUICTURE-VISUALIZER\node_modules\react\cjs\react.development.js:2667:24)
    at act (D:\projects\DATASTRUICTURE-VISUALIZER\node_modules\react\cjs\react.development.js:2582:11)
    at D:\projects\DATASTRUICTURE-VISUALIZER\node_modules\@testing-library\react\dist\act-compat.js:47:25
    at renderRoot (D:\projects\DATASTRUICTURE-VISUALIZER\node_modules\@testing-library\react\dist\pure.js:190:26)
    at render (D:\projects\DATASTRUICTURE-VISUALIZER\node_modules\@testing-library\react\dist\pure.js:292:10)
    at customRender (D:\projects\DATASTRUICTURE-VISUALIZER\src\test-utils\index.tsx:24:12)
    at D:\projects\DATASTRUICTURE-VISUALIZER\src\tests\integration\Navigation.test.tsx:96:32
    at Generator.next (&lt;anonymous&gt;)
    at D:\projects\DATASTRUICTURE-VISUALIZER\src\tests\integration\Navigation.test.tsx:8:71
    at new Promise (&lt;anonymous&gt;)
    at __awaiter (D:\projects\DATASTRUICTURE-VISUALIZER\src\tests\integration\Navigation.test.tsx:4:12)
    at Object.&lt;anonymous&gt; (D:\projects\DATASTRUICTURE-VISUALIZER\src\tests\integration\Navigation.test.tsx:92:62)
    at Promise.finally.completed (D:\projects\DATASTRUICTURE-VISUALIZER\node_modules\jest-circus\build\jestAdapterInit.js:1559:28)
    at new Promise (&lt;anonymous&gt;)
    at callAsyncCircusFn (D:\projects\DATASTRUICTURE-VISUALIZER\node_modules\jest-circus\build\jestAdapterInit.js:1499:10)
    at _callCircusTest (D:\projects\DATASTRUICTURE-VISUALIZER\node_modules\jest-circus\build\jestAdapterInit.js:1009:40)
    at processTicksAndRejections (node:internal/process/task_queues:105:5)
    at _runTest (D:\projects\DATASTRUICTURE-VISUALIZER\node_modules\jest-circus\build\jestAdapterInit.js:949:3)
    at _runTestsForDescribeBlock (D:\projects\DATASTRUICTURE-VISUALIZER\node_modules\jest-circus\build\jestAdapterInit.js:839:13)
    at _runTestsForDescribeBlock (D:\projects\DATASTRUICTURE-VISUALIZER\node_modules\jest-circus\build\jestAdapterInit.js:829:11)
    at run (D:\projects\DATASTRUICTURE-VISUALIZER\node_modules\jest-circus\build\jestAdapterInit.js:757:3)
    at runAndTransformResultsToJestFormat (D:\projects\DATASTRUICTURE-VISUALIZER\node_modules\jest-circus\build\jestAdapterInit.js:1920:21)
    at jestAdapter (D:\projects\DATASTRUICTURE-VISUALIZER\node_modules\jest-circus\build\runner.js:101:19)
    at runTestInternal (D:\projects\DATASTRUICTURE-VISUALIZER\node_modules\jest-runner\build\testWorker.js:275:16)
    at runTest (D:\projects\DATASTRUICTURE-VISUALIZER\node_modules\jest-runner\build\testWorker.js:343:7)
    at Object.worker (D:\projects\DATASTRUICTURE-VISUALIZER\node_modules\jest-runner\build\testWorker.js:497:12)</failure>
    </testcase>
    <testcase classname="Navigation Integration Tests sidebar navigation is present on all pages" name="Navigation Integration Tests sidebar navigation is present on all pages" time="0.021">
      <failure>Error: You cannot render a &lt;Router&gt; inside another &lt;Router&gt;. You should never have more than one in your app.
    at Object.invariant [as UNSAFE_invariant] (D:\projects\DATASTRUICTURE-VISUALIZER\node_modules\@remix-run\router\history.ts:494:11)
    at invariant (D:\projects\DATASTRUICTURE-VISUALIZER\node_modules\react-router\lib\components.tsx:429:3)
    at renderWithHooks (D:\projects\DATASTRUICTURE-VISUALIZER\node_modules\react-dom\cjs\react-dom.development.js:15486:18)
    at mountIndeterminateComponent (D:\projects\DATASTRUICTURE-VISUALIZER\node_modules\react-dom\cjs\react-dom.development.js:20103:13)
    at beginWork (D:\projects\DATASTRUICTURE-VISUALIZER\node_modules\react-dom\cjs\react-dom.development.js:21626:16)
    at beginWork$1 (D:\projects\DATASTRUICTURE-VISUALIZER\node_modules\react-dom\cjs\react-dom.development.js:27465:14)
    at performUnitOfWork (D:\projects\DATASTRUICTURE-VISUALIZER\node_modules\react-dom\cjs\react-dom.development.js:26599:12)
    at workLoopSync (D:\projects\DATASTRUICTURE-VISUALIZER\node_modules\react-dom\cjs\react-dom.development.js:26505:5)
    at renderRootSync (D:\projects\DATASTRUICTURE-VISUALIZER\node_modules\react-dom\cjs\react-dom.development.js:26473:7)
    at recoverFromConcurrentError (D:\projects\DATASTRUICTURE-VISUALIZER\node_modules\react-dom\cjs\react-dom.development.js:25889:20)
    at performConcurrentWorkOnRoot (D:\projects\DATASTRUICTURE-VISUALIZER\node_modules\react-dom\cjs\react-dom.development.js:25789:22)
    at flushActQueue (D:\projects\DATASTRUICTURE-VISUALIZER\node_modules\react\cjs\react.development.js:2667:24)
    at act (D:\projects\DATASTRUICTURE-VISUALIZER\node_modules\react\cjs\react.development.js:2582:11)
    at D:\projects\DATASTRUICTURE-VISUALIZER\node_modules\@testing-library\react\dist\act-compat.js:47:25
    at renderRoot (D:\projects\DATASTRUICTURE-VISUALIZER\node_modules\@testing-library\react\dist\pure.js:190:26)
    at render (D:\projects\DATASTRUICTURE-VISUALIZER\node_modules\@testing-library\react\dist\pure.js:292:10)
    at customRender (D:\projects\DATASTRUICTURE-VISUALIZER\src\test-utils\index.tsx:24:12)
    at renderWithRouter (D:\projects\DATASTRUICTURE-VISUALIZER\src\tests\integration\Navigation.test.tsx:35:18)
    at D:\projects\DATASTRUICTURE-VISUALIZER\src\tests\integration\Navigation.test.tsx:124:7
    at Array.forEach (&lt;anonymous&gt;)
    at Object.&lt;anonymous&gt; (D:\projects\DATASTRUICTURE-VISUALIZER\src\tests\integration\Navigation.test.tsx:123:12)
    at Promise.finally.completed (D:\projects\DATASTRUICTURE-VISUALIZER\node_modules\jest-circus\build\jestAdapterInit.js:1559:28)
    at new Promise (&lt;anonymous&gt;)
    at callAsyncCircusFn (D:\projects\DATASTRUICTURE-VISUALIZER\node_modules\jest-circus\build\jestAdapterInit.js:1499:10)
    at _callCircusTest (D:\projects\DATASTRUICTURE-VISUALIZER\node_modules\jest-circus\build\jestAdapterInit.js:1009:40)
    at processTicksAndRejections (node:internal/process/task_queues:105:5)
    at _runTest (D:\projects\DATASTRUICTURE-VISUALIZER\node_modules\jest-circus\build\jestAdapterInit.js:949:3)
    at _runTestsForDescribeBlock (D:\projects\DATASTRUICTURE-VISUALIZER\node_modules\jest-circus\build\jestAdapterInit.js:839:13)
    at _runTestsForDescribeBlock (D:\projects\DATASTRUICTURE-VISUALIZER\node_modules\jest-circus\build\jestAdapterInit.js:829:11)
    at run (D:\projects\DATASTRUICTURE-VISUALIZER\node_modules\jest-circus\build\jestAdapterInit.js:757:3)
    at runAndTransformResultsToJestFormat (D:\projects\DATASTRUICTURE-VISUALIZER\node_modules\jest-circus\build\jestAdapterInit.js:1920:21)
    at jestAdapter (D:\projects\DATASTRUICTURE-VISUALIZER\node_modules\jest-circus\build\runner.js:101:19)
    at runTestInternal (D:\projects\DATASTRUICTURE-VISUALIZER\node_modules\jest-runner\build\testWorker.js:275:16)
    at runTest (D:\projects\DATASTRUICTURE-VISUALIZER\node_modules\jest-runner\build\testWorker.js:343:7)
    at Object.worker (D:\projects\DATASTRUICTURE-VISUALIZER\node_modules\jest-runner\build\testWorker.js:497:12)</failure>
    </testcase>
    <testcase classname="Navigation Integration Tests header is present on all pages" name="Navigation Integration Tests header is present on all pages" time="0.025">
      <failure>Error: You cannot render a &lt;Router&gt; inside another &lt;Router&gt;. You should never have more than one in your app.
    at Object.invariant [as UNSAFE_invariant] (D:\projects\DATASTRUICTURE-VISUALIZER\node_modules\@remix-run\router\history.ts:494:11)
    at invariant (D:\projects\DATASTRUICTURE-VISUALIZER\node_modules\react-router\lib\components.tsx:429:3)
    at renderWithHooks (D:\projects\DATASTRUICTURE-VISUALIZER\node_modules\react-dom\cjs\react-dom.development.js:15486:18)
    at mountIndeterminateComponent (D:\projects\DATASTRUICTURE-VISUALIZER\node_modules\react-dom\cjs\react-dom.development.js:20103:13)
    at beginWork (D:\projects\DATASTRUICTURE-VISUALIZER\node_modules\react-dom\cjs\react-dom.development.js:21626:16)
    at beginWork$1 (D:\projects\DATASTRUICTURE-VISUALIZER\node_modules\react-dom\cjs\react-dom.development.js:27465:14)
    at performUnitOfWork (D:\projects\DATASTRUICTURE-VISUALIZER\node_modules\react-dom\cjs\react-dom.development.js:26599:12)
    at workLoopSync (D:\projects\DATASTRUICTURE-VISUALIZER\node_modules\react-dom\cjs\react-dom.development.js:26505:5)
    at renderRootSync (D:\projects\DATASTRUICTURE-VISUALIZER\node_modules\react-dom\cjs\react-dom.development.js:26473:7)
    at recoverFromConcurrentError (D:\projects\DATASTRUICTURE-VISUALIZER\node_modules\react-dom\cjs\react-dom.development.js:25889:20)
    at performConcurrentWorkOnRoot (D:\projects\DATASTRUICTURE-VISUALIZER\node_modules\react-dom\cjs\react-dom.development.js:25789:22)
    at flushActQueue (D:\projects\DATASTRUICTURE-VISUALIZER\node_modules\react\cjs\react.development.js:2667:24)
    at act (D:\projects\DATASTRUICTURE-VISUALIZER\node_modules\react\cjs\react.development.js:2582:11)
    at D:\projects\DATASTRUICTURE-VISUALIZER\node_modules\@testing-library\react\dist\act-compat.js:47:25
    at renderRoot (D:\projects\DATASTRUICTURE-VISUALIZER\node_modules\@testing-library\react\dist\pure.js:190:26)
    at render (D:\projects\DATASTRUICTURE-VISUALIZER\node_modules\@testing-library\react\dist\pure.js:292:10)
    at customRender (D:\projects\DATASTRUICTURE-VISUALIZER\src\test-utils\index.tsx:24:12)
    at renderWithRouter (D:\projects\DATASTRUICTURE-VISUALIZER\src\tests\integration\Navigation.test.tsx:35:18)
    at D:\projects\DATASTRUICTURE-VISUALIZER\src\tests\integration\Navigation.test.tsx:133:7
    at Array.forEach (&lt;anonymous&gt;)
    at Object.&lt;anonymous&gt; (D:\projects\DATASTRUICTURE-VISUALIZER\src\tests\integration\Navigation.test.tsx:132:12)
    at Promise.finally.completed (D:\projects\DATASTRUICTURE-VISUALIZER\node_modules\jest-circus\build\jestAdapterInit.js:1559:28)
    at new Promise (&lt;anonymous&gt;)
    at callAsyncCircusFn (D:\projects\DATASTRUICTURE-VISUALIZER\node_modules\jest-circus\build\jestAdapterInit.js:1499:10)
    at _callCircusTest (D:\projects\DATASTRUICTURE-VISUALIZER\node_modules\jest-circus\build\jestAdapterInit.js:1009:40)
    at processTicksAndRejections (node:internal/process/task_queues:105:5)
    at _runTest (D:\projects\DATASTRUICTURE-VISUALIZER\node_modules\jest-circus\build\jestAdapterInit.js:949:3)
    at _runTestsForDescribeBlock (D:\projects\DATASTRUICTURE-VISUALIZER\node_modules\jest-circus\build\jestAdapterInit.js:839:13)
    at _runTestsForDescribeBlock (D:\projects\DATASTRUICTURE-VISUALIZER\node_modules\jest-circus\build\jestAdapterInit.js:829:11)
    at run (D:\projects\DATASTRUICTURE-VISUALIZER\node_modules\jest-circus\build\jestAdapterInit.js:757:3)
    at runAndTransformResultsToJestFormat (D:\projects\DATASTRUICTURE-VISUALIZER\node_modules\jest-circus\build\jestAdapterInit.js:1920:21)
    at jestAdapter (D:\projects\DATASTRUICTURE-VISUALIZER\node_modules\jest-circus\build\runner.js:101:19)
    at runTestInternal (D:\projects\DATASTRUICTURE-VISUALIZER\node_modules\jest-runner\build\testWorker.js:275:16)
    at runTest (D:\projects\DATASTRUICTURE-VISUALIZER\node_modules\jest-runner\build\testWorker.js:343:7)
    at Object.worker (D:\projects\DATASTRUICTURE-VISUALIZER\node_modules\jest-runner\build\testWorker.js:497:12)</failure>
    </testcase>
    <testcase classname="Navigation Integration Tests footer is present on all pages" name="Navigation Integration Tests footer is present on all pages" time="0.014">
      <failure>Error: You cannot render a &lt;Router&gt; inside another &lt;Router&gt;. You should never have more than one in your app.
    at Object.invariant [as UNSAFE_invariant] (D:\projects\DATASTRUICTURE-VISUALIZER\node_modules\@remix-run\router\history.ts:494:11)
    at invariant (D:\projects\DATASTRUICTURE-VISUALIZER\node_modules\react-router\lib\components.tsx:429:3)
    at renderWithHooks (D:\projects\DATASTRUICTURE-VISUALIZER\node_modules\react-dom\cjs\react-dom.development.js:15486:18)
    at mountIndeterminateComponent (D:\projects\DATASTRUICTURE-VISUALIZER\node_modules\react-dom\cjs\react-dom.development.js:20103:13)
    at beginWork (D:\projects\DATASTRUICTURE-VISUALIZER\node_modules\react-dom\cjs\react-dom.development.js:21626:16)
    at beginWork$1 (D:\projects\DATASTRUICTURE-VISUALIZER\node_modules\react-dom\cjs\react-dom.development.js:27465:14)
    at performUnitOfWork (D:\projects\DATASTRUICTURE-VISUALIZER\node_modules\react-dom\cjs\react-dom.development.js:26599:12)
    at workLoopSync (D:\projects\DATASTRUICTURE-VISUALIZER\node_modules\react-dom\cjs\react-dom.development.js:26505:5)
    at renderRootSync (D:\projects\DATASTRUICTURE-VISUALIZER\node_modules\react-dom\cjs\react-dom.development.js:26473:7)
    at recoverFromConcurrentError (D:\projects\DATASTRUICTURE-VISUALIZER\node_modules\react-dom\cjs\react-dom.development.js:25889:20)
    at performConcurrentWorkOnRoot (D:\projects\DATASTRUICTURE-VISUALIZER\node_modules\react-dom\cjs\react-dom.development.js:25789:22)
    at flushActQueue (D:\projects\DATASTRUICTURE-VISUALIZER\node_modules\react\cjs\react.development.js:2667:24)
    at act (D:\projects\DATASTRUICTURE-VISUALIZER\node_modules\react\cjs\react.development.js:2582:11)
    at D:\projects\DATASTRUICTURE-VISUALIZER\node_modules\@testing-library\react\dist\act-compat.js:47:25
    at renderRoot (D:\projects\DATASTRUICTURE-VISUALIZER\node_modules\@testing-library\react\dist\pure.js:190:26)
    at render (D:\projects\DATASTRUICTURE-VISUALIZER\node_modules\@testing-library\react\dist\pure.js:292:10)
    at customRender (D:\projects\DATASTRUICTURE-VISUALIZER\src\test-utils\index.tsx:24:12)
    at renderWithRouter (D:\projects\DATASTRUICTURE-VISUALIZER\src\tests\integration\Navigation.test.tsx:35:18)
    at D:\projects\DATASTRUICTURE-VISUALIZER\src\tests\integration\Navigation.test.tsx:143:7
    at Array.forEach (&lt;anonymous&gt;)
    at Object.&lt;anonymous&gt; (D:\projects\DATASTRUICTURE-VISUALIZER\src\tests\integration\Navigation.test.tsx:142:12)
    at Promise.finally.completed (D:\projects\DATASTRUICTURE-VISUALIZER\node_modules\jest-circus\build\jestAdapterInit.js:1559:28)
    at new Promise (&lt;anonymous&gt;)
    at callAsyncCircusFn (D:\projects\DATASTRUICTURE-VISUALIZER\node_modules\jest-circus\build\jestAdapterInit.js:1499:10)
    at _callCircusTest (D:\projects\DATASTRUICTURE-VISUALIZER\node_modules\jest-circus\build\jestAdapterInit.js:1009:40)
    at processTicksAndRejections (node:internal/process/task_queues:105:5)
    at _runTest (D:\projects\DATASTRUICTURE-VISUALIZER\node_modules\jest-circus\build\jestAdapterInit.js:949:3)
    at _runTestsForDescribeBlock (D:\projects\DATASTRUICTURE-VISUALIZER\node_modules\jest-circus\build\jestAdapterInit.js:839:13)
    at _runTestsForDescribeBlock (D:\projects\DATASTRUICTURE-VISUALIZER\node_modules\jest-circus\build\jestAdapterInit.js:829:11)
    at run (D:\projects\DATASTRUICTURE-VISUALIZER\node_modules\jest-circus\build\jestAdapterInit.js:757:3)
    at runAndTransformResultsToJestFormat (D:\projects\DATASTRUICTURE-VISUALIZER\node_modules\jest-circus\build\jestAdapterInit.js:1920:21)
    at jestAdapter (D:\projects\DATASTRUICTURE-VISUALIZER\node_modules\jest-circus\build\runner.js:101:19)
    at runTestInternal (D:\projects\DATASTRUICTURE-VISUALIZER\node_modules\jest-runner\build\testWorker.js:275:16)
    at runTest (D:\projects\DATASTRUICTURE-VISUALIZER\node_modules\jest-runner\build\testWorker.js:343:7)
    at Object.worker (D:\projects\DATASTRUICTURE-VISUALIZER\node_modules\jest-runner\build\testWorker.js:497:12)</failure>
    </testcase>
    <testcase classname="Navigation Integration Tests github link works on all pages" name="Navigation Integration Tests github link works on all pages" time="0.027">
      <failure>Error: You cannot render a &lt;Router&gt; inside another &lt;Router&gt;. You should never have more than one in your app.
    at Object.invariant [as UNSAFE_invariant] (D:\projects\DATASTRUICTURE-VISUALIZER\node_modules\@remix-run\router\history.ts:494:11)
    at invariant (D:\projects\DATASTRUICTURE-VISUALIZER\node_modules\react-router\lib\components.tsx:429:3)
    at renderWithHooks (D:\projects\DATASTRUICTURE-VISUALIZER\node_modules\react-dom\cjs\react-dom.development.js:15486:18)
    at mountIndeterminateComponent (D:\projects\DATASTRUICTURE-VISUALIZER\node_modules\react-dom\cjs\react-dom.development.js:20103:13)
    at beginWork (D:\projects\DATASTRUICTURE-VISUALIZER\node_modules\react-dom\cjs\react-dom.development.js:21626:16)
    at beginWork$1 (D:\projects\DATASTRUICTURE-VISUALIZER\node_modules\react-dom\cjs\react-dom.development.js:27465:14)
    at performUnitOfWork (D:\projects\DATASTRUICTURE-VISUALIZER\node_modules\react-dom\cjs\react-dom.development.js:26599:12)
    at workLoopSync (D:\projects\DATASTRUICTURE-VISUALIZER\node_modules\react-dom\cjs\react-dom.development.js:26505:5)
    at renderRootSync (D:\projects\DATASTRUICTURE-VISUALIZER\node_modules\react-dom\cjs\react-dom.development.js:26473:7)
    at recoverFromConcurrentError (D:\projects\DATASTRUICTURE-VISUALIZER\node_modules\react-dom\cjs\react-dom.development.js:25889:20)
    at performConcurrentWorkOnRoot (D:\projects\DATASTRUICTURE-VISUALIZER\node_modules\react-dom\cjs\react-dom.development.js:25789:22)
    at flushActQueue (D:\projects\DATASTRUICTURE-VISUALIZER\node_modules\react\cjs\react.development.js:2667:24)
    at act (D:\projects\DATASTRUICTURE-VISUALIZER\node_modules\react\cjs\react.development.js:2582:11)
    at D:\projects\DATASTRUICTURE-VISUALIZER\node_modules\@testing-library\react\dist\act-compat.js:47:25
    at renderRoot (D:\projects\DATASTRUICTURE-VISUALIZER\node_modules\@testing-library\react\dist\pure.js:190:26)
    at render (D:\projects\DATASTRUICTURE-VISUALIZER\node_modules\@testing-library\react\dist\pure.js:292:10)
    at customRender (D:\projects\DATASTRUICTURE-VISUALIZER\src\test-utils\index.tsx:24:12)
    at renderWithRouter (D:\projects\DATASTRUICTURE-VISUALIZER\src\tests\integration\Navigation.test.tsx:35:18)
    at D:\projects\DATASTRUICTURE-VISUALIZER\src\tests\integration\Navigation.test.tsx:152:7
    at Array.forEach (&lt;anonymous&gt;)
    at Object.&lt;anonymous&gt; (D:\projects\DATASTRUICTURE-VISUALIZER\src\tests\integration\Navigation.test.tsx:151:12)
    at Promise.finally.completed (D:\projects\DATASTRUICTURE-VISUALIZER\node_modules\jest-circus\build\jestAdapterInit.js:1559:28)
    at new Promise (&lt;anonymous&gt;)
    at callAsyncCircusFn (D:\projects\DATASTRUICTURE-VISUALIZER\node_modules\jest-circus\build\jestAdapterInit.js:1499:10)
    at _callCircusTest (D:\projects\DATASTRUICTURE-VISUALIZER\node_modules\jest-circus\build\jestAdapterInit.js:1009:40)
    at processTicksAndRejections (node:internal/process/task_queues:105:5)
    at _runTest (D:\projects\DATASTRUICTURE-VISUALIZER\node_modules\jest-circus\build\jestAdapterInit.js:949:3)
    at _runTestsForDescribeBlock (D:\projects\DATASTRUICTURE-VISUALIZER\node_modules\jest-circus\build\jestAdapterInit.js:839:13)
    at _runTestsForDescribeBlock (D:\projects\DATASTRUICTURE-VISUALIZER\node_modules\jest-circus\build\jestAdapterInit.js:829:11)
    at run (D:\projects\DATASTRUICTURE-VISUALIZER\node_modules\jest-circus\build\jestAdapterInit.js:757:3)
    at runAndTransformResultsToJestFormat (D:\projects\DATASTRUICTURE-VISUALIZER\node_modules\jest-circus\build\jestAdapterInit.js:1920:21)
    at jestAdapter (D:\projects\DATASTRUICTURE-VISUALIZER\node_modules\jest-circus\build\runner.js:101:19)
    at runTestInternal (D:\projects\DATASTRUICTURE-VISUALIZER\node_modules\jest-runner\build\testWorker.js:275:16)
    at runTest (D:\projects\DATASTRUICTURE-VISUALIZER\node_modules\jest-runner\build\testWorker.js:343:7)
    at Object.worker (D:\projects\DATASTRUICTURE-VISUALIZER\node_modules\jest-runner\build\testWorker.js:497:12)</failure>
    </testcase>
    <testcase classname="Navigation Integration Tests handles unknown routes gracefully" name="Navigation Integration Tests handles unknown routes gracefully" time="0.017">
      <failure>Error: You cannot render a &lt;Router&gt; inside another &lt;Router&gt;. You should never have more than one in your app.
    at Object.invariant [as UNSAFE_invariant] (D:\projects\DATASTRUICTURE-VISUALIZER\node_modules\@remix-run\router\history.ts:494:11)
    at invariant (D:\projects\DATASTRUICTURE-VISUALIZER\node_modules\react-router\lib\components.tsx:429:3)
    at renderWithHooks (D:\projects\DATASTRUICTURE-VISUALIZER\node_modules\react-dom\cjs\react-dom.development.js:15486:18)
    at mountIndeterminateComponent (D:\projects\DATASTRUICTURE-VISUALIZER\node_modules\react-dom\cjs\react-dom.development.js:20103:13)
    at beginWork (D:\projects\DATASTRUICTURE-VISUALIZER\node_modules\react-dom\cjs\react-dom.development.js:21626:16)
    at beginWork$1 (D:\projects\DATASTRUICTURE-VISUALIZER\node_modules\react-dom\cjs\react-dom.development.js:27465:14)
    at performUnitOfWork (D:\projects\DATASTRUICTURE-VISUALIZER\node_modules\react-dom\cjs\react-dom.development.js:26599:12)
    at workLoopSync (D:\projects\DATASTRUICTURE-VISUALIZER\node_modules\react-dom\cjs\react-dom.development.js:26505:5)
    at renderRootSync (D:\projects\DATASTRUICTURE-VISUALIZER\node_modules\react-dom\cjs\react-dom.development.js:26473:7)
    at recoverFromConcurrentError (D:\projects\DATASTRUICTURE-VISUALIZER\node_modules\react-dom\cjs\react-dom.development.js:25889:20)
    at performConcurrentWorkOnRoot (D:\projects\DATASTRUICTURE-VISUALIZER\node_modules\react-dom\cjs\react-dom.development.js:25789:22)
    at flushActQueue (D:\projects\DATASTRUICTURE-VISUALIZER\node_modules\react\cjs\react.development.js:2667:24)
    at act (D:\projects\DATASTRUICTURE-VISUALIZER\node_modules\react\cjs\react.development.js:2582:11)
    at D:\projects\DATASTRUICTURE-VISUALIZER\node_modules\@testing-library\react\dist\act-compat.js:47:25
    at renderRoot (D:\projects\DATASTRUICTURE-VISUALIZER\node_modules\@testing-library\react\dist\pure.js:190:26)
    at render (D:\projects\DATASTRUICTURE-VISUALIZER\node_modules\@testing-library\react\dist\pure.js:292:10)
    at customRender (D:\projects\DATASTRUICTURE-VISUALIZER\src\test-utils\index.tsx:24:12)
    at renderWithRouter (D:\projects\DATASTRUICTURE-VISUALIZER\src\tests\integration\Navigation.test.tsx:35:18)
    at Object.&lt;anonymous&gt; (D:\projects\DATASTRUICTURE-VISUALIZER\src\tests\integration\Navigation.test.tsx:162:5)
    at Promise.finally.completed (D:\projects\DATASTRUICTURE-VISUALIZER\node_modules\jest-circus\build\jestAdapterInit.js:1559:28)
    at new Promise (&lt;anonymous&gt;)
    at callAsyncCircusFn (D:\projects\DATASTRUICTURE-VISUALIZER\node_modules\jest-circus\build\jestAdapterInit.js:1499:10)
    at _callCircusTest (D:\projects\DATASTRUICTURE-VISUALIZER\node_modules\jest-circus\build\jestAdapterInit.js:1009:40)
    at processTicksAndRejections (node:internal/process/task_queues:105:5)
    at _runTest (D:\projects\DATASTRUICTURE-VISUALIZER\node_modules\jest-circus\build\jestAdapterInit.js:949:3)
    at _runTestsForDescribeBlock (D:\projects\DATASTRUICTURE-VISUALIZER\node_modules\jest-circus\build\jestAdapterInit.js:839:13)
    at _runTestsForDescribeBlock (D:\projects\DATASTRUICTURE-VISUALIZER\node_modules\jest-circus\build\jestAdapterInit.js:829:11)
    at run (D:\projects\DATASTRUICTURE-VISUALIZER\node_modules\jest-circus\build\jestAdapterInit.js:757:3)
    at runAndTransformResultsToJestFormat (D:\projects\DATASTRUICTURE-VISUALIZER\node_modules\jest-circus\build\jestAdapterInit.js:1920:21)
    at jestAdapter (D:\projects\DATASTRUICTURE-VISUALIZER\node_modules\jest-circus\build\runner.js:101:19)
    at runTestInternal (D:\projects\DATASTRUICTURE-VISUALIZER\node_modules\jest-runner\build\testWorker.js:275:16)
    at runTest (D:\projects\DATASTRUICTURE-VISUALIZER\node_modules\jest-runner\build\testWorker.js:343:7)
    at Object.worker (D:\projects\DATASTRUICTURE-VISUALIZER\node_modules\jest-runner\build\testWorker.js:497:12)</failure>
    </testcase>
    <testcase classname="Navigation Integration Tests animation provider context is available across routes" name="Navigation Integration Tests animation provider context is available across routes" time="0.016">
      <failure>Error: You cannot render a &lt;Router&gt; inside another &lt;Router&gt;. You should never have more than one in your app.
    at Object.invariant [as UNSAFE_invariant] (D:\projects\DATASTRUICTURE-VISUALIZER\node_modules\@remix-run\router\history.ts:494:11)
    at invariant (D:\projects\DATASTRUICTURE-VISUALIZER\node_modules\react-router\lib\components.tsx:429:3)
    at renderWithHooks (D:\projects\DATASTRUICTURE-VISUALIZER\node_modules\react-dom\cjs\react-dom.development.js:15486:18)
    at mountIndeterminateComponent (D:\projects\DATASTRUICTURE-VISUALIZER\node_modules\react-dom\cjs\react-dom.development.js:20103:13)
    at beginWork (D:\projects\DATASTRUICTURE-VISUALIZER\node_modules\react-dom\cjs\react-dom.development.js:21626:16)
    at beginWork$1 (D:\projects\DATASTRUICTURE-VISUALIZER\node_modules\react-dom\cjs\react-dom.development.js:27465:14)
    at performUnitOfWork (D:\projects\DATASTRUICTURE-VISUALIZER\node_modules\react-dom\cjs\react-dom.development.js:26599:12)
    at workLoopSync (D:\projects\DATASTRUICTURE-VISUALIZER\node_modules\react-dom\cjs\react-dom.development.js:26505:5)
    at renderRootSync (D:\projects\DATASTRUICTURE-VISUALIZER\node_modules\react-dom\cjs\react-dom.development.js:26473:7)
    at recoverFromConcurrentError (D:\projects\DATASTRUICTURE-VISUALIZER\node_modules\react-dom\cjs\react-dom.development.js:25889:20)
    at performConcurrentWorkOnRoot (D:\projects\DATASTRUICTURE-VISUALIZER\node_modules\react-dom\cjs\react-dom.development.js:25789:22)
    at flushActQueue (D:\projects\DATASTRUICTURE-VISUALIZER\node_modules\react\cjs\react.development.js:2667:24)
    at act (D:\projects\DATASTRUICTURE-VISUALIZER\node_modules\react\cjs\react.development.js:2582:11)
    at D:\projects\DATASTRUICTURE-VISUALIZER\node_modules\@testing-library\react\dist\act-compat.js:47:25
    at renderRoot (D:\projects\DATASTRUICTURE-VISUALIZER\node_modules\@testing-library\react\dist\pure.js:190:26)
    at render (D:\projects\DATASTRUICTURE-VISUALIZER\node_modules\@testing-library\react\dist\pure.js:292:10)
    at customRender (D:\projects\DATASTRUICTURE-VISUALIZER\src\test-utils\index.tsx:24:12)
    at renderWithRouter (D:\projects\DATASTRUICTURE-VISUALIZER\src\tests\integration\Navigation.test.tsx:35:18)
    at D:\projects\DATASTRUICTURE-VISUALIZER\src\tests\integration\Navigation.test.tsx:173:7
    at Array.forEach (&lt;anonymous&gt;)
    at Object.&lt;anonymous&gt; (D:\projects\DATASTRUICTURE-VISUALIZER\src\tests\integration\Navigation.test.tsx:172:12)
    at Promise.finally.completed (D:\projects\DATASTRUICTURE-VISUALIZER\node_modules\jest-circus\build\jestAdapterInit.js:1559:28)
    at new Promise (&lt;anonymous&gt;)
    at callAsyncCircusFn (D:\projects\DATASTRUICTURE-VISUALIZER\node_modules\jest-circus\build\jestAdapterInit.js:1499:10)
    at _callCircusTest (D:\projects\DATASTRUICTURE-VISUALIZER\node_modules\jest-circus\build\jestAdapterInit.js:1009:40)
    at processTicksAndRejections (node:internal/process/task_queues:105:5)
    at _runTest (D:\projects\DATASTRUICTURE-VISUALIZER\node_modules\jest-circus\build\jestAdapterInit.js:949:3)
    at _runTestsForDescribeBlock (D:\projects\DATASTRUICTURE-VISUALIZER\node_modules\jest-circus\build\jestAdapterInit.js:839:13)
    at _runTestsForDescribeBlock (D:\projects\DATASTRUICTURE-VISUALIZER\node_modules\jest-circus\build\jestAdapterInit.js:829:11)
    at run (D:\projects\DATASTRUICTURE-VISUALIZER\node_modules\jest-circus\build\jestAdapterInit.js:757:3)
    at runAndTransformResultsToJestFormat (D:\projects\DATASTRUICTURE-VISUALIZER\node_modules\jest-circus\build\jestAdapterInit.js:1920:21)
    at jestAdapter (D:\projects\DATASTRUICTURE-VISUALIZER\node_modules\jest-circus\build\runner.js:101:19)
    at runTestInternal (D:\projects\DATASTRUICTURE-VISUALIZER\node_modules\jest-runner\build\testWorker.js:275:16)
    at runTest (D:\projects\DATASTRUICTURE-VISUALIZER\node_modules\jest-runner\build\testWorker.js:343:7)
    at Object.worker (D:\projects\DATASTRUICTURE-VISUALIZER\node_modules\jest-runner\build\testWorker.js:497:12)</failure>
    </testcase>
    <testcase classname="Navigation Integration Tests theme provider context is available across routes" name="Navigation Integration Tests theme provider context is available across routes" time="0.012">
      <failure>Error: You cannot render a &lt;Router&gt; inside another &lt;Router&gt;. You should never have more than one in your app.
    at Object.invariant [as UNSAFE_invariant] (D:\projects\DATASTRUICTURE-VISUALIZER\node_modules\@remix-run\router\history.ts:494:11)
    at invariant (D:\projects\DATASTRUICTURE-VISUALIZER\node_modules\react-router\lib\components.tsx:429:3)
    at renderWithHooks (D:\projects\DATASTRUICTURE-VISUALIZER\node_modules\react-dom\cjs\react-dom.development.js:15486:18)
    at mountIndeterminateComponent (D:\projects\DATASTRUICTURE-VISUALIZER\node_modules\react-dom\cjs\react-dom.development.js:20103:13)
    at beginWork (D:\projects\DATASTRUICTURE-VISUALIZER\node_modules\react-dom\cjs\react-dom.development.js:21626:16)
    at beginWork$1 (D:\projects\DATASTRUICTURE-VISUALIZER\node_modules\react-dom\cjs\react-dom.development.js:27465:14)
    at performUnitOfWork (D:\projects\DATASTRUICTURE-VISUALIZER\node_modules\react-dom\cjs\react-dom.development.js:26599:12)
    at workLoopSync (D:\projects\DATASTRUICTURE-VISUALIZER\node_modules\react-dom\cjs\react-dom.development.js:26505:5)
    at renderRootSync (D:\projects\DATASTRUICTURE-VISUALIZER\node_modules\react-dom\cjs\react-dom.development.js:26473:7)
    at recoverFromConcurrentError (D:\projects\DATASTRUICTURE-VISUALIZER\node_modules\react-dom\cjs\react-dom.development.js:25889:20)
    at performConcurrentWorkOnRoot (D:\projects\DATASTRUICTURE-VISUALIZER\node_modules\react-dom\cjs\react-dom.development.js:25789:22)
    at flushActQueue (D:\projects\DATASTRUICTURE-VISUALIZER\node_modules\react\cjs\react.development.js:2667:24)
    at act (D:\projects\DATASTRUICTURE-VISUALIZER\node_modules\react\cjs\react.development.js:2582:11)
    at D:\projects\DATASTRUICTURE-VISUALIZER\node_modules\@testing-library\react\dist\act-compat.js:47:25
    at renderRoot (D:\projects\DATASTRUICTURE-VISUALIZER\node_modules\@testing-library\react\dist\pure.js:190:26)
    at render (D:\projects\DATASTRUICTURE-VISUALIZER\node_modules\@testing-library\react\dist\pure.js:292:10)
    at customRender (D:\projects\DATASTRUICTURE-VISUALIZER\src\test-utils\index.tsx:24:12)
    at renderWithRouter (D:\projects\DATASTRUICTURE-VISUALIZER\src\tests\integration\Navigation.test.tsx:35:18)
    at D:\projects\DATASTRUICTURE-VISUALIZER\src\tests\integration\Navigation.test.tsx:186:7
    at Array.forEach (&lt;anonymous&gt;)
    at Object.&lt;anonymous&gt; (D:\projects\DATASTRUICTURE-VISUALIZER\src\tests\integration\Navigation.test.tsx:185:12)
    at Promise.finally.completed (D:\projects\DATASTRUICTURE-VISUALIZER\node_modules\jest-circus\build\jestAdapterInit.js:1559:28)
    at new Promise (&lt;anonymous&gt;)
    at callAsyncCircusFn (D:\projects\DATASTRUICTURE-VISUALIZER\node_modules\jest-circus\build\jestAdapterInit.js:1499:10)
    at _callCircusTest (D:\projects\DATASTRUICTURE-VISUALIZER\node_modules\jest-circus\build\jestAdapterInit.js:1009:40)
    at processTicksAndRejections (node:internal/process/task_queues:105:5)
    at _runTest (D:\projects\DATASTRUICTURE-VISUALIZER\node_modules\jest-circus\build\jestAdapterInit.js:949:3)
    at _runTestsForDescribeBlock (D:\projects\DATASTRUICTURE-VISUALIZER\node_modules\jest-circus\build\jestAdapterInit.js:839:13)
    at _runTestsForDescribeBlock (D:\projects\DATASTRUICTURE-VISUALIZER\node_modules\jest-circus\build\jestAdapterInit.js:829:11)
    at run (D:\projects\DATASTRUICTURE-VISUALIZER\node_modules\jest-circus\build\jestAdapterInit.js:757:3)
    at runAndTransformResultsToJestFormat (D:\projects\DATASTRUICTURE-VISUALIZER\node_modules\jest-circus\build\jestAdapterInit.js:1920:21)
    at jestAdapter (D:\projects\DATASTRUICTURE-VISUALIZER\node_modules\jest-circus\build\runner.js:101:19)
    at runTestInternal (D:\projects\DATASTRUICTURE-VISUALIZER\node_modules\jest-runner\build\testWorker.js:275:16)
    at runTest (D:\projects\DATASTRUICTURE-VISUALIZER\node_modules\jest-runner\build\testWorker.js:343:7)
    at Object.worker (D:\projects\DATASTRUICTURE-VISUALIZER\node_modules\jest-runner\build\testWorker.js:497:12)</failure>
    </testcase>
    <testcase classname="Navigation Integration Tests scroll to top component works on navigation" name="Navigation Integration Tests scroll to top component works on navigation" time="0.012">
      <failure>Error: You cannot render a &lt;Router&gt; inside another &lt;Router&gt;. You should never have more than one in your app.
    at Object.invariant [as UNSAFE_invariant] (D:\projects\DATASTRUICTURE-VISUALIZER\node_modules\@remix-run\router\history.ts:494:11)
    at invariant (D:\projects\DATASTRUICTURE-VISUALIZER\node_modules\react-router\lib\components.tsx:429:3)
    at renderWithHooks (D:\projects\DATASTRUICTURE-VISUALIZER\node_modules\react-dom\cjs\react-dom.development.js:15486:18)
    at mountIndeterminateComponent (D:\projects\DATASTRUICTURE-VISUALIZER\node_modules\react-dom\cjs\react-dom.development.js:20103:13)
    at beginWork (D:\projects\DATASTRUICTURE-VISUALIZER\node_modules\react-dom\cjs\react-dom.development.js:21626:16)
    at beginWork$1 (D:\projects\DATASTRUICTURE-VISUALIZER\node_modules\react-dom\cjs\react-dom.development.js:27465:14)
    at performUnitOfWork (D:\projects\DATASTRUICTURE-VISUALIZER\node_modules\react-dom\cjs\react-dom.development.js:26599:12)
    at workLoopSync (D:\projects\DATASTRUICTURE-VISUALIZER\node_modules\react-dom\cjs\react-dom.development.js:26505:5)
    at renderRootSync (D:\projects\DATASTRUICTURE-VISUALIZER\node_modules\react-dom\cjs\react-dom.development.js:26473:7)
    at recoverFromConcurrentError (D:\projects\DATASTRUICTURE-VISUALIZER\node_modules\react-dom\cjs\react-dom.development.js:25889:20)
    at performConcurrentWorkOnRoot (D:\projects\DATASTRUICTURE-VISUALIZER\node_modules\react-dom\cjs\react-dom.development.js:25789:22)
    at flushActQueue (D:\projects\DATASTRUICTURE-VISUALIZER\node_modules\react\cjs\react.development.js:2667:24)
    at act (D:\projects\DATASTRUICTURE-VISUALIZER\node_modules\react\cjs\react.development.js:2582:11)
    at D:\projects\DATASTRUICTURE-VISUALIZER\node_modules\@testing-library\react\dist\act-compat.js:47:25
    at renderRoot (D:\projects\DATASTRUICTURE-VISUALIZER\node_modules\@testing-library\react\dist\pure.js:190:26)
    at render (D:\projects\DATASTRUICTURE-VISUALIZER\node_modules\@testing-library\react\dist\pure.js:292:10)
    at customRender (D:\projects\DATASTRUICTURE-VISUALIZER\src\test-utils\index.tsx:24:12)
    at renderWithRouter (D:\projects\DATASTRUICTURE-VISUALIZER\src\tests\integration\Navigation.test.tsx:35:18)
    at Object.&lt;anonymous&gt; (D:\projects\DATASTRUICTURE-VISUALIZER\src\tests\integration\Navigation.test.tsx:196:5)
    at Promise.finally.completed (D:\projects\DATASTRUICTURE-VISUALIZER\node_modules\jest-circus\build\jestAdapterInit.js:1559:28)
    at new Promise (&lt;anonymous&gt;)
    at callAsyncCircusFn (D:\projects\DATASTRUICTURE-VISUALIZER\node_modules\jest-circus\build\jestAdapterInit.js:1499:10)
    at _callCircusTest (D:\projects\DATASTRUICTURE-VISUALIZER\node_modules\jest-circus\build\jestAdapterInit.js:1009:40)
    at processTicksAndRejections (node:internal/process/task_queues:105:5)
    at _runTest (D:\projects\DATASTRUICTURE-VISUALIZER\node_modules\jest-circus\build\jestAdapterInit.js:949:3)
    at _runTestsForDescribeBlock (D:\projects\DATASTRUICTURE-VISUALIZER\node_modules\jest-circus\build\jestAdapterInit.js:839:13)
    at _runTestsForDescribeBlock (D:\projects\DATASTRUICTURE-VISUALIZER\node_modules\jest-circus\build\jestAdapterInit.js:829:11)
    at run (D:\projects\DATASTRUICTURE-VISUALIZER\node_modules\jest-circus\build\jestAdapterInit.js:757:3)
    at runAndTransformResultsToJestFormat (D:\projects\DATASTRUICTURE-VISUALIZER\node_modules\jest-circus\build\jestAdapterInit.js:1920:21)
    at jestAdapter (D:\projects\DATASTRUICTURE-VISUALIZER\node_modules\jest-circus\build\runner.js:101:19)
    at runTestInternal (D:\projects\DATASTRUICTURE-VISUALIZER\node_modules\jest-runner\build\testWorker.js:275:16)
    at runTest (D:\projects\DATASTRUICTURE-VISUALIZER\node_modules\jest-runner\build\testWorker.js:343:7)
    at Object.worker (D:\projects\DATASTRUICTURE-VISUALIZER\node_modules\jest-runner\build\testWorker.js:497:12)</failure>
    </testcase>
    <testcase classname="Navigation Integration Tests responsive layout structure is maintained across routes" name="Navigation Integration Tests responsive layout structure is maintained across routes" time="0.012">
      <failure>Error: You cannot render a &lt;Router&gt; inside another &lt;Router&gt;. You should never have more than one in your app.
    at Object.invariant [as UNSAFE_invariant] (D:\projects\DATASTRUICTURE-VISUALIZER\node_modules\@remix-run\router\history.ts:494:11)
    at invariant (D:\projects\DATASTRUICTURE-VISUALIZER\node_modules\react-router\lib\components.tsx:429:3)
    at renderWithHooks (D:\projects\DATASTRUICTURE-VISUALIZER\node_modules\react-dom\cjs\react-dom.development.js:15486:18)
    at mountIndeterminateComponent (D:\projects\DATASTRUICTURE-VISUALIZER\node_modules\react-dom\cjs\react-dom.development.js:20103:13)
    at beginWork (D:\projects\DATASTRUICTURE-VISUALIZER\node_modules\react-dom\cjs\react-dom.development.js:21626:16)
    at beginWork$1 (D:\projects\DATASTRUICTURE-VISUALIZER\node_modules\react-dom\cjs\react-dom.development.js:27465:14)
    at performUnitOfWork (D:\projects\DATASTRUICTURE-VISUALIZER\node_modules\react-dom\cjs\react-dom.development.js:26599:12)
    at workLoopSync (D:\projects\DATASTRUICTURE-VISUALIZER\node_modules\react-dom\cjs\react-dom.development.js:26505:5)
    at renderRootSync (D:\projects\DATASTRUICTURE-VISUALIZER\node_modules\react-dom\cjs\react-dom.development.js:26473:7)
    at recoverFromConcurrentError (D:\projects\DATASTRUICTURE-VISUALIZER\node_modules\react-dom\cjs\react-dom.development.js:25889:20)
    at performConcurrentWorkOnRoot (D:\projects\DATASTRUICTURE-VISUALIZER\node_modules\react-dom\cjs\react-dom.development.js:25789:22)
    at flushActQueue (D:\projects\DATASTRUICTURE-VISUALIZER\node_modules\react\cjs\react.development.js:2667:24)
    at act (D:\projects\DATASTRUICTURE-VISUALIZER\node_modules\react\cjs\react.development.js:2582:11)
    at D:\projects\DATASTRUICTURE-VISUALIZER\node_modules\@testing-library\react\dist\act-compat.js:47:25
    at renderRoot (D:\projects\DATASTRUICTURE-VISUALIZER\node_modules\@testing-library\react\dist\pure.js:190:26)
    at render (D:\projects\DATASTRUICTURE-VISUALIZER\node_modules\@testing-library\react\dist\pure.js:292:10)
    at customRender (D:\projects\DATASTRUICTURE-VISUALIZER\src\test-utils\index.tsx:24:12)
    at renderWithRouter (D:\projects\DATASTRUICTURE-VISUALIZER\src\tests\integration\Navigation.test.tsx:35:18)
    at D:\projects\DATASTRUICTURE-VISUALIZER\src\tests\integration\Navigation.test.tsx:208:7
    at Array.forEach (&lt;anonymous&gt;)
    at Object.&lt;anonymous&gt; (D:\projects\DATASTRUICTURE-VISUALIZER\src\tests\integration\Navigation.test.tsx:207:12)
    at Promise.finally.completed (D:\projects\DATASTRUICTURE-VISUALIZER\node_modules\jest-circus\build\jestAdapterInit.js:1559:28)
    at new Promise (&lt;anonymous&gt;)
    at callAsyncCircusFn (D:\projects\DATASTRUICTURE-VISUALIZER\node_modules\jest-circus\build\jestAdapterInit.js:1499:10)
    at _callCircusTest (D:\projects\DATASTRUICTURE-VISUALIZER\node_modules\jest-circus\build\jestAdapterInit.js:1009:40)
    at processTicksAndRejections (node:internal/process/task_queues:105:5)
    at _runTest (D:\projects\DATASTRUICTURE-VISUALIZER\node_modules\jest-circus\build\jestAdapterInit.js:949:3)
    at _runTestsForDescribeBlock (D:\projects\DATASTRUICTURE-VISUALIZER\node_modules\jest-circus\build\jestAdapterInit.js:839:13)
    at _runTestsForDescribeBlock (D:\projects\DATASTRUICTURE-VISUALIZER\node_modules\jest-circus\build\jestAdapterInit.js:829:11)
    at run (D:\projects\DATASTRUICTURE-VISUALIZER\node_modules\jest-circus\build\jestAdapterInit.js:757:3)
    at runAndTransformResultsToJestFormat (D:\projects\DATASTRUICTURE-VISUALIZER\node_modules\jest-circus\build\jestAdapterInit.js:1920:21)
    at jestAdapter (D:\projects\DATASTRUICTURE-VISUALIZER\node_modules\jest-circus\build\runner.js:101:19)
    at runTestInternal (D:\projects\DATASTRUICTURE-VISUALIZER\node_modules\jest-runner\build\testWorker.js:275:16)
    at runTest (D:\projects\DATASTRUICTURE-VISUALIZER\node_modules\jest-runner\build\testWorker.js:343:7)
    at Object.worker (D:\projects\DATASTRUICTURE-VISUALIZER\node_modules\jest-runner\build\testWorker.js:497:12)</failure>
    </testcase>
  </testsuite>
  <testsuite name="App Component" errors="0" failures="7" skipped="0" timestamp="2025-08-12T02:40:18" time="5.535" tests="7">
    <testcase classname="App Component renders without crashing" name="App Component renders without crashing" time="0.876">
      <failure>TypeError: Cannot read properties of undefined (reading &apos;name&apos;)
    at name (D:\projects\DATASTRUICTURE-VISUALIZER\node_modules\react-router\lib\components.tsx:698:72)
    at D:\projects\DATASTRUICTURE-VISUALIZER\node_modules\react\cjs\react.development.js:1195:17
    at D:\projects\DATASTRUICTURE-VISUALIZER\node_modules\react\cjs\react.development.js:1158:17
    at mapIntoArray (D:\projects\DATASTRUICTURE-VISUALIZER\node_modules\react\cjs\react.development.js:1049:23)
    at mapIntoArray (D:\projects\DATASTRUICTURE-VISUALIZER\node_modules\react\cjs\react.development.js:1099:23)
    at mapChildren (D:\projects\DATASTRUICTURE-VISUALIZER\node_modules\react\cjs\react.development.js:1157:3)
    at Object.forEachChildren [as forEach] (D:\projects\DATASTRUICTURE-VISUALIZER\node_modules\react\cjs\react.development.js:1194:3)
    at forEach (D:\projects\DATASTRUICTURE-VISUALIZER\node_modules\react-router\lib\components.tsx:677:18)
    at createRoutesFromChildren (D:\projects\DATASTRUICTURE-VISUALIZER\node_modules\react-router\lib\components.tsx:515:20)
    at renderWithHooks (D:\projects\DATASTRUICTURE-VISUALIZER\node_modules\react-dom\cjs\react-dom.development.js:15486:18)
    at mountIndeterminateComponent (D:\projects\DATASTRUICTURE-VISUALIZER\node_modules\react-dom\cjs\react-dom.development.js:20103:13)
    at beginWork (D:\projects\DATASTRUICTURE-VISUALIZER\node_modules\react-dom\cjs\react-dom.development.js:21626:16)
    at beginWork$1 (D:\projects\DATASTRUICTURE-VISUALIZER\node_modules\react-dom\cjs\react-dom.development.js:27465:14)
    at performUnitOfWork (D:\projects\DATASTRUICTURE-VISUALIZER\node_modules\react-dom\cjs\react-dom.development.js:26599:12)
    at workLoopSync (D:\projects\DATASTRUICTURE-VISUALIZER\node_modules\react-dom\cjs\react-dom.development.js:26505:5)
    at renderRootSync (D:\projects\DATASTRUICTURE-VISUALIZER\node_modules\react-dom\cjs\react-dom.development.js:26473:7)
    at recoverFromConcurrentError (D:\projects\DATASTRUICTURE-VISUALIZER\node_modules\react-dom\cjs\react-dom.development.js:25889:20)
    at performConcurrentWorkOnRoot (D:\projects\DATASTRUICTURE-VISUALIZER\node_modules\react-dom\cjs\react-dom.development.js:25789:22)
    at flushActQueue (D:\projects\DATASTRUICTURE-VISUALIZER\node_modules\react\cjs\react.development.js:2667:24)
    at act (D:\projects\DATASTRUICTURE-VISUALIZER\node_modules\react\cjs\react.development.js:2582:11)
    at D:\projects\DATASTRUICTURE-VISUALIZER\node_modules\@testing-library\react\dist\act-compat.js:47:25
    at renderRoot (D:\projects\DATASTRUICTURE-VISUALIZER\node_modules\@testing-library\react\dist\pure.js:190:26)
    at render (D:\projects\DATASTRUICTURE-VISUALIZER\node_modules\@testing-library\react\dist\pure.js:292:10)
    at customRender (D:\projects\DATASTRUICTURE-VISUALIZER\src\test-utils\index.tsx:24:12)
    at Object.&lt;anonymous&gt; (D:\projects\DATASTRUICTURE-VISUALIZER\src\App.test.tsx:27:11)
    at Promise.finally.completed (D:\projects\DATASTRUICTURE-VISUALIZER\node_modules\jest-circus\build\jestAdapterInit.js:1559:28)
    at new Promise (&lt;anonymous&gt;)
    at callAsyncCircusFn (D:\projects\DATASTRUICTURE-VISUALIZER\node_modules\jest-circus\build\jestAdapterInit.js:1499:10)
    at _callCircusTest (D:\projects\DATASTRUICTURE-VISUALIZER\node_modules\jest-circus\build\jestAdapterInit.js:1009:40)
    at processTicksAndRejections (node:internal/process/task_queues:105:5)
    at _runTest (D:\projects\DATASTRUICTURE-VISUALIZER\node_modules\jest-circus\build\jestAdapterInit.js:949:3)
    at _runTestsForDescribeBlock (D:\projects\DATASTRUICTURE-VISUALIZER\node_modules\jest-circus\build\jestAdapterInit.js:839:13)
    at _runTestsForDescribeBlock (D:\projects\DATASTRUICTURE-VISUALIZER\node_modules\jest-circus\build\jestAdapterInit.js:829:11)
    at run (D:\projects\DATASTRUICTURE-VISUALIZER\node_modules\jest-circus\build\jestAdapterInit.js:757:3)
    at runAndTransformResultsToJestFormat (D:\projects\DATASTRUICTURE-VISUALIZER\node_modules\jest-circus\build\jestAdapterInit.js:1920:21)
    at jestAdapter (D:\projects\DATASTRUICTURE-VISUALIZER\node_modules\jest-circus\build\runner.js:101:19)
    at runTestInternal (D:\projects\DATASTRUICTURE-VISUALIZER\node_modules\jest-runner\build\testWorker.js:275:16)
    at runTest (D:\projects\DATASTRUICTURE-VISUALIZER\node_modules\jest-runner\build\testWorker.js:343:7)
    at Object.worker (D:\projects\DATASTRUICTURE-VISUALIZER\node_modules\jest-runner\build\testWorker.js:497:12)</failure>
    </testcase>
    <testcase classname="App Component renders header with correct title" name="App Component renders header with correct title" time="0.405">
      <failure>TypeError: Cannot read properties of undefined (reading &apos;name&apos;)
    at name (D:\projects\DATASTRUICTURE-VISUALIZER\node_modules\react-router\lib\components.tsx:698:72)
    at D:\projects\DATASTRUICTURE-VISUALIZER\node_modules\react\cjs\react.development.js:1195:17
    at D:\projects\DATASTRUICTURE-VISUALIZER\node_modules\react\cjs\react.development.js:1158:17
    at mapIntoArray (D:\projects\DATASTRUICTURE-VISUALIZER\node_modules\react\cjs\react.development.js:1049:23)
    at mapIntoArray (D:\projects\DATASTRUICTURE-VISUALIZER\node_modules\react\cjs\react.development.js:1099:23)
    at mapChildren (D:\projects\DATASTRUICTURE-VISUALIZER\node_modules\react\cjs\react.development.js:1157:3)
    at Object.forEachChildren [as forEach] (D:\projects\DATASTRUICTURE-VISUALIZER\node_modules\react\cjs\react.development.js:1194:3)
    at forEach (D:\projects\DATASTRUICTURE-VISUALIZER\node_modules\react-router\lib\components.tsx:677:18)
    at createRoutesFromChildren (D:\projects\DATASTRUICTURE-VISUALIZER\node_modules\react-router\lib\components.tsx:515:20)
    at renderWithHooks (D:\projects\DATASTRUICTURE-VISUALIZER\node_modules\react-dom\cjs\react-dom.development.js:15486:18)
    at mountIndeterminateComponent (D:\projects\DATASTRUICTURE-VISUALIZER\node_modules\react-dom\cjs\react-dom.development.js:20103:13)
    at beginWork (D:\projects\DATASTRUICTURE-VISUALIZER\node_modules\react-dom\cjs\react-dom.development.js:21626:16)
    at beginWork$1 (D:\projects\DATASTRUICTURE-VISUALIZER\node_modules\react-dom\cjs\react-dom.development.js:27465:14)
    at performUnitOfWork (D:\projects\DATASTRUICTURE-VISUALIZER\node_modules\react-dom\cjs\react-dom.development.js:26599:12)
    at workLoopSync (D:\projects\DATASTRUICTURE-VISUALIZER\node_modules\react-dom\cjs\react-dom.development.js:26505:5)
    at renderRootSync (D:\projects\DATASTRUICTURE-VISUALIZER\node_modules\react-dom\cjs\react-dom.development.js:26473:7)
    at recoverFromConcurrentError (D:\projects\DATASTRUICTURE-VISUALIZER\node_modules\react-dom\cjs\react-dom.development.js:25889:20)
    at performConcurrentWorkOnRoot (D:\projects\DATASTRUICTURE-VISUALIZER\node_modules\react-dom\cjs\react-dom.development.js:25789:22)
    at flushActQueue (D:\projects\DATASTRUICTURE-VISUALIZER\node_modules\react\cjs\react.development.js:2667:24)
    at act (D:\projects\DATASTRUICTURE-VISUALIZER\node_modules\react\cjs\react.development.js:2582:11)
    at D:\projects\DATASTRUICTURE-VISUALIZER\node_modules\@testing-library\react\dist\act-compat.js:47:25
    at renderRoot (D:\projects\DATASTRUICTURE-VISUALIZER\node_modules\@testing-library\react\dist\pure.js:190:26)
    at render (D:\projects\DATASTRUICTURE-VISUALIZER\node_modules\@testing-library\react\dist\pure.js:292:10)
    at customRender (D:\projects\DATASTRUICTURE-VISUALIZER\src\test-utils\index.tsx:24:12)
    at Object.&lt;anonymous&gt; (D:\projects\DATASTRUICTURE-VISUALIZER\src\App.test.tsx:32:11)
    at Promise.finally.completed (D:\projects\DATASTRUICTURE-VISUALIZER\node_modules\jest-circus\build\jestAdapterInit.js:1559:28)
    at new Promise (&lt;anonymous&gt;)
    at callAsyncCircusFn (D:\projects\DATASTRUICTURE-VISUALIZER\node_modules\jest-circus\build\jestAdapterInit.js:1499:10)
    at _callCircusTest (D:\projects\DATASTRUICTURE-VISUALIZER\node_modules\jest-circus\build\jestAdapterInit.js:1009:40)
    at processTicksAndRejections (node:internal/process/task_queues:105:5)
    at _runTest (D:\projects\DATASTRUICTURE-VISUALIZER\node_modules\jest-circus\build\jestAdapterInit.js:949:3)
    at _runTestsForDescribeBlock (D:\projects\DATASTRUICTURE-VISUALIZER\node_modules\jest-circus\build\jestAdapterInit.js:839:13)
    at _runTestsForDescribeBlock (D:\projects\DATASTRUICTURE-VISUALIZER\node_modules\jest-circus\build\jestAdapterInit.js:829:11)
    at run (D:\projects\DATASTRUICTURE-VISUALIZER\node_modules\jest-circus\build\jestAdapterInit.js:757:3)
    at runAndTransformResultsToJestFormat (D:\projects\DATASTRUICTURE-VISUALIZER\node_modules\jest-circus\build\jestAdapterInit.js:1920:21)
    at jestAdapter (D:\projects\DATASTRUICTURE-VISUALIZER\node_modules\jest-circus\build\runner.js:101:19)
    at runTestInternal (D:\projects\DATASTRUICTURE-VISUALIZER\node_modules\jest-runner\build\testWorker.js:275:16)
    at runTest (D:\projects\DATASTRUICTURE-VISUALIZER\node_modules\jest-runner\build\testWorker.js:343:7)
    at Object.worker (D:\projects\DATASTRUICTURE-VISUALIZER\node_modules\jest-runner\build\testWorker.js:497:12)</failure>
    </testcase>
    <testcase classname="App Component renders sidebar navigation" name="App Component renders sidebar navigation" time="0.375">
      <failure>TypeError: Cannot read properties of undefined (reading &apos;name&apos;)
    at name (D:\projects\DATASTRUICTURE-VISUALIZER\node_modules\react-router\lib\components.tsx:698:72)
    at D:\projects\DATASTRUICTURE-VISUALIZER\node_modules\react\cjs\react.development.js:1195:17
    at D:\projects\DATASTRUICTURE-VISUALIZER\node_modules\react\cjs\react.development.js:1158:17
    at mapIntoArray (D:\projects\DATASTRUICTURE-VISUALIZER\node_modules\react\cjs\react.development.js:1049:23)
    at mapIntoArray (D:\projects\DATASTRUICTURE-VISUALIZER\node_modules\react\cjs\react.development.js:1099:23)
    at mapChildren (D:\projects\DATASTRUICTURE-VISUALIZER\node_modules\react\cjs\react.development.js:1157:3)
    at Object.forEachChildren [as forEach] (D:\projects\DATASTRUICTURE-VISUALIZER\node_modules\react\cjs\react.development.js:1194:3)
    at forEach (D:\projects\DATASTRUICTURE-VISUALIZER\node_modules\react-router\lib\components.tsx:677:18)
    at createRoutesFromChildren (D:\projects\DATASTRUICTURE-VISUALIZER\node_modules\react-router\lib\components.tsx:515:20)
    at renderWithHooks (D:\projects\DATASTRUICTURE-VISUALIZER\node_modules\react-dom\cjs\react-dom.development.js:15486:18)
    at mountIndeterminateComponent (D:\projects\DATASTRUICTURE-VISUALIZER\node_modules\react-dom\cjs\react-dom.development.js:20103:13)
    at beginWork (D:\projects\DATASTRUICTURE-VISUALIZER\node_modules\react-dom\cjs\react-dom.development.js:21626:16)
    at beginWork$1 (D:\projects\DATASTRUICTURE-VISUALIZER\node_modules\react-dom\cjs\react-dom.development.js:27465:14)
    at performUnitOfWork (D:\projects\DATASTRUICTURE-VISUALIZER\node_modules\react-dom\cjs\react-dom.development.js:26599:12)
    at workLoopSync (D:\projects\DATASTRUICTURE-VISUALIZER\node_modules\react-dom\cjs\react-dom.development.js:26505:5)
    at renderRootSync (D:\projects\DATASTRUICTURE-VISUALIZER\node_modules\react-dom\cjs\react-dom.development.js:26473:7)
    at recoverFromConcurrentError (D:\projects\DATASTRUICTURE-VISUALIZER\node_modules\react-dom\cjs\react-dom.development.js:25889:20)
    at performConcurrentWorkOnRoot (D:\projects\DATASTRUICTURE-VISUALIZER\node_modules\react-dom\cjs\react-dom.development.js:25789:22)
    at flushActQueue (D:\projects\DATASTRUICTURE-VISUALIZER\node_modules\react\cjs\react.development.js:2667:24)
    at act (D:\projects\DATASTRUICTURE-VISUALIZER\node_modules\react\cjs\react.development.js:2582:11)
    at D:\projects\DATASTRUICTURE-VISUALIZER\node_modules\@testing-library\react\dist\act-compat.js:47:25
    at renderRoot (D:\projects\DATASTRUICTURE-VISUALIZER\node_modules\@testing-library\react\dist\pure.js:190:26)
    at render (D:\projects\DATASTRUICTURE-VISUALIZER\node_modules\@testing-library\react\dist\pure.js:292:10)
    at customRender (D:\projects\DATASTRUICTURE-VISUALIZER\src\test-utils\index.tsx:24:12)
    at Object.&lt;anonymous&gt; (D:\projects\DATASTRUICTURE-VISUALIZER\src\App.test.tsx:38:11)
    at Promise.finally.completed (D:\projects\DATASTRUICTURE-VISUALIZER\node_modules\jest-circus\build\jestAdapterInit.js:1559:28)
    at new Promise (&lt;anonymous&gt;)
    at callAsyncCircusFn (D:\projects\DATASTRUICTURE-VISUALIZER\node_modules\jest-circus\build\jestAdapterInit.js:1499:10)
    at _callCircusTest (D:\projects\DATASTRUICTURE-VISUALIZER\node_modules\jest-circus\build\jestAdapterInit.js:1009:40)
    at processTicksAndRejections (node:internal/process/task_queues:105:5)
    at _runTest (D:\projects\DATASTRUICTURE-VISUALIZER\node_modules\jest-circus\build\jestAdapterInit.js:949:3)
    at _runTestsForDescribeBlock (D:\projects\DATASTRUICTURE-VISUALIZER\node_modules\jest-circus\build\jestAdapterInit.js:839:13)
    at _runTestsForDescribeBlock (D:\projects\DATASTRUICTURE-VISUALIZER\node_modules\jest-circus\build\jestAdapterInit.js:829:11)
    at run (D:\projects\DATASTRUICTURE-VISUALIZER\node_modules\jest-circus\build\jestAdapterInit.js:757:3)
    at runAndTransformResultsToJestFormat (D:\projects\DATASTRUICTURE-VISUALIZER\node_modules\jest-circus\build\jestAdapterInit.js:1920:21)
    at jestAdapter (D:\projects\DATASTRUICTURE-VISUALIZER\node_modules\jest-circus\build\runner.js:101:19)
    at runTestInternal (D:\projects\DATASTRUICTURE-VISUALIZER\node_modules\jest-runner\build\testWorker.js:275:16)
    at runTest (D:\projects\DATASTRUICTURE-VISUALIZER\node_modules\jest-runner\build\testWorker.js:343:7)
    at Object.worker (D:\projects\DATASTRUICTURE-VISUALIZER\node_modules\jest-runner\build\testWorker.js:497:12)</failure>
    </testcase>
    <testcase classname="App Component renders footer" name="App Component renders footer" time="0.351">
      <failure>TypeError: Cannot read properties of undefined (reading &apos;name&apos;)
    at name (D:\projects\DATASTRUICTURE-VISUALIZER\node_modules\react-router\lib\components.tsx:698:72)
    at D:\projects\DATASTRUICTURE-VISUALIZER\node_modules\react\cjs\react.development.js:1195:17
    at D:\projects\DATASTRUICTURE-VISUALIZER\node_modules\react\cjs\react.development.js:1158:17
    at mapIntoArray (D:\projects\DATASTRUICTURE-VISUALIZER\node_modules\react\cjs\react.development.js:1049:23)
    at mapIntoArray (D:\projects\DATASTRUICTURE-VISUALIZER\node_modules\react\cjs\react.development.js:1099:23)
    at mapChildren (D:\projects\DATASTRUICTURE-VISUALIZER\node_modules\react\cjs\react.development.js:1157:3)
    at Object.forEachChildren [as forEach] (D:\projects\DATASTRUICTURE-VISUALIZER\node_modules\react\cjs\react.development.js:1194:3)
    at forEach (D:\projects\DATASTRUICTURE-VISUALIZER\node_modules\react-router\lib\components.tsx:677:18)
    at createRoutesFromChildren (D:\projects\DATASTRUICTURE-VISUALIZER\node_modules\react-router\lib\components.tsx:515:20)
    at renderWithHooks (D:\projects\DATASTRUICTURE-VISUALIZER\node_modules\react-dom\cjs\react-dom.development.js:15486:18)
    at mountIndeterminateComponent (D:\projects\DATASTRUICTURE-VISUALIZER\node_modules\react-dom\cjs\react-dom.development.js:20103:13)
    at beginWork (D:\projects\DATASTRUICTURE-VISUALIZER\node_modules\react-dom\cjs\react-dom.development.js:21626:16)
    at beginWork$1 (D:\projects\DATASTRUICTURE-VISUALIZER\node_modules\react-dom\cjs\react-dom.development.js:27465:14)
    at performUnitOfWork (D:\projects\DATASTRUICTURE-VISUALIZER\node_modules\react-dom\cjs\react-dom.development.js:26599:12)
    at workLoopSync (D:\projects\DATASTRUICTURE-VISUALIZER\node_modules\react-dom\cjs\react-dom.development.js:26505:5)
    at renderRootSync (D:\projects\DATASTRUICTURE-VISUALIZER\node_modules\react-dom\cjs\react-dom.development.js:26473:7)
    at recoverFromConcurrentError (D:\projects\DATASTRUICTURE-VISUALIZER\node_modules\react-dom\cjs\react-dom.development.js:25889:20)
    at performConcurrentWorkOnRoot (D:\projects\DATASTRUICTURE-VISUALIZER\node_modules\react-dom\cjs\react-dom.development.js:25789:22)
    at flushActQueue (D:\projects\DATASTRUICTURE-VISUALIZER\node_modules\react\cjs\react.development.js:2667:24)
    at act (D:\projects\DATASTRUICTURE-VISUALIZER\node_modules\react\cjs\react.development.js:2582:11)
    at D:\projects\DATASTRUICTURE-VISUALIZER\node_modules\@testing-library\react\dist\act-compat.js:47:25
    at renderRoot (D:\projects\DATASTRUICTURE-VISUALIZER\node_modules\@testing-library\react\dist\pure.js:190:26)
    at render (D:\projects\DATASTRUICTURE-VISUALIZER\node_modules\@testing-library\react\dist\pure.js:292:10)
    at customRender (D:\projects\DATASTRUICTURE-VISUALIZER\src\test-utils\index.tsx:24:12)
    at Object.&lt;anonymous&gt; (D:\projects\DATASTRUICTURE-VISUALIZER\src\App.test.tsx:44:11)
    at Promise.finally.completed (D:\projects\DATASTRUICTURE-VISUALIZER\node_modules\jest-circus\build\jestAdapterInit.js:1559:28)
    at new Promise (&lt;anonymous&gt;)
    at callAsyncCircusFn (D:\projects\DATASTRUICTURE-VISUALIZER\node_modules\jest-circus\build\jestAdapterInit.js:1499:10)
    at _callCircusTest (D:\projects\DATASTRUICTURE-VISUALIZER\node_modules\jest-circus\build\jestAdapterInit.js:1009:40)
    at processTicksAndRejections (node:internal/process/task_queues:105:5)
    at _runTest (D:\projects\DATASTRUICTURE-VISUALIZER\node_modules\jest-circus\build\jestAdapterInit.js:949:3)
    at _runTestsForDescribeBlock (D:\projects\DATASTRUICTURE-VISUALIZER\node_modules\jest-circus\build\jestAdapterInit.js:839:13)
    at _runTestsForDescribeBlock (D:\projects\DATASTRUICTURE-VISUALIZER\node_modules\jest-circus\build\jestAdapterInit.js:829:11)
    at run (D:\projects\DATASTRUICTURE-VISUALIZER\node_modules\jest-circus\build\jestAdapterInit.js:757:3)
    at runAndTransformResultsToJestFormat (D:\projects\DATASTRUICTURE-VISUALIZER\node_modules\jest-circus\build\jestAdapterInit.js:1920:21)
    at jestAdapter (D:\projects\DATASTRUICTURE-VISUALIZER\node_modules\jest-circus\build\runner.js:101:19)
    at runTestInternal (D:\projects\DATASTRUICTURE-VISUALIZER\node_modules\jest-runner\build\testWorker.js:275:16)
    at runTest (D:\projects\DATASTRUICTURE-VISUALIZER\node_modules\jest-runner\build\testWorker.js:343:7)
    at Object.worker (D:\projects\DATASTRUICTURE-VISUALIZER\node_modules\jest-runner\build\testWorker.js:497:12)</failure>
    </testcase>
    <testcase classname="App Component has theme toggle functionality" name="App Component has theme toggle functionality" time="0.372">
      <failure>TypeError: Cannot read properties of undefined (reading &apos;name&apos;)
    at name (D:\projects\DATASTRUICTURE-VISUALIZER\node_modules\react-router\lib\components.tsx:698:72)
    at D:\projects\DATASTRUICTURE-VISUALIZER\node_modules\react\cjs\react.development.js:1195:17
    at D:\projects\DATASTRUICTURE-VISUALIZER\node_modules\react\cjs\react.development.js:1158:17
    at mapIntoArray (D:\projects\DATASTRUICTURE-VISUALIZER\node_modules\react\cjs\react.development.js:1049:23)
    at mapIntoArray (D:\projects\DATASTRUICTURE-VISUALIZER\node_modules\react\cjs\react.development.js:1099:23)
    at mapChildren (D:\projects\DATASTRUICTURE-VISUALIZER\node_modules\react\cjs\react.development.js:1157:3)
    at Object.forEachChildren [as forEach] (D:\projects\DATASTRUICTURE-VISUALIZER\node_modules\react\cjs\react.development.js:1194:3)
    at forEach (D:\projects\DATASTRUICTURE-VISUALIZER\node_modules\react-router\lib\components.tsx:677:18)
    at createRoutesFromChildren (D:\projects\DATASTRUICTURE-VISUALIZER\node_modules\react-router\lib\components.tsx:515:20)
    at renderWithHooks (D:\projects\DATASTRUICTURE-VISUALIZER\node_modules\react-dom\cjs\react-dom.development.js:15486:18)
    at mountIndeterminateComponent (D:\projects\DATASTRUICTURE-VISUALIZER\node_modules\react-dom\cjs\react-dom.development.js:20103:13)
    at beginWork (D:\projects\DATASTRUICTURE-VISUALIZER\node_modules\react-dom\cjs\react-dom.development.js:21626:16)
    at beginWork$1 (D:\projects\DATASTRUICTURE-VISUALIZER\node_modules\react-dom\cjs\react-dom.development.js:27465:14)
    at performUnitOfWork (D:\projects\DATASTRUICTURE-VISUALIZER\node_modules\react-dom\cjs\react-dom.development.js:26599:12)
    at workLoopSync (D:\projects\DATASTRUICTURE-VISUALIZER\node_modules\react-dom\cjs\react-dom.development.js:26505:5)
    at renderRootSync (D:\projects\DATASTRUICTURE-VISUALIZER\node_modules\react-dom\cjs\react-dom.development.js:26473:7)
    at recoverFromConcurrentError (D:\projects\DATASTRUICTURE-VISUALIZER\node_modules\react-dom\cjs\react-dom.development.js:25889:20)
    at performConcurrentWorkOnRoot (D:\projects\DATASTRUICTURE-VISUALIZER\node_modules\react-dom\cjs\react-dom.development.js:25789:22)
    at flushActQueue (D:\projects\DATASTRUICTURE-VISUALIZER\node_modules\react\cjs\react.development.js:2667:24)
    at act (D:\projects\DATASTRUICTURE-VISUALIZER\node_modules\react\cjs\react.development.js:2582:11)
    at D:\projects\DATASTRUICTURE-VISUALIZER\node_modules\@testing-library\react\dist\act-compat.js:47:25
    at renderRoot (D:\projects\DATASTRUICTURE-VISUALIZER\node_modules\@testing-library\react\dist\pure.js:190:26)
    at render (D:\projects\DATASTRUICTURE-VISUALIZER\node_modules\@testing-library\react\dist\pure.js:292:10)
    at customRender (D:\projects\DATASTRUICTURE-VISUALIZER\src\test-utils\index.tsx:24:12)
    at Object.&lt;anonymous&gt; (D:\projects\DATASTRUICTURE-VISUALIZER\src\App.test.tsx:50:11)
    at Promise.finally.completed (D:\projects\DATASTRUICTURE-VISUALIZER\node_modules\jest-circus\build\jestAdapterInit.js:1559:28)
    at new Promise (&lt;anonymous&gt;)
    at callAsyncCircusFn (D:\projects\DATASTRUICTURE-VISUALIZER\node_modules\jest-circus\build\jestAdapterInit.js:1499:10)
    at _callCircusTest (D:\projects\DATASTRUICTURE-VISUALIZER\node_modules\jest-circus\build\jestAdapterInit.js:1009:40)
    at processTicksAndRejections (node:internal/process/task_queues:105:5)
    at _runTest (D:\projects\DATASTRUICTURE-VISUALIZER\node_modules\jest-circus\build\jestAdapterInit.js:949:3)
    at _runTestsForDescribeBlock (D:\projects\DATASTRUICTURE-VISUALIZER\node_modules\jest-circus\build\jestAdapterInit.js:839:13)
    at _runTestsForDescribeBlock (D:\projects\DATASTRUICTURE-VISUALIZER\node_modules\jest-circus\build\jestAdapterInit.js:829:11)
    at run (D:\projects\DATASTRUICTURE-VISUALIZER\node_modules\jest-circus\build\jestAdapterInit.js:757:3)
    at runAndTransformResultsToJestFormat (D:\projects\DATASTRUICTURE-VISUALIZER\node_modules\jest-circus\build\jestAdapterInit.js:1920:21)
    at jestAdapter (D:\projects\DATASTRUICTURE-VISUALIZER\node_modules\jest-circus\build\runner.js:101:19)
    at runTestInternal (D:\projects\DATASTRUICTURE-VISUALIZER\node_modules\jest-runner\build\testWorker.js:275:16)
    at runTest (D:\projects\DATASTRUICTURE-VISUALIZER\node_modules\jest-runner\build\testWorker.js:343:7)
    at Object.worker (D:\projects\DATASTRUICTURE-VISUALIZER\node_modules\jest-runner\build\testWorker.js:497:12)</failure>
    </testcase>
    <testcase classname="App Component has github link" name="App Component has github link" time="0.385">
      <failure>TypeError: Cannot read properties of undefined (reading &apos;name&apos;)
    at name (D:\projects\DATASTRUICTURE-VISUALIZER\node_modules\react-router\lib\components.tsx:698:72)
    at D:\projects\DATASTRUICTURE-VISUALIZER\node_modules\react\cjs\react.development.js:1195:17
    at D:\projects\DATASTRUICTURE-VISUALIZER\node_modules\react\cjs\react.development.js:1158:17
    at mapIntoArray (D:\projects\DATASTRUICTURE-VISUALIZER\node_modules\react\cjs\react.development.js:1049:23)
    at mapIntoArray (D:\projects\DATASTRUICTURE-VISUALIZER\node_modules\react\cjs\react.development.js:1099:23)
    at mapChildren (D:\projects\DATASTRUICTURE-VISUALIZER\node_modules\react\cjs\react.development.js:1157:3)
    at Object.forEachChildren [as forEach] (D:\projects\DATASTRUICTURE-VISUALIZER\node_modules\react\cjs\react.development.js:1194:3)
    at forEach (D:\projects\DATASTRUICTURE-VISUALIZER\node_modules\react-router\lib\components.tsx:677:18)
    at createRoutesFromChildren (D:\projects\DATASTRUICTURE-VISUALIZER\node_modules\react-router\lib\components.tsx:515:20)
    at renderWithHooks (D:\projects\DATASTRUICTURE-VISUALIZER\node_modules\react-dom\cjs\react-dom.development.js:15486:18)
    at mountIndeterminateComponent (D:\projects\DATASTRUICTURE-VISUALIZER\node_modules\react-dom\cjs\react-dom.development.js:20103:13)
    at beginWork (D:\projects\DATASTRUICTURE-VISUALIZER\node_modules\react-dom\cjs\react-dom.development.js:21626:16)
    at beginWork$1 (D:\projects\DATASTRUICTURE-VISUALIZER\node_modules\react-dom\cjs\react-dom.development.js:27465:14)
    at performUnitOfWork (D:\projects\DATASTRUICTURE-VISUALIZER\node_modules\react-dom\cjs\react-dom.development.js:26599:12)
    at workLoopSync (D:\projects\DATASTRUICTURE-VISUALIZER\node_modules\react-dom\cjs\react-dom.development.js:26505:5)
    at renderRootSync (D:\projects\DATASTRUICTURE-VISUALIZER\node_modules\react-dom\cjs\react-dom.development.js:26473:7)
    at recoverFromConcurrentError (D:\projects\DATASTRUICTURE-VISUALIZER\node_modules\react-dom\cjs\react-dom.development.js:25889:20)
    at performConcurrentWorkOnRoot (D:\projects\DATASTRUICTURE-VISUALIZER\node_modules\react-dom\cjs\react-dom.development.js:25789:22)
    at flushActQueue (D:\projects\DATASTRUICTURE-VISUALIZER\node_modules\react\cjs\react.development.js:2667:24)
    at act (D:\projects\DATASTRUICTURE-VISUALIZER\node_modules\react\cjs\react.development.js:2582:11)
    at D:\projects\DATASTRUICTURE-VISUALIZER\node_modules\@testing-library\react\dist\act-compat.js:47:25
    at renderRoot (D:\projects\DATASTRUICTURE-VISUALIZER\node_modules\@testing-library\react\dist\pure.js:190:26)
    at render (D:\projects\DATASTRUICTURE-VISUALIZER\node_modules\@testing-library\react\dist\pure.js:292:10)
    at customRender (D:\projects\DATASTRUICTURE-VISUALIZER\src\test-utils\index.tsx:24:12)
    at Object.&lt;anonymous&gt; (D:\projects\DATASTRUICTURE-VISUALIZER\src\App.test.tsx:56:11)
    at Promise.finally.completed (D:\projects\DATASTRUICTURE-VISUALIZER\node_modules\jest-circus\build\jestAdapterInit.js:1559:28)
    at new Promise (&lt;anonymous&gt;)
    at callAsyncCircusFn (D:\projects\DATASTRUICTURE-VISUALIZER\node_modules\jest-circus\build\jestAdapterInit.js:1499:10)
    at _callCircusTest (D:\projects\DATASTRUICTURE-VISUALIZER\node_modules\jest-circus\build\jestAdapterInit.js:1009:40)
    at processTicksAndRejections (node:internal/process/task_queues:105:5)
    at _runTest (D:\projects\DATASTRUICTURE-VISUALIZER\node_modules\jest-circus\build\jestAdapterInit.js:949:3)
    at _runTestsForDescribeBlock (D:\projects\DATASTRUICTURE-VISUALIZER\node_modules\jest-circus\build\jestAdapterInit.js:839:13)
    at _runTestsForDescribeBlock (D:\projects\DATASTRUICTURE-VISUALIZER\node_modules\jest-circus\build\jestAdapterInit.js:829:11)
    at run (D:\projects\DATASTRUICTURE-VISUALIZER\node_modules\jest-circus\build\jestAdapterInit.js:757:3)
    at runAndTransformResultsToJestFormat (D:\projects\DATASTRUICTURE-VISUALIZER\node_modules\jest-circus\build\jestAdapterInit.js:1920:21)
    at jestAdapter (D:\projects\DATASTRUICTURE-VISUALIZER\node_modules\jest-circus\build\runner.js:101:19)
    at runTestInternal (D:\projects\DATASTRUICTURE-VISUALIZER\node_modules\jest-runner\build\testWorker.js:275:16)
    at runTest (D:\projects\DATASTRUICTURE-VISUALIZER\node_modules\jest-runner\build\testWorker.js:343:7)
    at Object.worker (D:\projects\DATASTRUICTURE-VISUALIZER\node_modules\jest-runner\build\testWorker.js:497:12)</failure>
    </testcase>
    <testcase classname="App Component applies proper styling and layout" name="App Component applies proper styling and layout" time="0.374">
      <failure>TypeError: Cannot read properties of undefined (reading &apos;name&apos;)
    at name (D:\projects\DATASTRUICTURE-VISUALIZER\node_modules\react-router\lib\components.tsx:698:72)
    at D:\projects\DATASTRUICTURE-VISUALIZER\node_modules\react\cjs\react.development.js:1195:17
    at D:\projects\DATASTRUICTURE-VISUALIZER\node_modules\react\cjs\react.development.js:1158:17
    at mapIntoArray (D:\projects\DATASTRUICTURE-VISUALIZER\node_modules\react\cjs\react.development.js:1049:23)
    at mapIntoArray (D:\projects\DATASTRUICTURE-VISUALIZER\node_modules\react\cjs\react.development.js:1099:23)
    at mapChildren (D:\projects\DATASTRUICTURE-VISUALIZER\node_modules\react\cjs\react.development.js:1157:3)
    at Object.forEachChildren [as forEach] (D:\projects\DATASTRUICTURE-VISUALIZER\node_modules\react\cjs\react.development.js:1194:3)
    at forEach (D:\projects\DATASTRUICTURE-VISUALIZER\node_modules\react-router\lib\components.tsx:677:18)
    at createRoutesFromChildren (D:\projects\DATASTRUICTURE-VISUALIZER\node_modules\react-router\lib\components.tsx:515:20)
    at renderWithHooks (D:\projects\DATASTRUICTURE-VISUALIZER\node_modules\react-dom\cjs\react-dom.development.js:15486:18)
    at mountIndeterminateComponent (D:\projects\DATASTRUICTURE-VISUALIZER\node_modules\react-dom\cjs\react-dom.development.js:20103:13)
    at beginWork (D:\projects\DATASTRUICTURE-VISUALIZER\node_modules\react-dom\cjs\react-dom.development.js:21626:16)
    at beginWork$1 (D:\projects\DATASTRUICTURE-VISUALIZER\node_modules\react-dom\cjs\react-dom.development.js:27465:14)
    at performUnitOfWork (D:\projects\DATASTRUICTURE-VISUALIZER\node_modules\react-dom\cjs\react-dom.development.js:26599:12)
    at workLoopSync (D:\projects\DATASTRUICTURE-VISUALIZER\node_modules\react-dom\cjs\react-dom.development.js:26505:5)
    at renderRootSync (D:\projects\DATASTRUICTURE-VISUALIZER\node_modules\react-dom\cjs\react-dom.development.js:26473:7)
    at recoverFromConcurrentError (D:\projects\DATASTRUICTURE-VISUALIZER\node_modules\react-dom\cjs\react-dom.development.js:25889:20)
    at performConcurrentWorkOnRoot (D:\projects\DATASTRUICTURE-VISUALIZER\node_modules\react-dom\cjs\react-dom.development.js:25789:22)
    at flushActQueue (D:\projects\DATASTRUICTURE-VISUALIZER\node_modules\react\cjs\react.development.js:2667:24)
    at act (D:\projects\DATASTRUICTURE-VISUALIZER\node_modules\react\cjs\react.development.js:2582:11)
    at D:\projects\DATASTRUICTURE-VISUALIZER\node_modules\@testing-library\react\dist\act-compat.js:47:25
    at renderRoot (D:\projects\DATASTRUICTURE-VISUALIZER\node_modules\@testing-library\react\dist\pure.js:190:26)
    at render (D:\projects\DATASTRUICTURE-VISUALIZER\node_modules\@testing-library\react\dist\pure.js:292:10)
    at customRender (D:\projects\DATASTRUICTURE-VISUALIZER\src\test-utils\index.tsx:24:12)
    at Object.&lt;anonymous&gt; (D:\projects\DATASTRUICTURE-VISUALIZER\src\App.test.tsx:63:11)
    at Promise.finally.completed (D:\projects\DATASTRUICTURE-VISUALIZER\node_modules\jest-circus\build\jestAdapterInit.js:1559:28)
    at new Promise (&lt;anonymous&gt;)
    at callAsyncCircusFn (D:\projects\DATASTRUICTURE-VISUALIZER\node_modules\jest-circus\build\jestAdapterInit.js:1499:10)
    at _callCircusTest (D:\projects\DATASTRUICTURE-VISUALIZER\node_modules\jest-circus\build\jestAdapterInit.js:1009:40)
    at processTicksAndRejections (node:internal/process/task_queues:105:5)
    at _runTest (D:\projects\DATASTRUICTURE-VISUALIZER\node_modules\jest-circus\build\jestAdapterInit.js:949:3)
    at _runTestsForDescribeBlock (D:\projects\DATASTRUICTURE-VISUALIZER\node_modules\jest-circus\build\jestAdapterInit.js:839:13)
    at _runTestsForDescribeBlock (D:\projects\DATASTRUICTURE-VISUALIZER\node_modules\jest-circus\build\jestAdapterInit.js:829:11)
    at run (D:\projects\DATASTRUICTURE-VISUALIZER\node_modules\jest-circus\build\jestAdapterInit.js:757:3)
    at runAndTransformResultsToJestFormat (D:\projects\DATASTRUICTURE-VISUALIZER\node_modules\jest-circus\build\jestAdapterInit.js:1920:21)
    at jestAdapter (D:\projects\DATASTRUICTURE-VISUALIZER\node_modules\jest-circus\build\runner.js:101:19)
    at runTestInternal (D:\projects\DATASTRUICTURE-VISUALIZER\node_modules\jest-runner\build\testWorker.js:275:16)
    at runTest (D:\projects\DATASTRUICTURE-VISUALIZER\node_modules\jest-runner\build\testWorker.js:343:7)
    at Object.worker (D:\projects\DATASTRUICTURE-VISUALIZER\node_modules\jest-runner\build\testWorker.js:497:12)</failure>
    </testcase>
  </testsuite>
  <testsuite name="ArrayControls Component" errors="0" failures="7" skipped="0" timestamp="2025-08-12T02:40:18" time="11.33" tests="17">
    <testcase classname="ArrayControls Component renders all required elements" name="ArrayControls Component renders all required elements" time="0.332">
      <failure>TestingLibraryElementError: Found a label with the text of: /array size/i, however no form control was found associated to that label. Make sure you&apos;re using the &quot;for&quot; attribute or &quot;aria-labelledby&quot; attribute correctly.

Ignored nodes: comments, script, style
&lt;body
  class=&quot;light-mode&quot;
&gt;
  &lt;div&gt;
    &lt;div
      class=&quot;sc-bRKDuR eBrJZe&quot;
    &gt;
      &lt;div
        class=&quot;sc-ggWZvA cKQZXN&quot;
      &gt;
        &lt;label
          class=&quot;sc-dTvVRJ fFGaL&quot;
        &gt;
          Array Size:
        &lt;/label&gt;
        &lt;input
          class=&quot;sc-jwTyAe iDVusu&quot;
          max=&quot;100&quot;
          min=&quot;5&quot;
          type=&quot;number&quot;
          value=&quot;10&quot;
        /&gt;
        &lt;button
          class=&quot;sc-hvigdm sHbaw&quot;
        &gt;
          &lt;svg
            fill=&quot;none&quot;
            height=&quot;1em&quot;
            stroke=&quot;currentColor&quot;
            stroke-linecap=&quot;round&quot;
            stroke-linejoin=&quot;round&quot;
            stroke-width=&quot;2&quot;
            viewBox=&quot;0 0 24 24&quot;
            width=&quot;1em&quot;
            xmlns=&quot;http://www.w3.org/2000/svg&quot;
          &gt;
            &lt;polyline
              points=&quot;23 4 23 10 17 10&quot;
            /&gt;
            &lt;polyline
              points=&quot;1 20 1 14 7 14&quot;
            /&gt;
            &lt;path
              d=&quot;M3.51 9a9 9 0 0 1 14.85-3.36L23 10M1 14l4.64 4.36A9 9 0 0 0 20.49 15&quot;
            /&gt;
          &lt;/svg&gt;
           Random Array
        &lt;/button&gt;
      &lt;/div&gt;
      &lt;div
        class=&quot;sc-ggWZvA cKQZXN&quot;
      &gt;
        &lt;input
          class=&quot;sc-hjsuWn SkfBm&quot;
          placeholder=&quot;Custom array (comma-separated: 5,2,8,1,9...)&quot;
          type=&quot;text&quot;
          value=&quot;&quot;
        /&gt;
        &lt;button
          class=&quot;sc-hvigdm dXYDUt&quot;
        &gt;
          &lt;svg
            fill=&quot;none&quot;
            height=&quot;1em&quot;
            stroke=&quot;currentColor&quot;
            stroke-linecap=&quot;round&quot;
            stroke-linejoin=&quot;round&quot;
            stroke-width=&quot;2&quot;
            viewBox=&quot;0 0 24 24&quot;
            width=&quot;1em&quot;
            xmlns=&quot;http://www.w3.org/2000/svg&quot;
          &gt;
            &lt;line
              x1=&quot;12&quot;
              x2=&quot;12&quot;
              y1=&quot;5&quot;
              y2=&quot;19&quot;
            /&gt;
            &lt;line
              x1=&quot;5&quot;
              x2=&quot;19&quot;
              y1=&quot;12&quot;
              y2=&quot;12&quot;
            /&gt;
          &lt;/svg&gt;
           Apply
        &lt;/button&gt;
      &lt;/div&gt;
    &lt;/div&gt;
  &lt;/div&gt;
&lt;/body&gt;
    at Object.getElementError (D:\projects\DATASTRUICTURE-VISUALIZER\node_modules\@testing-library\dom\dist\config.js:37:19)
    at getAllByLabelText (D:\projects\DATASTRUICTURE-VISUALIZER\node_modules\@testing-library\dom\dist\queries\label-text.js:108:40)
    at D:\projects\DATASTRUICTURE-VISUALIZER\node_modules\@testing-library\dom\dist\query-helpers.js:52:17
    at D:\projects\DATASTRUICTURE-VISUALIZER\node_modules\@testing-library\dom\dist\query-helpers.js:95:19
    at Object.&lt;anonymous&gt; (D:\projects\DATASTRUICTURE-VISUALIZER\src\components\algorithms\ArrayControls.test.tsx:22:19)
    at Promise.finally.completed (D:\projects\DATASTRUICTURE-VISUALIZER\node_modules\jest-circus\build\jestAdapterInit.js:1559:28)
    at new Promise (&lt;anonymous&gt;)
    at callAsyncCircusFn (D:\projects\DATASTRUICTURE-VISUALIZER\node_modules\jest-circus\build\jestAdapterInit.js:1499:10)
    at _callCircusTest (D:\projects\DATASTRUICTURE-VISUALIZER\node_modules\jest-circus\build\jestAdapterInit.js:1009:40)
    at processTicksAndRejections (node:internal/process/task_queues:105:5)
    at _runTest (D:\projects\DATASTRUICTURE-VISUALIZER\node_modules\jest-circus\build\jestAdapterInit.js:949:3)
    at _runTestsForDescribeBlock (D:\projects\DATASTRUICTURE-VISUALIZER\node_modules\jest-circus\build\jestAdapterInit.js:839:13)
    at _runTestsForDescribeBlock (D:\projects\DATASTRUICTURE-VISUALIZER\node_modules\jest-circus\build\jestAdapterInit.js:829:11)
    at run (D:\projects\DATASTRUICTURE-VISUALIZER\node_modules\jest-circus\build\jestAdapterInit.js:757:3)
    at runAndTransformResultsToJestFormat (D:\projects\DATASTRUICTURE-VISUALIZER\node_modules\jest-circus\build\jestAdapterInit.js:1920:21)
    at jestAdapter (D:\projects\DATASTRUICTURE-VISUALIZER\node_modules\jest-circus\build\runner.js:101:19)
    at runTestInternal (D:\projects\DATASTRUICTURE-VISUALIZER\node_modules\jest-runner\build\testWorker.js:275:16)
    at runTest (D:\projects\DATASTRUICTURE-VISUALIZER\node_modules\jest-runner\build\testWorker.js:343:7)
    at Object.worker (D:\projects\DATASTRUICTURE-VISUALIZER\node_modules\jest-runner\build\testWorker.js:497:12)</failure>
    </testcase>
    <testcase classname="ArrayControls Component array size input has correct attributes" name="ArrayControls Component array size input has correct attributes" time="0.027">
      <failure>TestingLibraryElementError: Found a label with the text of: /array size/i, however no form control was found associated to that label. Make sure you&apos;re using the &quot;for&quot; attribute or &quot;aria-labelledby&quot; attribute correctly.

Ignored nodes: comments, script, style
&lt;body
  class=&quot;light-mode&quot;
&gt;
  &lt;div&gt;
    &lt;div
      class=&quot;sc-bRKDuR eBrJZe&quot;
    &gt;
      &lt;div
        class=&quot;sc-ggWZvA cKQZXN&quot;
      &gt;
        &lt;label
          class=&quot;sc-dTvVRJ fFGaL&quot;
        &gt;
          Array Size:
        &lt;/label&gt;
        &lt;input
          class=&quot;sc-jwTyAe iDVusu&quot;
          max=&quot;100&quot;
          min=&quot;5&quot;
          type=&quot;number&quot;
          value=&quot;10&quot;
        /&gt;
        &lt;button
          class=&quot;sc-hvigdm sHbaw&quot;
        &gt;
          &lt;svg
            fill=&quot;none&quot;
            height=&quot;1em&quot;
            stroke=&quot;currentColor&quot;
            stroke-linecap=&quot;round&quot;
            stroke-linejoin=&quot;round&quot;
            stroke-width=&quot;2&quot;
            viewBox=&quot;0 0 24 24&quot;
            width=&quot;1em&quot;
            xmlns=&quot;http://www.w3.org/2000/svg&quot;
          &gt;
            &lt;polyline
              points=&quot;23 4 23 10 17 10&quot;
            /&gt;
            &lt;polyline
              points=&quot;1 20 1 14 7 14&quot;
            /&gt;
            &lt;path
              d=&quot;M3.51 9a9 9 0 0 1 14.85-3.36L23 10M1 14l4.64 4.36A9 9 0 0 0 20.49 15&quot;
            /&gt;
          &lt;/svg&gt;
           Random Array
        &lt;/button&gt;
      &lt;/div&gt;
      &lt;div
        class=&quot;sc-ggWZvA cKQZXN&quot;
      &gt;
        &lt;input
          class=&quot;sc-hjsuWn SkfBm&quot;
          placeholder=&quot;Custom array (comma-separated: 5,2,8,1,9...)&quot;
          type=&quot;text&quot;
          value=&quot;&quot;
        /&gt;
        &lt;button
          class=&quot;sc-hvigdm dXYDUt&quot;
        &gt;
          &lt;svg
            fill=&quot;none&quot;
            height=&quot;1em&quot;
            stroke=&quot;currentColor&quot;
            stroke-linecap=&quot;round&quot;
            stroke-linejoin=&quot;round&quot;
            stroke-width=&quot;2&quot;
            viewBox=&quot;0 0 24 24&quot;
            width=&quot;1em&quot;
            xmlns=&quot;http://www.w3.org/2000/svg&quot;
          &gt;
            &lt;line
              x1=&quot;12&quot;
              x2=&quot;12&quot;
              y1=&quot;5&quot;
              y2=&quot;19&quot;
            /&gt;
            &lt;line
              x1=&quot;5&quot;
              x2=&quot;19&quot;
              y1=&quot;12&quot;
              y2=&quot;12&quot;
            /&gt;
          &lt;/svg&gt;
           Apply
        &lt;/button&gt;
      &lt;/div&gt;
    &lt;/div&gt;
  &lt;/div&gt;
&lt;/body&gt;
    at Object.getElementError (D:\projects\DATASTRUICTURE-VISUALIZER\node_modules\@testing-library\dom\dist\config.js:37:19)
    at getAllByLabelText (D:\projects\DATASTRUICTURE-VISUALIZER\node_modules\@testing-library\dom\dist\queries\label-text.js:108:40)
    at D:\projects\DATASTRUICTURE-VISUALIZER\node_modules\@testing-library\dom\dist\query-helpers.js:52:17
    at D:\projects\DATASTRUICTURE-VISUALIZER\node_modules\@testing-library\dom\dist\query-helpers.js:95:19
    at Object.&lt;anonymous&gt; (D:\projects\DATASTRUICTURE-VISUALIZER\src\components\algorithms\ArrayControls.test.tsx:32:30)
    at Promise.finally.completed (D:\projects\DATASTRUICTURE-VISUALIZER\node_modules\jest-circus\build\jestAdapterInit.js:1559:28)
    at new Promise (&lt;anonymous&gt;)
    at callAsyncCircusFn (D:\projects\DATASTRUICTURE-VISUALIZER\node_modules\jest-circus\build\jestAdapterInit.js:1499:10)
    at _callCircusTest (D:\projects\DATASTRUICTURE-VISUALIZER\node_modules\jest-circus\build\jestAdapterInit.js:1009:40)
    at processTicksAndRejections (node:internal/process/task_queues:105:5)
    at _runTest (D:\projects\DATASTRUICTURE-VISUALIZER\node_modules\jest-circus\build\jestAdapterInit.js:949:3)
    at _runTestsForDescribeBlock (D:\projects\DATASTRUICTURE-VISUALIZER\node_modules\jest-circus\build\jestAdapterInit.js:839:13)
    at _runTestsForDescribeBlock (D:\projects\DATASTRUICTURE-VISUALIZER\node_modules\jest-circus\build\jestAdapterInit.js:829:11)
    at run (D:\projects\DATASTRUICTURE-VISUALIZER\node_modules\jest-circus\build\jestAdapterInit.js:757:3)
    at runAndTransformResultsToJestFormat (D:\projects\DATASTRUICTURE-VISUALIZER\node_modules\jest-circus\build\jestAdapterInit.js:1920:21)
    at jestAdapter (D:\projects\DATASTRUICTURE-VISUALIZER\node_modules\jest-circus\build\runner.js:101:19)
    at runTestInternal (D:\projects\DATASTRUICTURE-VISUALIZER\node_modules\jest-runner\build\testWorker.js:275:16)
    at runTest (D:\projects\DATASTRUICTURE-VISUALIZER\node_modules\jest-runner\build\testWorker.js:343:7)
    at Object.worker (D:\projects\DATASTRUICTURE-VISUALIZER\node_modules\jest-runner\build\testWorker.js:497:12)</failure>
    </testcase>
    <testcase classname="ArrayControls Component calls onSizeChange when size input changes" name="ArrayControls Component calls onSizeChange when size input changes" time="0.02">
      <failure>TestingLibraryElementError: Found a label with the text of: /array size/i, however no form control was found associated to that label. Make sure you&apos;re using the &quot;for&quot; attribute or &quot;aria-labelledby&quot; attribute correctly.

Ignored nodes: comments, script, style
&lt;body
  class=&quot;light-mode&quot;
&gt;
  &lt;div&gt;
    &lt;div
      class=&quot;sc-bRKDuR eBrJZe&quot;
    &gt;
      &lt;div
        class=&quot;sc-ggWZvA cKQZXN&quot;
      &gt;
        &lt;label
          class=&quot;sc-dTvVRJ fFGaL&quot;
        &gt;
          Array Size:
        &lt;/label&gt;
        &lt;input
          class=&quot;sc-jwTyAe iDVusu&quot;
          max=&quot;100&quot;
          min=&quot;5&quot;
          type=&quot;number&quot;
          value=&quot;10&quot;
        /&gt;
        &lt;button
          class=&quot;sc-hvigdm sHbaw&quot;
        &gt;
          &lt;svg
            fill=&quot;none&quot;
            height=&quot;1em&quot;
            stroke=&quot;currentColor&quot;
            stroke-linecap=&quot;round&quot;
            stroke-linejoin=&quot;round&quot;
            stroke-width=&quot;2&quot;
            viewBox=&quot;0 0 24 24&quot;
            width=&quot;1em&quot;
            xmlns=&quot;http://www.w3.org/2000/svg&quot;
          &gt;
            &lt;polyline
              points=&quot;23 4 23 10 17 10&quot;
            /&gt;
            &lt;polyline
              points=&quot;1 20 1 14 7 14&quot;
            /&gt;
            &lt;path
              d=&quot;M3.51 9a9 9 0 0 1 14.85-3.36L23 10M1 14l4.64 4.36A9 9 0 0 0 20.49 15&quot;
            /&gt;
          &lt;/svg&gt;
           Random Array
        &lt;/button&gt;
      &lt;/div&gt;
      &lt;div
        class=&quot;sc-ggWZvA cKQZXN&quot;
      &gt;
        &lt;input
          class=&quot;sc-hjsuWn SkfBm&quot;
          placeholder=&quot;Custom array (comma-separated: 5,2,8,1,9...)&quot;
          type=&quot;text&quot;
          value=&quot;&quot;
        /&gt;
        &lt;button
          class=&quot;sc-hvigdm dXYDUt&quot;
        &gt;
          &lt;svg
            fill=&quot;none&quot;
            height=&quot;1em&quot;
            stroke=&quot;currentColor&quot;
            stroke-linecap=&quot;round&quot;
            stroke-linejoin=&quot;round&quot;
            stroke-width=&quot;2&quot;
            viewBox=&quot;0 0 24 24&quot;
            width=&quot;1em&quot;
            xmlns=&quot;http://www.w3.org/2000/svg&quot;
          &gt;
            &lt;line
              x1=&quot;12&quot;
              x2=&quot;12&quot;
              y1=&quot;5&quot;
              y2=&quot;19&quot;
            /&gt;
            &lt;line
              x1=&quot;5&quot;
              x2=&quot;19&quot;
              y1=&quot;12&quot;
              y2=&quot;12&quot;
            /&gt;
          &lt;/svg&gt;
           Apply
        &lt;/button&gt;
      &lt;/div&gt;
    &lt;/div&gt;
  &lt;/div&gt;
&lt;/body&gt;
    at Object.getElementError (D:\projects\DATASTRUICTURE-VISUALIZER\node_modules\@testing-library\dom\dist\config.js:37:19)
    at getAllByLabelText (D:\projects\DATASTRUICTURE-VISUALIZER\node_modules\@testing-library\dom\dist\queries\label-text.js:108:40)
    at D:\projects\DATASTRUICTURE-VISUALIZER\node_modules\@testing-library\dom\dist\query-helpers.js:52:17
    at D:\projects\DATASTRUICTURE-VISUALIZER\node_modules\@testing-library\dom\dist\query-helpers.js:95:19
    at D:\projects\DATASTRUICTURE-VISUALIZER\src\components\algorithms\ArrayControls.test.tsx:43:30
    at Generator.next (&lt;anonymous&gt;)
    at D:\projects\DATASTRUICTURE-VISUALIZER\src\components\algorithms\ArrayControls.test.tsx:8:71
    at new Promise (&lt;anonymous&gt;)
    at __awaiter (D:\projects\DATASTRUICTURE-VISUALIZER\src\components\algorithms\ArrayControls.test.tsx:4:12)
    at Object.&lt;anonymous&gt; (D:\projects\DATASTRUICTURE-VISUALIZER\src\components\algorithms\ArrayControls.test.tsx:39:65)
    at Promise.finally.completed (D:\projects\DATASTRUICTURE-VISUALIZER\node_modules\jest-circus\build\jestAdapterInit.js:1559:28)
    at new Promise (&lt;anonymous&gt;)
    at callAsyncCircusFn (D:\projects\DATASTRUICTURE-VISUALIZER\node_modules\jest-circus\build\jestAdapterInit.js:1499:10)
    at _callCircusTest (D:\projects\DATASTRUICTURE-VISUALIZER\node_modules\jest-circus\build\jestAdapterInit.js:1009:40)
    at processTicksAndRejections (node:internal/process/task_queues:105:5)
    at _runTest (D:\projects\DATASTRUICTURE-VISUALIZER\node_modules\jest-circus\build\jestAdapterInit.js:949:3)
    at _runTestsForDescribeBlock (D:\projects\DATASTRUICTURE-VISUALIZER\node_modules\jest-circus\build\jestAdapterInit.js:839:13)
    at _runTestsForDescribeBlock (D:\projects\DATASTRUICTURE-VISUALIZER\node_modules\jest-circus\build\jestAdapterInit.js:829:11)
    at run (D:\projects\DATASTRUICTURE-VISUALIZER\node_modules\jest-circus\build\jestAdapterInit.js:757:3)
    at runAndTransformResultsToJestFormat (D:\projects\DATASTRUICTURE-VISUALIZER\node_modules\jest-circus\build\jestAdapterInit.js:1920:21)
    at jestAdapter (D:\projects\DATASTRUICTURE-VISUALIZER\node_modules\jest-circus\build\runner.js:101:19)
    at runTestInternal (D:\projects\DATASTRUICTURE-VISUALIZER\node_modules\jest-runner\build\testWorker.js:275:16)
    at runTest (D:\projects\DATASTRUICTURE-VISUALIZER\node_modules\jest-runner\build\testWorker.js:343:7)
    at Object.worker (D:\projects\DATASTRUICTURE-VISUALIZER\node_modules\jest-runner\build\testWorker.js:497:12)</failure>
    </testcase>
    <testcase classname="ArrayControls Component does not call onSizeChange for invalid size values" name="ArrayControls Component does not call onSizeChange for invalid size values" time="0.015">
      <failure>TestingLibraryElementError: Found a label with the text of: /array size/i, however no form control was found associated to that label. Make sure you&apos;re using the &quot;for&quot; attribute or &quot;aria-labelledby&quot; attribute correctly.

Ignored nodes: comments, script, style
&lt;body
  class=&quot;light-mode&quot;
&gt;
  &lt;div&gt;
    &lt;div
      class=&quot;sc-bRKDuR eBrJZe&quot;
    &gt;
      &lt;div
        class=&quot;sc-ggWZvA cKQZXN&quot;
      &gt;
        &lt;label
          class=&quot;sc-dTvVRJ fFGaL&quot;
        &gt;
          Array Size:
        &lt;/label&gt;
        &lt;input
          class=&quot;sc-jwTyAe iDVusu&quot;
          max=&quot;100&quot;
          min=&quot;5&quot;
          type=&quot;number&quot;
          value=&quot;10&quot;
        /&gt;
        &lt;button
          class=&quot;sc-hvigdm sHbaw&quot;
        &gt;
          &lt;svg
            fill=&quot;none&quot;
            height=&quot;1em&quot;
            stroke=&quot;currentColor&quot;
            stroke-linecap=&quot;round&quot;
            stroke-linejoin=&quot;round&quot;
            stroke-width=&quot;2&quot;
            viewBox=&quot;0 0 24 24&quot;
            width=&quot;1em&quot;
            xmlns=&quot;http://www.w3.org/2000/svg&quot;
          &gt;
            &lt;polyline
              points=&quot;23 4 23 10 17 10&quot;
            /&gt;
            &lt;polyline
              points=&quot;1 20 1 14 7 14&quot;
            /&gt;
            &lt;path
              d=&quot;M3.51 9a9 9 0 0 1 14.85-3.36L23 10M1 14l4.64 4.36A9 9 0 0 0 20.49 15&quot;
            /&gt;
          &lt;/svg&gt;
           Random Array
        &lt;/button&gt;
      &lt;/div&gt;
      &lt;div
        class=&quot;sc-ggWZvA cKQZXN&quot;
      &gt;
        &lt;input
          class=&quot;sc-hjsuWn SkfBm&quot;
          placeholder=&quot;Custom array (comma-separated: 5,2,8,1,9...)&quot;
          type=&quot;text&quot;
          value=&quot;&quot;
        /&gt;
        &lt;button
          class=&quot;sc-hvigdm dXYDUt&quot;
        &gt;
          &lt;svg
            fill=&quot;none&quot;
            height=&quot;1em&quot;
            stroke=&quot;currentColor&quot;
            stroke-linecap=&quot;round&quot;
            stroke-linejoin=&quot;round&quot;
            stroke-width=&quot;2&quot;
            viewBox=&quot;0 0 24 24&quot;
            width=&quot;1em&quot;
            xmlns=&quot;http://www.w3.org/2000/svg&quot;
          &gt;
            &lt;line
              x1=&quot;12&quot;
              x2=&quot;12&quot;
              y1=&quot;5&quot;
              y2=&quot;19&quot;
            /&gt;
            &lt;line
              x1=&quot;5&quot;
              x2=&quot;19&quot;
              y1=&quot;12&quot;
              y2=&quot;12&quot;
            /&gt;
          &lt;/svg&gt;
           Apply
        &lt;/button&gt;
      &lt;/div&gt;
    &lt;/div&gt;
  &lt;/div&gt;
&lt;/body&gt;
    at Object.getElementError (D:\projects\DATASTRUICTURE-VISUALIZER\node_modules\@testing-library\dom\dist\config.js:37:19)
    at getAllByLabelText (D:\projects\DATASTRUICTURE-VISUALIZER\node_modules\@testing-library\dom\dist\queries\label-text.js:108:40)
    at D:\projects\DATASTRUICTURE-VISUALIZER\node_modules\@testing-library\dom\dist\query-helpers.js:52:17
    at D:\projects\DATASTRUICTURE-VISUALIZER\node_modules\@testing-library\dom\dist\query-helpers.js:95:19
    at D:\projects\DATASTRUICTURE-VISUALIZER\src\components\algorithms\ArrayControls.test.tsx:54:30
    at Generator.next (&lt;anonymous&gt;)
    at D:\projects\DATASTRUICTURE-VISUALIZER\src\components\algorithms\ArrayControls.test.tsx:8:71
    at new Promise (&lt;anonymous&gt;)
    at __awaiter (D:\projects\DATASTRUICTURE-VISUALIZER\src\components\algorithms\ArrayControls.test.tsx:4:12)
    at Object.&lt;anonymous&gt; (D:\projects\DATASTRUICTURE-VISUALIZER\src\components\algorithms\ArrayControls.test.tsx:50:73)
    at Promise.finally.completed (D:\projects\DATASTRUICTURE-VISUALIZER\node_modules\jest-circus\build\jestAdapterInit.js:1559:28)
    at new Promise (&lt;anonymous&gt;)
    at callAsyncCircusFn (D:\projects\DATASTRUICTURE-VISUALIZER\node_modules\jest-circus\build\jestAdapterInit.js:1499:10)
    at _callCircusTest (D:\projects\DATASTRUICTURE-VISUALIZER\node_modules\jest-circus\build\jestAdapterInit.js:1009:40)
    at processTicksAndRejections (node:internal/process/task_queues:105:5)
    at _runTest (D:\projects\DATASTRUICTURE-VISUALIZER\node_modules\jest-circus\build\jestAdapterInit.js:949:3)
    at _runTestsForDescribeBlock (D:\projects\DATASTRUICTURE-VISUALIZER\node_modules\jest-circus\build\jestAdapterInit.js:839:13)
    at _runTestsForDescribeBlock (D:\projects\DATASTRUICTURE-VISUALIZER\node_modules\jest-circus\build\jestAdapterInit.js:829:11)
    at run (D:\projects\DATASTRUICTURE-VISUALIZER\node_modules\jest-circus\build\jestAdapterInit.js:757:3)
    at runAndTransformResultsToJestFormat (D:\projects\DATASTRUICTURE-VISUALIZER\node_modules\jest-circus\build\jestAdapterInit.js:1920:21)
    at jestAdapter (D:\projects\DATASTRUICTURE-VISUALIZER\node_modules\jest-circus\build\runner.js:101:19)
    at runTestInternal (D:\projects\DATASTRUICTURE-VISUALIZER\node_modules\jest-runner\build\testWorker.js:275:16)
    at runTest (D:\projects\DATASTRUICTURE-VISUALIZER\node_modules\jest-runner\build\testWorker.js:343:7)
    at Object.worker (D:\projects\DATASTRUICTURE-VISUALIZER\node_modules\jest-runner\build\testWorker.js:497:12)</failure>
    </testcase>
    <testcase classname="ArrayControls Component calls onGenerateRandom when random array button is clicked" name="ArrayControls Component calls onGenerateRandom when random array button is clicked" time="0.177">
    </testcase>
    <testcase classname="ArrayControls Component processes valid custom array input correctly" name="ArrayControls Component processes valid custom array input correctly" time="0.347">
    </testcase>
    <testcase classname="ArrayControls Component handles custom array input with spaces correctly" name="ArrayControls Component handles custom array input with spaces correctly" time="0.451">
    </testcase>
    <testcase classname="ArrayControls Component shows error for non-numeric values in custom array" name="ArrayControls Component shows error for non-numeric values in custom array" time="0.316">
    </testcase>
    <testcase classname="ArrayControls Component shows error for values outside allowed range" name="ArrayControls Component shows error for values outside allowed range" time="0.3">
    </testcase>
    <testcase classname="ArrayControls Component shows error for array too short" name="ArrayControls Component shows error for array too short" time="0.22">
    </testcase>
    <testcase classname="ArrayControls Component shows error for array too long" name="ArrayControls Component shows error for array too long" time="5.618">
      <failure>TestingLibraryElementError: Unable to find an element with the text: Array length must be between 5 and 100. This could be because the text is broken up by multiple elements. In this case, you can provide a function for your text matcher to make your matcher more flexible.

Ignored nodes: comments, script, style
&lt;body
  class=&quot;light-mode&quot;
&gt;
  &lt;div&gt;
    &lt;div
      class=&quot;sc-bRKDuR eBrJZe&quot;
    &gt;
      &lt;div
        class=&quot;sc-ggWZvA cKQZXN&quot;
      &gt;
        &lt;label
          class=&quot;sc-dTvVRJ fFGaL&quot;
        &gt;
          Array Size:
        &lt;/label&gt;
        &lt;input
          class=&quot;sc-jwTyAe iDVusu&quot;
          max=&quot;100&quot;
          min=&quot;5&quot;
          type=&quot;number&quot;
          value=&quot;10&quot;
        /&gt;
        &lt;button
          class=&quot;sc-hvigdm sHbaw&quot;
        &gt;
          &lt;svg
            fill=&quot;none&quot;
            height=&quot;1em&quot;
            stroke=&quot;currentColor&quot;
            stroke-linecap=&quot;round&quot;
            stroke-linejoin=&quot;round&quot;
            stroke-width=&quot;2&quot;
            viewBox=&quot;0 0 24 24&quot;
            width=&quot;1em&quot;
            xmlns=&quot;http://www.w3.org/2000/svg&quot;
          &gt;
            &lt;polyline
              points=&quot;23 4 23 10 17 10&quot;
            /&gt;
            &lt;polyline
              points=&quot;1 20 1 14 7 14&quot;
            /&gt;
            &lt;path
              d=&quot;M3.51 9a9 9 0 0 1 14.85-3.36L23 10M1 14l4.64 4.36A9 9 0 0 0 20.49 15&quot;
            /&gt;
          &lt;/svg&gt;
           Random Array
        &lt;/button&gt;
      &lt;/div&gt;
      &lt;div
        class=&quot;sc-ggWZvA cKQZXN&quot;
      &gt;
        &lt;input
          class=&quot;sc-hjsuWn SkfBm&quot;
          placeholder=&quot;Custom array (comma-separated: 5,2,8,1,9...)&quot;
          type=&quot;text&quot;
          value=&quot;1,2,3,4,5,6,7,8,9,10,11,12,13,14,15,16,17,18,19,20,21,22,23,24,25,26,27,28,29,30,31,32,33,34,35,36,37,38,39,40,41,42,43,44,45,46,47,48,49,50,51,52,53,54,55,56,57,58,59,60,61,62,63,64,65,66,67,68,69,70,71,72,73,74,75,76,77,78,79,80,81,82,83,84,85,86,87,88,89,90,91,92,93,94,95,96,97,98,99,100,101&quot;
        /&gt;
        &lt;button
          class=&quot;sc-hvigdm dXYDUt&quot;
        &gt;
          &lt;svg
            fill=&quot;none&quot;
            height=&quot;1em&quot;
            stroke=&quot;currentColor&quot;
            stroke-linecap=&quot;round&quot;
            stroke-linejoin=&quot;round&quot;
            stroke-width=&quot;2&quot;
            viewBox=&quot;0 0 24 24&quot;
            width=&quot;1em&quot;
            xmlns=&quot;http://www.w3.org/2000/svg&quot;
          &gt;
            &lt;line
              x1=&quot;12&quot;
              x2=&quot;12&quot;
              y1=&quot;5&quot;
              y2=&quot;19&quot;
            /&gt;
            &lt;line
              x1=&quot;5&quot;
              x2=&quot;19&quot;
              y1=&quot;12&quot;
              y2=&quot;12&quot;
            /&gt;
          &lt;/svg&gt;
           Apply
        &lt;/button&gt;
      &lt;/div&gt;
      &lt;div
        class=&quot;sc-jJLAfE celfsW&quot;
      &gt;
        Values must be between 1 and 100
      &lt;/div&gt;
    &lt;/div&gt;
  &lt;/div&gt;
&lt;/body&gt;
    at Object.getElementError (D:\projects\DATASTRUICTURE-VISUALIZER\node_modules\@testing-library\dom\dist\config.js:37:19)
    at D:\projects\DATASTRUICTURE-VISUALIZER\node_modules\@testing-library\dom\dist\query-helpers.js:76:38
    at D:\projects\DATASTRUICTURE-VISUALIZER\node_modules\@testing-library\dom\dist\query-helpers.js:52:17
    at D:\projects\DATASTRUICTURE-VISUALIZER\node_modules\@testing-library\dom\dist\query-helpers.js:95:19
    at D:\projects\DATASTRUICTURE-VISUALIZER\src\components\algorithms\ArrayControls.test.tsx:158:19
    at Generator.next (&lt;anonymous&gt;)
    at fulfilled (D:\projects\DATASTRUICTURE-VISUALIZER\src\components\algorithms\ArrayControls.test.tsx:5:58)</failure>
    </testcase>
    <testcase classname="ArrayControls Component clears error when valid input is provided after invalid" name="ArrayControls Component clears error when valid input is provided after invalid" time="0.57">
    </testcase>
    <testcase classname="ArrayControls Component disables controls when disabled prop is true" name="ArrayControls Component disables controls when disabled prop is true" time="0.007">
      <failure>TestingLibraryElementError: Found a label with the text of: /array size/i, however no form control was found associated to that label. Make sure you&apos;re using the &quot;for&quot; attribute or &quot;aria-labelledby&quot; attribute correctly.

Ignored nodes: comments, script, style
&lt;body
  class=&quot;light-mode&quot;
&gt;
  &lt;div&gt;
    &lt;div
      class=&quot;sc-bRKDuR eBrJZe&quot;
    &gt;
      &lt;div
        class=&quot;sc-ggWZvA cKQZXN&quot;
      &gt;
        &lt;label
          class=&quot;sc-dTvVRJ fFGaL&quot;
        &gt;
          Array Size:
        &lt;/label&gt;
        &lt;input
          class=&quot;sc-jwTyAe iDVusu&quot;
          disabled=&quot;&quot;
          max=&quot;100&quot;
          min=&quot;5&quot;
          type=&quot;number&quot;
          value=&quot;10&quot;
        /&gt;
        &lt;button
          class=&quot;sc-hvigdm sHbaw&quot;
          disabled=&quot;&quot;
        &gt;
          &lt;svg
            fill=&quot;none&quot;
            height=&quot;1em&quot;
            stroke=&quot;currentColor&quot;
            stroke-linecap=&quot;round&quot;
            stroke-linejoin=&quot;round&quot;
            stroke-width=&quot;2&quot;
            viewBox=&quot;0 0 24 24&quot;
            width=&quot;1em&quot;
            xmlns=&quot;http://www.w3.org/2000/svg&quot;
          &gt;
            &lt;polyline
              points=&quot;23 4 23 10 17 10&quot;
            /&gt;
            &lt;polyline
              points=&quot;1 20 1 14 7 14&quot;
            /&gt;
            &lt;path
              d=&quot;M3.51 9a9 9 0 0 1 14.85-3.36L23 10M1 14l4.64 4.36A9 9 0 0 0 20.49 15&quot;
            /&gt;
          &lt;/svg&gt;
           Random Array
        &lt;/button&gt;
      &lt;/div&gt;
      &lt;div
        class=&quot;sc-ggWZvA cKQZXN&quot;
      &gt;
        &lt;input
          class=&quot;sc-hjsuWn SkfBm&quot;
          disabled=&quot;&quot;
          placeholder=&quot;Custom array (comma-separated: 5,2,8,1,9...)&quot;
          type=&quot;text&quot;
          value=&quot;&quot;
        /&gt;
        &lt;button
          class=&quot;sc-hvigdm dXYDUt&quot;
          disabled=&quot;&quot;
        &gt;
          &lt;svg
            fill=&quot;none&quot;
            height=&quot;1em&quot;
            stroke=&quot;currentColor&quot;
            stroke-linecap=&quot;round&quot;
            stroke-linejoin=&quot;round&quot;
            stroke-width=&quot;2&quot;
            viewBox=&quot;0 0 24 24&quot;
            width=&quot;1em&quot;
            xmlns=&quot;http://www.w3.org/2000/svg&quot;
          &gt;
            &lt;line
              x1=&quot;12&quot;
              x2=&quot;12&quot;
              y1=&quot;5&quot;
              y2=&quot;19&quot;
            /&gt;
            &lt;line
              x1=&quot;5&quot;
              x2=&quot;19&quot;
              y1=&quot;12&quot;
              y2=&quot;12&quot;
            /&gt;
          &lt;/svg&gt;
           Apply
        &lt;/button&gt;
      &lt;/div&gt;
    &lt;/div&gt;
  &lt;/div&gt;
&lt;/body&gt;
    at Object.getElementError (D:\projects\DATASTRUICTURE-VISUALIZER\node_modules\@testing-library\dom\dist\config.js:37:19)
    at getAllByLabelText (D:\projects\DATASTRUICTURE-VISUALIZER\node_modules\@testing-library\dom\dist\queries\label-text.js:108:40)
    at D:\projects\DATASTRUICTURE-VISUALIZER\node_modules\@testing-library\dom\dist\query-helpers.js:52:17
    at D:\projects\DATASTRUICTURE-VISUALIZER\node_modules\@testing-library\dom\dist\query-helpers.js:95:19
    at Object.&lt;anonymous&gt; (D:\projects\DATASTRUICTURE-VISUALIZER\src\components\algorithms\ArrayControls.test.tsx:186:19)
    at Promise.finally.completed (D:\projects\DATASTRUICTURE-VISUALIZER\node_modules\jest-circus\build\jestAdapterInit.js:1559:28)
    at new Promise (&lt;anonymous&gt;)
    at callAsyncCircusFn (D:\projects\DATASTRUICTURE-VISUALIZER\node_modules\jest-circus\build\jestAdapterInit.js:1499:10)
    at _callCircusTest (D:\projects\DATASTRUICTURE-VISUALIZER\node_modules\jest-circus\build\jestAdapterInit.js:1009:40)
    at _runTest (D:\projects\DATASTRUICTURE-VISUALIZER\node_modules\jest-circus\build\jestAdapterInit.js:949:3)
    at _runTestsForDescribeBlock (D:\projects\DATASTRUICTURE-VISUALIZER\node_modules\jest-circus\build\jestAdapterInit.js:839:13)
    at _runTestsForDescribeBlock (D:\projects\DATASTRUICTURE-VISUALIZER\node_modules\jest-circus\build\jestAdapterInit.js:829:11)
    at run (D:\projects\DATASTRUICTURE-VISUALIZER\node_modules\jest-circus\build\jestAdapterInit.js:757:3)
    at runAndTransformResultsToJestFormat (D:\projects\DATASTRUICTURE-VISUALIZER\node_modules\jest-circus\build\jestAdapterInit.js:1920:21)
    at jestAdapter (D:\projects\DATASTRUICTURE-VISUALIZER\node_modules\jest-circus\build\runner.js:101:19)
    at runTestInternal (D:\projects\DATASTRUICTURE-VISUALIZER\node_modules\jest-runner\build\testWorker.js:275:16)
    at runTest (D:\projects\DATASTRUICTURE-VISUALIZER\node_modules\jest-runner\build\testWorker.js:343:7)
    at Object.worker (D:\projects\DATASTRUICTURE-VISUALIZER\node_modules\jest-runner\build\testWorker.js:497:12)</failure>
    </testcase>
    <testcase classname="ArrayControls Component uses custom maxValue prop correctly" name="ArrayControls Component uses custom maxValue prop correctly" time="0.294">
    </testcase>
    <testcase classname="ArrayControls Component handles edge case of zero value" name="ArrayControls Component handles edge case of zero value" time="0.237">
    </testcase>
    <testcase classname="ArrayControls Component keyboard navigation works correctly" name="ArrayControls Component keyboard navigation works correctly" time="0.049">
      <failure>TestingLibraryElementError: Found a label with the text of: /array size/i, however no form control was found associated to that label. Make sure you&apos;re using the &quot;for&quot; attribute or &quot;aria-labelledby&quot; attribute correctly.

Ignored nodes: comments, script, style
&lt;body
  class=&quot;light-mode&quot;
&gt;
  &lt;div&gt;
    &lt;div
      class=&quot;sc-bRKDuR eBrJZe&quot;
    &gt;
      &lt;div
        class=&quot;sc-ggWZvA cKQZXN&quot;
      &gt;
        &lt;label
          class=&quot;sc-dTvVRJ fFGaL&quot;
        &gt;
          Array Size:
        &lt;/label&gt;
        &lt;input
          class=&quot;sc-jwTyAe iDVusu&quot;
          max=&quot;100&quot;
          min=&quot;5&quot;
          type=&quot;number&quot;
          value=&quot;10&quot;
        /&gt;
        &lt;button
          class=&quot;sc-hvigdm sHbaw&quot;
        &gt;
          &lt;svg
            fill=&quot;none&quot;
            height=&quot;1em&quot;
            stroke=&quot;currentColor&quot;
            stroke-linecap=&quot;round&quot;
            stroke-linejoin=&quot;round&quot;
            stroke-width=&quot;2&quot;
            viewBox=&quot;0 0 24 24&quot;
            width=&quot;1em&quot;
            xmlns=&quot;http://www.w3.org/2000/svg&quot;
          &gt;
            &lt;polyline
              points=&quot;23 4 23 10 17 10&quot;
            /&gt;
            &lt;polyline
              points=&quot;1 20 1 14 7 14&quot;
            /&gt;
            &lt;path
              d=&quot;M3.51 9a9 9 0 0 1 14.85-3.36L23 10M1 14l4.64 4.36A9 9 0 0 0 20.49 15&quot;
            /&gt;
          &lt;/svg&gt;
           Random Array
        &lt;/button&gt;
      &lt;/div&gt;
      &lt;div
        class=&quot;sc-ggWZvA cKQZXN&quot;
      &gt;
        &lt;input
          class=&quot;sc-hjsuWn SkfBm&quot;
          placeholder=&quot;Custom array (comma-separated: 5,2,8,1,9...)&quot;
          type=&quot;text&quot;
          value=&quot;&quot;
        /&gt;
        &lt;button
          class=&quot;sc-hvigdm dXYDUt&quot;
        &gt;
          &lt;svg
            fill=&quot;none&quot;
            height=&quot;1em&quot;
            stroke=&quot;currentColor&quot;
            stroke-linecap=&quot;round&quot;
            stroke-linejoin=&quot;round&quot;
            stroke-width=&quot;2&quot;
            viewBox=&quot;0 0 24 24&quot;
            width=&quot;1em&quot;
            xmlns=&quot;http://www.w3.org/2000/svg&quot;
          &gt;
            &lt;line
              x1=&quot;12&quot;
              x2=&quot;12&quot;
              y1=&quot;5&quot;
              y2=&quot;19&quot;
            /&gt;
            &lt;line
              x1=&quot;5&quot;
              x2=&quot;19&quot;
              y1=&quot;12&quot;
              y2=&quot;12&quot;
            /&gt;
          &lt;/svg&gt;
           Apply
        &lt;/button&gt;
      &lt;/div&gt;
    &lt;/div&gt;
  &lt;/div&gt;
&lt;/body&gt;
    at Object.getElementError (D:\projects\DATASTRUICTURE-VISUALIZER\node_modules\@testing-library\dom\dist\config.js:37:19)
    at getAllByLabelText (D:\projects\DATASTRUICTURE-VISUALIZER\node_modules\@testing-library\dom\dist\queries\label-text.js:108:40)
    at D:\projects\DATASTRUICTURE-VISUALIZER\node_modules\@testing-library\dom\dist\query-helpers.js:52:17
    at D:\projects\DATASTRUICTURE-VISUALIZER\node_modules\@testing-library\dom\dist\query-helpers.js:95:19
    at D:\projects\DATASTRUICTURE-VISUALIZER\src\components\algorithms\ArrayControls.test.tsx:226:19
    at Generator.next (&lt;anonymous&gt;)
    at fulfilled (D:\projects\DATASTRUICTURE-VISUALIZER\src\components\algorithms\ArrayControls.test.tsx:5:58)</failure>
    </testcase>
    <testcase classname="ArrayControls Component Enter key submits custom array" name="ArrayControls Component Enter key submits custom array" time="0.252">
    </testcase>
  </testsuite>
</testsuites>